CRITICAL - 2022-09-22 12:31:21 --> Undefined variable: organizador
in APPPATH\Views\cadastrados.php on line 18.
 1 APPPATH\Views\cadastrados.php(18): CodeIgniter\Debug\Exceptions->errorHandler(8, 'Undefined variable: organizador', 'APPPATH\\Views\\cadastrados.php', 18, [])
 2 SYSTEMPATH\View\View.php(213): include('APPPATH\\Views\\cadastrados.php')
 3 SYSTEMPATH\View\View.php(216): CodeIgniter\View\View->CodeIgniter\View\{closure}()
 4 SYSTEMPATH\Common.php(1142): CodeIgniter\View\View->render('cadastrados', [], true)
 5 APPPATH\Controllers\Main.php(70): view('cadastrados')
 6 SYSTEMPATH\CodeIgniter.php(907): App\Controllers\Main->cadastrados()
 7 SYSTEMPATH\CodeIgniter.php(457): CodeIgniter\CodeIgniter->runController(Object(App\Controllers\Main))
 8 SYSTEMPATH\CodeIgniter.php(340): CodeIgniter\CodeIgniter->handleRequest(null, Object(Config\Cache), false)
 9 FCPATH\index.php(67): CodeIgniter\CodeIgniter->run()
CRITICAL - 2022-09-22 12:33:53 --> Undefined variable: organizadores
in APPPATH\Views\cadastrados.php on line 16.
 1 APPPATH\Views\cadastrados.php(16): CodeIgniter\Debug\Exceptions->errorHandler(8, 'Undefined variable: organizadores', 'APPPATH\\Views\\cadastrados.php', 16, [])
 2 SYSTEMPATH\View\View.php(213): include('APPPATH\\Views\\cadastrados.php')
 3 SYSTEMPATH\View\View.php(216): CodeIgniter\View\View->CodeIgniter\View\{closure}()
 4 SYSTEMPATH\Common.php(1142): CodeIgniter\View\View->render('cadastrados', [], true)
 5 APPPATH\Controllers\Main.php(70): view('cadastrados')
 6 SYSTEMPATH\CodeIgniter.php(907): App\Controllers\Main->cadastrados()
 7 SYSTEMPATH\CodeIgniter.php(457): CodeIgniter\CodeIgniter->runController(Object(App\Controllers\Main))
 8 SYSTEMPATH\CodeIgniter.php(340): CodeIgniter\CodeIgniter->handleRequest(null, Object(Config\Cache), false)
 9 FCPATH\index.php(67): CodeIgniter\CodeIgniter->run()
CRITICAL - 2022-09-22 12:34:48 --> Undefined variable: organizadores
in APPPATH\Views\cadastrados.php on line 16.
 1 APPPATH\Views\cadastrados.php(16): CodeIgniter\Debug\Exceptions->errorHandler(8, 'Undefined variable: organizadores', 'APPPATH\\Views\\cadastrados.php', 16, [])
 2 SYSTEMPATH\View\View.php(213): include('APPPATH\\Views\\cadastrados.php')
 3 SYSTEMPATH\View\View.php(216): CodeIgniter\View\View->CodeIgniter\View\{closure}()
 4 SYSTEMPATH\Common.php(1142): CodeIgniter\View\View->render('cadastrados', [], true)
 5 APPPATH\Controllers\Main.php(70): view('cadastrados')
 6 SYSTEMPATH\CodeIgniter.php(907): App\Controllers\Main->cadastrados()
 7 SYSTEMPATH\CodeIgniter.php(457): CodeIgniter\CodeIgniter->runController(Object(App\Controllers\Main))
 8 SYSTEMPATH\CodeIgniter.php(340): CodeIgniter\CodeIgniter->handleRequest(null, Object(Config\Cache), false)
 9 FCPATH\index.php(67): CodeIgniter\CodeIgniter->run()
CRITICAL - 2022-09-22 12:34:50 --> Undefined variable: organizadores
in APPPATH\Views\cadastrados.php on line 16.
 1 APPPATH\Views\cadastrados.php(16): CodeIgniter\Debug\Exceptions->errorHandler(8, 'Undefined variable: organizadores', 'APPPATH\\Views\\cadastrados.php', 16, [])
 2 SYSTEMPATH\View\View.php(213): include('APPPATH\\Views\\cadastrados.php')
 3 SYSTEMPATH\View\View.php(216): CodeIgniter\View\View->CodeIgniter\View\{closure}()
 4 SYSTEMPATH\Common.php(1142): CodeIgniter\View\View->render('cadastrados', [], true)
 5 APPPATH\Controllers\Main.php(70): view('cadastrados')
 6 SYSTEMPATH\CodeIgniter.php(907): App\Controllers\Main->cadastrados()
 7 SYSTEMPATH\CodeIgniter.php(457): CodeIgniter\CodeIgniter->runController(Object(App\Controllers\Main))
 8 SYSTEMPATH\CodeIgniter.php(340): CodeIgniter\CodeIgniter->handleRequest(null, Object(Config\Cache), false)
 9 FCPATH\index.php(67): CodeIgniter\CodeIgniter->run()
CRITICAL - 2022-09-22 12:34:50 --> Undefined variable: organizadores
in APPPATH\Views\cadastrados.php on line 16.
 1 APPPATH\Views\cadastrados.php(16): CodeIgniter\Debug\Exceptions->errorHandler(8, 'Undefined variable: organizadores', 'APPPATH\\Views\\cadastrados.php', 16, [])
 2 SYSTEMPATH\View\View.php(213): include('APPPATH\\Views\\cadastrados.php')
 3 SYSTEMPATH\View\View.php(216): CodeIgniter\View\View->CodeIgniter\View\{closure}()
 4 SYSTEMPATH\Common.php(1142): CodeIgniter\View\View->render('cadastrados', [], true)
 5 APPPATH\Controllers\Main.php(70): view('cadastrados')
 6 SYSTEMPATH\CodeIgniter.php(907): App\Controllers\Main->cadastrados()
 7 SYSTEMPATH\CodeIgniter.php(457): CodeIgniter\CodeIgniter->runController(Object(App\Controllers\Main))
 8 SYSTEMPATH\CodeIgniter.php(340): CodeIgniter\CodeIgniter->handleRequest(null, Object(Config\Cache), false)
 9 FCPATH\index.php(67): CodeIgniter\CodeIgniter->run()
CRITICAL - 2022-09-22 12:34:50 --> Undefined variable: organizadores
in APPPATH\Views\cadastrados.php on line 16.
 1 APPPATH\Views\cadastrados.php(16): CodeIgniter\Debug\Exceptions->errorHandler(8, 'Undefined variable: organizadores', 'APPPATH\\Views\\cadastrados.php', 16, [])
 2 SYSTEMPATH\View\View.php(213): include('APPPATH\\Views\\cadastrados.php')
 3 SYSTEMPATH\View\View.php(216): CodeIgniter\View\View->CodeIgniter\View\{closure}()
 4 SYSTEMPATH\Common.php(1142): CodeIgniter\View\View->render('cadastrados', [], true)
 5 APPPATH\Controllers\Main.php(70): view('cadastrados')
 6 SYSTEMPATH\CodeIgniter.php(907): App\Controllers\Main->cadastrados()
 7 SYSTEMPATH\CodeIgniter.php(457): CodeIgniter\CodeIgniter->runController(Object(App\Controllers\Main))
 8 SYSTEMPATH\CodeIgniter.php(340): CodeIgniter\CodeIgniter->handleRequest(null, Object(Config\Cache), false)
 9 FCPATH\index.php(67): CodeIgniter\CodeIgniter->run()
CRITICAL - 2022-09-22 12:34:50 --> Undefined variable: organizadores
in APPPATH\Views\cadastrados.php on line 16.
 1 APPPATH\Views\cadastrados.php(16): CodeIgniter\Debug\Exceptions->errorHandler(8, 'Undefined variable: organizadores', 'APPPATH\\Views\\cadastrados.php', 16, [])
 2 SYSTEMPATH\View\View.php(213): include('APPPATH\\Views\\cadastrados.php')
 3 SYSTEMPATH\View\View.php(216): CodeIgniter\View\View->CodeIgniter\View\{closure}()
 4 SYSTEMPATH\Common.php(1142): CodeIgniter\View\View->render('cadastrados', [], true)
 5 APPPATH\Controllers\Main.php(70): view('cadastrados')
 6 SYSTEMPATH\CodeIgniter.php(907): App\Controllers\Main->cadastrados()
 7 SYSTEMPATH\CodeIgniter.php(457): CodeIgniter\CodeIgniter->runController(Object(App\Controllers\Main))
 8 SYSTEMPATH\CodeIgniter.php(340): CodeIgniter\CodeIgniter->handleRequest(null, Object(Config\Cache), false)
 9 FCPATH\index.php(67): CodeIgniter\CodeIgniter->run()
CRITICAL - 2022-09-22 12:35:53 --> Undefined variable: variaveis
in APPPATH\Controllers\Main.php on line 70.
 1 APPPATH\Controllers\Main.php(70): CodeIgniter\Debug\Exceptions->errorHandler(8, 'Undefined variable: variaveis', 'APPPATH\\Controllers\\Main.php', 70, [])
 2 SYSTEMPATH\CodeIgniter.php(907): App\Controllers\Main->cadastrados()
 3 SYSTEMPATH\CodeIgniter.php(457): CodeIgniter\CodeIgniter->runController(Object(App\Controllers\Main))
 4 SYSTEMPATH\CodeIgniter.php(340): CodeIgniter\CodeIgniter->handleRequest(null, Object(Config\Cache), false)
 5 FCPATH\index.php(67): CodeIgniter\CodeIgniter->run()
CRITICAL - 2022-09-22 12:35:53 --> Undefined variable: variaveis
in APPPATH\Controllers\Main.php on line 70.
 1 APPPATH\Controllers\Main.php(70): CodeIgniter\Debug\Exceptions->errorHandler(8, 'Undefined variable: variaveis', 'APPPATH\\Controllers\\Main.php', 70, [])
 2 SYSTEMPATH\CodeIgniter.php(907): App\Controllers\Main->cadastrados()
 3 SYSTEMPATH\CodeIgniter.php(457): CodeIgniter\CodeIgniter->runController(Object(App\Controllers\Main))
 4 SYSTEMPATH\CodeIgniter.php(340): CodeIgniter\CodeIgniter->handleRequest(null, Object(Config\Cache), false)
 5 FCPATH\index.php(67): CodeIgniter\CodeIgniter->run()
CRITICAL - 2022-09-22 12:35:54 --> Undefined variable: variaveis
in APPPATH\Controllers\Main.php on line 70.
 1 APPPATH\Controllers\Main.php(70): CodeIgniter\Debug\Exceptions->errorHandler(8, 'Undefined variable: variaveis', 'APPPATH\\Controllers\\Main.php', 70, [])
 2 SYSTEMPATH\CodeIgniter.php(907): App\Controllers\Main->cadastrados()
 3 SYSTEMPATH\CodeIgniter.php(457): CodeIgniter\CodeIgniter->runController(Object(App\Controllers\Main))
 4 SYSTEMPATH\CodeIgniter.php(340): CodeIgniter\CodeIgniter->handleRequest(null, Object(Config\Cache), false)
 5 FCPATH\index.php(67): CodeIgniter\CodeIgniter->run()
CRITICAL - 2022-09-22 12:36:19 --> Undefined property: App\Controllers\Main::$variaveis
in APPPATH\Controllers\Main.php on line 70.
 1 APPPATH\Controllers\Main.php(70): CodeIgniter\Debug\Exceptions->errorHandler(8, 'Undefined property: App\\Controllers\\Main::$variaveis', 'APPPATH\\Controllers\\Main.php', 70, [])
 2 SYSTEMPATH\CodeIgniter.php(907): App\Controllers\Main->cadastrados()
 3 SYSTEMPATH\CodeIgniter.php(457): CodeIgniter\CodeIgniter->runController(Object(App\Controllers\Main))
 4 SYSTEMPATH\CodeIgniter.php(340): CodeIgniter\CodeIgniter->handleRequest(null, Object(Config\Cache), false)
 5 FCPATH\index.php(67): CodeIgniter\CodeIgniter->run()
CRITICAL - 2022-09-22 12:36:20 --> Undefined property: App\Controllers\Main::$variaveis
in APPPATH\Controllers\Main.php on line 70.
 1 APPPATH\Controllers\Main.php(70): CodeIgniter\Debug\Exceptions->errorHandler(8, 'Undefined property: App\\Controllers\\Main::$variaveis', 'APPPATH\\Controllers\\Main.php', 70, [])
 2 SYSTEMPATH\CodeIgniter.php(907): App\Controllers\Main->cadastrados()
 3 SYSTEMPATH\CodeIgniter.php(457): CodeIgniter\CodeIgniter->runController(Object(App\Controllers\Main))
 4 SYSTEMPATH\CodeIgniter.php(340): CodeIgniter\CodeIgniter->handleRequest(null, Object(Config\Cache), false)
 5 FCPATH\index.php(67): CodeIgniter\CodeIgniter->run()
CRITICAL - 2022-09-22 12:36:28 --> syntax error, unexpected '=>' (T_DOUBLE_ARROW), expecting ')'
in APPPATH\Controllers\Main.php on line 70.
 1 SYSTEMPATH\Router\Router.php(499): CodeIgniter\Router\AutoRouter->getRoute('Main/cadastrados')
 2 SYSTEMPATH\Router\Router.php(205): CodeIgniter\Router\Router->autoRoute('Main/cadastrados')
 3 SYSTEMPATH\CodeIgniter.php(782): CodeIgniter\Router\Router->handle('Main/cadastrados')
 4 SYSTEMPATH\CodeIgniter.php(406): CodeIgniter\CodeIgniter->tryToRouteIt(Object(CodeIgniter\Router\RouteCollection))
 5 SYSTEMPATH\CodeIgniter.php(340): CodeIgniter\CodeIgniter->handleRequest(null, Object(Config\Cache), false)
 6 FCPATH\index.php(67): CodeIgniter\CodeIgniter->run()
CRITICAL - 2022-09-22 12:36:42 --> Undefined variable: organizadores
in APPPATH\Views\cadastrados.php on line 16.
 1 APPPATH\Views\cadastrados.php(16): CodeIgniter\Debug\Exceptions->errorHandler(8, 'Undefined variable: organizadores', 'APPPATH\\Views\\cadastrados.php', 16, [])
 2 SYSTEMPATH\View\View.php(213): include('APPPATH\\Views\\cadastrados.php')
 3 SYSTEMPATH\View\View.php(216): CodeIgniter\View\View->CodeIgniter\View\{closure}()
 4 SYSTEMPATH\Common.php(1142): CodeIgniter\View\View->render('cadastrados', [], true)
 5 APPPATH\Controllers\Main.php(70): view('cadastrados')
 6 SYSTEMPATH\CodeIgniter.php(907): App\Controllers\Main->cadastrados()
 7 SYSTEMPATH\CodeIgniter.php(457): CodeIgniter\CodeIgniter->runController(Object(App\Controllers\Main))
 8 SYSTEMPATH\CodeIgniter.php(340): CodeIgniter\CodeIgniter->handleRequest(null, Object(Config\Cache), false)
 9 FCPATH\index.php(67): CodeIgniter\CodeIgniter->run()
CRITICAL - 2022-09-22 12:36:42 --> Undefined variable: organizadores
in APPPATH\Views\cadastrados.php on line 16.
 1 APPPATH\Views\cadastrados.php(16): CodeIgniter\Debug\Exceptions->errorHandler(8, 'Undefined variable: organizadores', 'APPPATH\\Views\\cadastrados.php', 16, [])
 2 SYSTEMPATH\View\View.php(213): include('APPPATH\\Views\\cadastrados.php')
 3 SYSTEMPATH\View\View.php(216): CodeIgniter\View\View->CodeIgniter\View\{closure}()
 4 SYSTEMPATH\Common.php(1142): CodeIgniter\View\View->render('cadastrados', [], true)
 5 APPPATH\Controllers\Main.php(70): view('cadastrados')
 6 SYSTEMPATH\CodeIgniter.php(907): App\Controllers\Main->cadastrados()
 7 SYSTEMPATH\CodeIgniter.php(457): CodeIgniter\CodeIgniter->runController(Object(App\Controllers\Main))
 8 SYSTEMPATH\CodeIgniter.php(340): CodeIgniter\CodeIgniter->handleRequest(null, Object(Config\Cache), false)
 9 FCPATH\index.php(67): CodeIgniter\CodeIgniter->run()
CRITICAL - 2022-09-22 12:36:43 --> Undefined variable: organizadores
in APPPATH\Views\cadastrados.php on line 16.
 1 APPPATH\Views\cadastrados.php(16): CodeIgniter\Debug\Exceptions->errorHandler(8, 'Undefined variable: organizadores', 'APPPATH\\Views\\cadastrados.php', 16, [])
 2 SYSTEMPATH\View\View.php(213): include('APPPATH\\Views\\cadastrados.php')
 3 SYSTEMPATH\View\View.php(216): CodeIgniter\View\View->CodeIgniter\View\{closure}()
 4 SYSTEMPATH\Common.php(1142): CodeIgniter\View\View->render('cadastrados', [], true)
 5 APPPATH\Controllers\Main.php(70): view('cadastrados')
 6 SYSTEMPATH\CodeIgniter.php(907): App\Controllers\Main->cadastrados()
 7 SYSTEMPATH\CodeIgniter.php(457): CodeIgniter\CodeIgniter->runController(Object(App\Controllers\Main))
 8 SYSTEMPATH\CodeIgniter.php(340): CodeIgniter\CodeIgniter->handleRequest(null, Object(Config\Cache), false)
 9 FCPATH\index.php(67): CodeIgniter\CodeIgniter->run()
CRITICAL - 2022-09-22 12:36:43 --> Undefined variable: organizadores
in APPPATH\Views\cadastrados.php on line 16.
 1 APPPATH\Views\cadastrados.php(16): CodeIgniter\Debug\Exceptions->errorHandler(8, 'Undefined variable: organizadores', 'APPPATH\\Views\\cadastrados.php', 16, [])
 2 SYSTEMPATH\View\View.php(213): include('APPPATH\\Views\\cadastrados.php')
 3 SYSTEMPATH\View\View.php(216): CodeIgniter\View\View->CodeIgniter\View\{closure}()
 4 SYSTEMPATH\Common.php(1142): CodeIgniter\View\View->render('cadastrados', [], true)
 5 APPPATH\Controllers\Main.php(70): view('cadastrados')
 6 SYSTEMPATH\CodeIgniter.php(907): App\Controllers\Main->cadastrados()
 7 SYSTEMPATH\CodeIgniter.php(457): CodeIgniter\CodeIgniter->runController(Object(App\Controllers\Main))
 8 SYSTEMPATH\CodeIgniter.php(340): CodeIgniter\CodeIgniter->handleRequest(null, Object(Config\Cache), false)
 9 FCPATH\index.php(67): CodeIgniter\CodeIgniter->run()
CRITICAL - 2022-09-22 12:36:43 --> Undefined variable: organizadores
in APPPATH\Views\cadastrados.php on line 16.
 1 APPPATH\Views\cadastrados.php(16): CodeIgniter\Debug\Exceptions->errorHandler(8, 'Undefined variable: organizadores', 'APPPATH\\Views\\cadastrados.php', 16, [])
 2 SYSTEMPATH\View\View.php(213): include('APPPATH\\Views\\cadastrados.php')
 3 SYSTEMPATH\View\View.php(216): CodeIgniter\View\View->CodeIgniter\View\{closure}()
 4 SYSTEMPATH\Common.php(1142): CodeIgniter\View\View->render('cadastrados', [], true)
 5 APPPATH\Controllers\Main.php(70): view('cadastrados')
 6 SYSTEMPATH\CodeIgniter.php(907): App\Controllers\Main->cadastrados()
 7 SYSTEMPATH\CodeIgniter.php(457): CodeIgniter\CodeIgniter->runController(Object(App\Controllers\Main))
 8 SYSTEMPATH\CodeIgniter.php(340): CodeIgniter\CodeIgniter->handleRequest(null, Object(Config\Cache), false)
 9 FCPATH\index.php(67): CodeIgniter\CodeIgniter->run()
CRITICAL - 2022-09-22 12:37:09 --> syntax error, unexpected 'endforeach' (T_ENDFOREACH), expecting end of file
in APPPATH\Views\cadastrados.php on line 68.
 1 SYSTEMPATH\View\View.php(216): CodeIgniter\View\View->CodeIgniter\View\{closure}()
 2 SYSTEMPATH\Common.php(1142): CodeIgniter\View\View->render('cadastrados', [], true)
 3 APPPATH\Controllers\Main.php(70): view('cadastrados')
 4 SYSTEMPATH\CodeIgniter.php(907): App\Controllers\Main->cadastrados()
 5 SYSTEMPATH\CodeIgniter.php(457): CodeIgniter\CodeIgniter->runController(Object(App\Controllers\Main))
 6 SYSTEMPATH\CodeIgniter.php(340): CodeIgniter\CodeIgniter->handleRequest(null, Object(Config\Cache), false)
 7 FCPATH\index.php(67): CodeIgniter\CodeIgniter->run()
CRITICAL - 2022-09-22 12:37:09 --> syntax error, unexpected 'endforeach' (T_ENDFOREACH), expecting end of file
in APPPATH\Views\cadastrados.php on line 68.
 1 SYSTEMPATH\View\View.php(216): CodeIgniter\View\View->CodeIgniter\View\{closure}()
 2 SYSTEMPATH\Common.php(1142): CodeIgniter\View\View->render('cadastrados', [], true)
 3 APPPATH\Controllers\Main.php(70): view('cadastrados')
 4 SYSTEMPATH\CodeIgniter.php(907): App\Controllers\Main->cadastrados()
 5 SYSTEMPATH\CodeIgniter.php(457): CodeIgniter\CodeIgniter->runController(Object(App\Controllers\Main))
 6 SYSTEMPATH\CodeIgniter.php(340): CodeIgniter\CodeIgniter->handleRequest(null, Object(Config\Cache), false)
 7 FCPATH\index.php(67): CodeIgniter\CodeIgniter->run()
CRITICAL - 2022-09-22 12:37:10 --> syntax error, unexpected 'endforeach' (T_ENDFOREACH), expecting end of file
in APPPATH\Views\cadastrados.php on line 68.
 1 SYSTEMPATH\View\View.php(216): CodeIgniter\View\View->CodeIgniter\View\{closure}()
 2 SYSTEMPATH\Common.php(1142): CodeIgniter\View\View->render('cadastrados', [], true)
 3 APPPATH\Controllers\Main.php(70): view('cadastrados')
 4 SYSTEMPATH\CodeIgniter.php(907): App\Controllers\Main->cadastrados()
 5 SYSTEMPATH\CodeIgniter.php(457): CodeIgniter\CodeIgniter->runController(Object(App\Controllers\Main))
 6 SYSTEMPATH\CodeIgniter.php(340): CodeIgniter\CodeIgniter->handleRequest(null, Object(Config\Cache), false)
 7 FCPATH\index.php(67): CodeIgniter\CodeIgniter->run()
CRITICAL - 2022-09-22 12:38:15 --> Undefined variable: organizador
in APPPATH\Views\cadastrados.php on line 19.
 1 APPPATH\Views\cadastrados.php(19): CodeIgniter\Debug\Exceptions->errorHandler(8, 'Undefined variable: organizador', 'APPPATH\\Views\\cadastrados.php', 19, [])
 2 SYSTEMPATH\View\View.php(213): include('APPPATH\\Views\\cadastrados.php')
 3 SYSTEMPATH\View\View.php(216): CodeIgniter\View\View->CodeIgniter\View\{closure}()
 4 SYSTEMPATH\Common.php(1142): CodeIgniter\View\View->render('cadastrados', [], true)
 5 APPPATH\Controllers\Main.php(70): view('cadastrados')
 6 SYSTEMPATH\CodeIgniter.php(907): App\Controllers\Main->cadastrados()
 7 SYSTEMPATH\CodeIgniter.php(457): CodeIgniter\CodeIgniter->runController(Object(App\Controllers\Main))
 8 SYSTEMPATH\CodeIgniter.php(340): CodeIgniter\CodeIgniter->handleRequest(null, Object(Config\Cache), false)
 9 FCPATH\index.php(67): CodeIgniter\CodeIgniter->run()
CRITICAL - 2022-09-22 12:39:06 --> Undefined variable: organizador
in APPPATH\Views\cadastrados.php on line 19.
 1 APPPATH\Views\cadastrados.php(19): CodeIgniter\Debug\Exceptions->errorHandler(8, 'Undefined variable: organizador', 'APPPATH\\Views\\cadastrados.php', 19, [])
 2 SYSTEMPATH\View\View.php(213): include('APPPATH\\Views\\cadastrados.php')
 3 SYSTEMPATH\View\View.php(216): CodeIgniter\View\View->CodeIgniter\View\{closure}()
 4 SYSTEMPATH\Common.php(1142): CodeIgniter\View\View->render('cadastrados', [], true)
 5 APPPATH\Controllers\Main.php(70): view('cadastrados')
 6 SYSTEMPATH\CodeIgniter.php(907): App\Controllers\Main->cadastrados()
 7 SYSTEMPATH\CodeIgniter.php(457): CodeIgniter\CodeIgniter->runController(Object(App\Controllers\Main))
 8 SYSTEMPATH\CodeIgniter.php(340): CodeIgniter\CodeIgniter->handleRequest(null, Object(Config\Cache), false)
 9 FCPATH\index.php(67): CodeIgniter\CodeIgniter->run()
CRITICAL - 2022-09-22 12:39:07 --> Undefined variable: organizador
in APPPATH\Views\cadastrados.php on line 19.
 1 APPPATH\Views\cadastrados.php(19): CodeIgniter\Debug\Exceptions->errorHandler(8, 'Undefined variable: organizador', 'APPPATH\\Views\\cadastrados.php', 19, [])
 2 SYSTEMPATH\View\View.php(213): include('APPPATH\\Views\\cadastrados.php')
 3 SYSTEMPATH\View\View.php(216): CodeIgniter\View\View->CodeIgniter\View\{closure}()
 4 SYSTEMPATH\Common.php(1142): CodeIgniter\View\View->render('cadastrados', [], true)
 5 APPPATH\Controllers\Main.php(70): view('cadastrados')
 6 SYSTEMPATH\CodeIgniter.php(907): App\Controllers\Main->cadastrados()
 7 SYSTEMPATH\CodeIgniter.php(457): CodeIgniter\CodeIgniter->runController(Object(App\Controllers\Main))
 8 SYSTEMPATH\CodeIgniter.php(340): CodeIgniter\CodeIgniter->handleRequest(null, Object(Config\Cache), false)
 9 FCPATH\index.php(67): CodeIgniter\CodeIgniter->run()
CRITICAL - 2022-09-22 12:39:07 --> Undefined variable: organizador
in APPPATH\Views\cadastrados.php on line 19.
 1 APPPATH\Views\cadastrados.php(19): CodeIgniter\Debug\Exceptions->errorHandler(8, 'Undefined variable: organizador', 'APPPATH\\Views\\cadastrados.php', 19, [])
 2 SYSTEMPATH\View\View.php(213): include('APPPATH\\Views\\cadastrados.php')
 3 SYSTEMPATH\View\View.php(216): CodeIgniter\View\View->CodeIgniter\View\{closure}()
 4 SYSTEMPATH\Common.php(1142): CodeIgniter\View\View->render('cadastrados', [], true)
 5 APPPATH\Controllers\Main.php(70): view('cadastrados')
 6 SYSTEMPATH\CodeIgniter.php(907): App\Controllers\Main->cadastrados()
 7 SYSTEMPATH\CodeIgniter.php(457): CodeIgniter\CodeIgniter->runController(Object(App\Controllers\Main))
 8 SYSTEMPATH\CodeIgniter.php(340): CodeIgniter\CodeIgniter->handleRequest(null, Object(Config\Cache), false)
 9 FCPATH\index.php(67): CodeIgniter\CodeIgniter->run()
CRITICAL - 2022-09-22 12:39:20 --> Undefined variable: organizadores
in APPPATH\Views\cadastrados.php on line 19.
 1 APPPATH\Views\cadastrados.php(19): CodeIgniter\Debug\Exceptions->errorHandler(8, 'Undefined variable: organizadores', 'APPPATH\\Views\\cadastrados.php', 19, [])
 2 SYSTEMPATH\View\View.php(213): include('APPPATH\\Views\\cadastrados.php')
 3 SYSTEMPATH\View\View.php(216): CodeIgniter\View\View->CodeIgniter\View\{closure}()
 4 SYSTEMPATH\Common.php(1142): CodeIgniter\View\View->render('cadastrados', [], true)
 5 APPPATH\Controllers\Main.php(70): view('cadastrados')
 6 SYSTEMPATH\CodeIgniter.php(907): App\Controllers\Main->cadastrados()
 7 SYSTEMPATH\CodeIgniter.php(457): CodeIgniter\CodeIgniter->runController(Object(App\Controllers\Main))
 8 SYSTEMPATH\CodeIgniter.php(340): CodeIgniter\CodeIgniter->handleRequest(null, Object(Config\Cache), false)
 9 FCPATH\index.php(67): CodeIgniter\CodeIgniter->run()
CRITICAL - 2022-09-22 12:39:21 --> Undefined variable: organizadores
in APPPATH\Views\cadastrados.php on line 19.
 1 APPPATH\Views\cadastrados.php(19): CodeIgniter\Debug\Exceptions->errorHandler(8, 'Undefined variable: organizadores', 'APPPATH\\Views\\cadastrados.php', 19, [])
 2 SYSTEMPATH\View\View.php(213): include('APPPATH\\Views\\cadastrados.php')
 3 SYSTEMPATH\View\View.php(216): CodeIgniter\View\View->CodeIgniter\View\{closure}()
 4 SYSTEMPATH\Common.php(1142): CodeIgniter\View\View->render('cadastrados', [], true)
 5 APPPATH\Controllers\Main.php(70): view('cadastrados')
 6 SYSTEMPATH\CodeIgniter.php(907): App\Controllers\Main->cadastrados()
 7 SYSTEMPATH\CodeIgniter.php(457): CodeIgniter\CodeIgniter->runController(Object(App\Controllers\Main))
 8 SYSTEMPATH\CodeIgniter.php(340): CodeIgniter\CodeIgniter->handleRequest(null, Object(Config\Cache), false)
 9 FCPATH\index.php(67): CodeIgniter\CodeIgniter->run()
CRITICAL - 2022-09-22 12:39:21 --> Undefined variable: organizadores
in APPPATH\Views\cadastrados.php on line 19.
 1 APPPATH\Views\cadastrados.php(19): CodeIgniter\Debug\Exceptions->errorHandler(8, 'Undefined variable: organizadores', 'APPPATH\\Views\\cadastrados.php', 19, [])
 2 SYSTEMPATH\View\View.php(213): include('APPPATH\\Views\\cadastrados.php')
 3 SYSTEMPATH\View\View.php(216): CodeIgniter\View\View->CodeIgniter\View\{closure}()
 4 SYSTEMPATH\Common.php(1142): CodeIgniter\View\View->render('cadastrados', [], true)
 5 APPPATH\Controllers\Main.php(70): view('cadastrados')
 6 SYSTEMPATH\CodeIgniter.php(907): App\Controllers\Main->cadastrados()
 7 SYSTEMPATH\CodeIgniter.php(457): CodeIgniter\CodeIgniter->runController(Object(App\Controllers\Main))
 8 SYSTEMPATH\CodeIgniter.php(340): CodeIgniter\CodeIgniter->handleRequest(null, Object(Config\Cache), false)
 9 FCPATH\index.php(67): CodeIgniter\CodeIgniter->run()
CRITICAL - 2022-09-22 12:40:03 --> Undefined variable: organizadores
in APPPATH\Views\cadastrados.php on line 16.
 1 APPPATH\Views\cadastrados.php(16): CodeIgniter\Debug\Exceptions->errorHandler(8, 'Undefined variable: organizadores', 'APPPATH\\Views\\cadastrados.php', 16, [])
 2 SYSTEMPATH\View\View.php(213): include('APPPATH\\Views\\cadastrados.php')
 3 SYSTEMPATH\View\View.php(216): CodeIgniter\View\View->CodeIgniter\View\{closure}()
 4 SYSTEMPATH\Common.php(1142): CodeIgniter\View\View->render('cadastrados', [], true)
 5 APPPATH\Controllers\Main.php(70): view('cadastrados')
 6 SYSTEMPATH\CodeIgniter.php(907): App\Controllers\Main->cadastrados()
 7 SYSTEMPATH\CodeIgniter.php(457): CodeIgniter\CodeIgniter->runController(Object(App\Controllers\Main))
 8 SYSTEMPATH\CodeIgniter.php(340): CodeIgniter\CodeIgniter->handleRequest(null, Object(Config\Cache), false)
 9 FCPATH\index.php(67): CodeIgniter\CodeIgniter->run()
CRITICAL - 2022-09-22 12:40:04 --> Undefined variable: organizadores
in APPPATH\Views\cadastrados.php on line 16.
 1 APPPATH\Views\cadastrados.php(16): CodeIgniter\Debug\Exceptions->errorHandler(8, 'Undefined variable: organizadores', 'APPPATH\\Views\\cadastrados.php', 16, [])
 2 SYSTEMPATH\View\View.php(213): include('APPPATH\\Views\\cadastrados.php')
 3 SYSTEMPATH\View\View.php(216): CodeIgniter\View\View->CodeIgniter\View\{closure}()
 4 SYSTEMPATH\Common.php(1142): CodeIgniter\View\View->render('cadastrados', [], true)
 5 APPPATH\Controllers\Main.php(70): view('cadastrados')
 6 SYSTEMPATH\CodeIgniter.php(907): App\Controllers\Main->cadastrados()
 7 SYSTEMPATH\CodeIgniter.php(457): CodeIgniter\CodeIgniter->runController(Object(App\Controllers\Main))
 8 SYSTEMPATH\CodeIgniter.php(340): CodeIgniter\CodeIgniter->handleRequest(null, Object(Config\Cache), false)
 9 FCPATH\index.php(67): CodeIgniter\CodeIgniter->run()
CRITICAL - 2022-09-22 12:40:04 --> Undefined variable: organizadores
in APPPATH\Views\cadastrados.php on line 16.
 1 APPPATH\Views\cadastrados.php(16): CodeIgniter\Debug\Exceptions->errorHandler(8, 'Undefined variable: organizadores', 'APPPATH\\Views\\cadastrados.php', 16, [])
 2 SYSTEMPATH\View\View.php(213): include('APPPATH\\Views\\cadastrados.php')
 3 SYSTEMPATH\View\View.php(216): CodeIgniter\View\View->CodeIgniter\View\{closure}()
 4 SYSTEMPATH\Common.php(1142): CodeIgniter\View\View->render('cadastrados', [], true)
 5 APPPATH\Controllers\Main.php(70): view('cadastrados')
 6 SYSTEMPATH\CodeIgniter.php(907): App\Controllers\Main->cadastrados()
 7 SYSTEMPATH\CodeIgniter.php(457): CodeIgniter\CodeIgniter->runController(Object(App\Controllers\Main))
 8 SYSTEMPATH\CodeIgniter.php(340): CodeIgniter\CodeIgniter->handleRequest(null, Object(Config\Cache), false)
 9 FCPATH\index.php(67): CodeIgniter\CodeIgniter->run()
CRITICAL - 2022-09-22 12:40:05 --> Undefined variable: organizadores
in APPPATH\Views\cadastrados.php on line 16.
 1 APPPATH\Views\cadastrados.php(16): CodeIgniter\Debug\Exceptions->errorHandler(8, 'Undefined variable: organizadores', 'APPPATH\\Views\\cadastrados.php', 16, [])
 2 SYSTEMPATH\View\View.php(213): include('APPPATH\\Views\\cadastrados.php')
 3 SYSTEMPATH\View\View.php(216): CodeIgniter\View\View->CodeIgniter\View\{closure}()
 4 SYSTEMPATH\Common.php(1142): CodeIgniter\View\View->render('cadastrados', [], true)
 5 APPPATH\Controllers\Main.php(70): view('cadastrados')
 6 SYSTEMPATH\CodeIgniter.php(907): App\Controllers\Main->cadastrados()
 7 SYSTEMPATH\CodeIgniter.php(457): CodeIgniter\CodeIgniter->runController(Object(App\Controllers\Main))
 8 SYSTEMPATH\CodeIgniter.php(340): CodeIgniter\CodeIgniter->handleRequest(null, Object(Config\Cache), false)
 9 FCPATH\index.php(67): CodeIgniter\CodeIgniter->run()
CRITICAL - 2022-09-22 12:40:05 --> Undefined variable: organizadores
in APPPATH\Views\cadastrados.php on line 16.
 1 APPPATH\Views\cadastrados.php(16): CodeIgniter\Debug\Exceptions->errorHandler(8, 'Undefined variable: organizadores', 'APPPATH\\Views\\cadastrados.php', 16, [])
 2 SYSTEMPATH\View\View.php(213): include('APPPATH\\Views\\cadastrados.php')
 3 SYSTEMPATH\View\View.php(216): CodeIgniter\View\View->CodeIgniter\View\{closure}()
 4 SYSTEMPATH\Common.php(1142): CodeIgniter\View\View->render('cadastrados', [], true)
 5 APPPATH\Controllers\Main.php(70): view('cadastrados')
 6 SYSTEMPATH\CodeIgniter.php(907): App\Controllers\Main->cadastrados()
 7 SYSTEMPATH\CodeIgniter.php(457): CodeIgniter\CodeIgniter->runController(Object(App\Controllers\Main))
 8 SYSTEMPATH\CodeIgniter.php(340): CodeIgniter\CodeIgniter->handleRequest(null, Object(Config\Cache), false)
 9 FCPATH\index.php(67): CodeIgniter\CodeIgniter->run()
CRITICAL - 2022-09-22 12:40:05 --> Undefined variable: organizadores
in APPPATH\Views\cadastrados.php on line 16.
 1 APPPATH\Views\cadastrados.php(16): CodeIgniter\Debug\Exceptions->errorHandler(8, 'Undefined variable: organizadores', 'APPPATH\\Views\\cadastrados.php', 16, [])
 2 SYSTEMPATH\View\View.php(213): include('APPPATH\\Views\\cadastrados.php')
 3 SYSTEMPATH\View\View.php(216): CodeIgniter\View\View->CodeIgniter\View\{closure}()
 4 SYSTEMPATH\Common.php(1142): CodeIgniter\View\View->render('cadastrados', [], true)
 5 APPPATH\Controllers\Main.php(70): view('cadastrados')
 6 SYSTEMPATH\CodeIgniter.php(907): App\Controllers\Main->cadastrados()
 7 SYSTEMPATH\CodeIgniter.php(457): CodeIgniter\CodeIgniter->runController(Object(App\Controllers\Main))
 8 SYSTEMPATH\CodeIgniter.php(340): CodeIgniter\CodeIgniter->handleRequest(null, Object(Config\Cache), false)
 9 FCPATH\index.php(67): CodeIgniter\CodeIgniter->run()
CRITICAL - 2022-09-22 12:40:06 --> Undefined variable: organizadores
in APPPATH\Views\cadastrados.php on line 16.
 1 APPPATH\Views\cadastrados.php(16): CodeIgniter\Debug\Exceptions->errorHandler(8, 'Undefined variable: organizadores', 'APPPATH\\Views\\cadastrados.php', 16, [])
 2 SYSTEMPATH\View\View.php(213): include('APPPATH\\Views\\cadastrados.php')
 3 SYSTEMPATH\View\View.php(216): CodeIgniter\View\View->CodeIgniter\View\{closure}()
 4 SYSTEMPATH\Common.php(1142): CodeIgniter\View\View->render('cadastrados', [], true)
 5 APPPATH\Controllers\Main.php(70): view('cadastrados')
 6 SYSTEMPATH\CodeIgniter.php(907): App\Controllers\Main->cadastrados()
 7 SYSTEMPATH\CodeIgniter.php(457): CodeIgniter\CodeIgniter->runController(Object(App\Controllers\Main))
 8 SYSTEMPATH\CodeIgniter.php(340): CodeIgniter\CodeIgniter->handleRequest(null, Object(Config\Cache), false)
 9 FCPATH\index.php(67): CodeIgniter\CodeIgniter->run()
CRITICAL - 2022-09-22 12:40:06 --> Undefined variable: organizadores
in APPPATH\Views\cadastrados.php on line 16.
 1 APPPATH\Views\cadastrados.php(16): CodeIgniter\Debug\Exceptions->errorHandler(8, 'Undefined variable: organizadores', 'APPPATH\\Views\\cadastrados.php', 16, [])
 2 SYSTEMPATH\View\View.php(213): include('APPPATH\\Views\\cadastrados.php')
 3 SYSTEMPATH\View\View.php(216): CodeIgniter\View\View->CodeIgniter\View\{closure}()
 4 SYSTEMPATH\Common.php(1142): CodeIgniter\View\View->render('cadastrados', [], true)
 5 APPPATH\Controllers\Main.php(70): view('cadastrados')
 6 SYSTEMPATH\CodeIgniter.php(907): App\Controllers\Main->cadastrados()
 7 SYSTEMPATH\CodeIgniter.php(457): CodeIgniter\CodeIgniter->runController(Object(App\Controllers\Main))
 8 SYSTEMPATH\CodeIgniter.php(340): CodeIgniter\CodeIgniter->handleRequest(null, Object(Config\Cache), false)
 9 FCPATH\index.php(67): CodeIgniter\CodeIgniter->run()
CRITICAL - 2022-09-22 12:40:06 --> Undefined variable: organizadores
in APPPATH\Views\cadastrados.php on line 16.
 1 APPPATH\Views\cadastrados.php(16): CodeIgniter\Debug\Exceptions->errorHandler(8, 'Undefined variable: organizadores', 'APPPATH\\Views\\cadastrados.php', 16, [])
 2 SYSTEMPATH\View\View.php(213): include('APPPATH\\Views\\cadastrados.php')
 3 SYSTEMPATH\View\View.php(216): CodeIgniter\View\View->CodeIgniter\View\{closure}()
 4 SYSTEMPATH\Common.php(1142): CodeIgniter\View\View->render('cadastrados', [], true)
 5 APPPATH\Controllers\Main.php(70): view('cadastrados')
 6 SYSTEMPATH\CodeIgniter.php(907): App\Controllers\Main->cadastrados()
 7 SYSTEMPATH\CodeIgniter.php(457): CodeIgniter\CodeIgniter->runController(Object(App\Controllers\Main))
 8 SYSTEMPATH\CodeIgniter.php(340): CodeIgniter\CodeIgniter->handleRequest(null, Object(Config\Cache), false)
 9 FCPATH\index.php(67): CodeIgniter\CodeIgniter->run()
CRITICAL - 2022-09-22 12:40:07 --> Undefined variable: organizadores
in APPPATH\Views\cadastrados.php on line 16.
 1 APPPATH\Views\cadastrados.php(16): CodeIgniter\Debug\Exceptions->errorHandler(8, 'Undefined variable: organizadores', 'APPPATH\\Views\\cadastrados.php', 16, [])
 2 SYSTEMPATH\View\View.php(213): include('APPPATH\\Views\\cadastrados.php')
 3 SYSTEMPATH\View\View.php(216): CodeIgniter\View\View->CodeIgniter\View\{closure}()
 4 SYSTEMPATH\Common.php(1142): CodeIgniter\View\View->render('cadastrados', [], true)
 5 APPPATH\Controllers\Main.php(70): view('cadastrados')
 6 SYSTEMPATH\CodeIgniter.php(907): App\Controllers\Main->cadastrados()
 7 SYSTEMPATH\CodeIgniter.php(457): CodeIgniter\CodeIgniter->runController(Object(App\Controllers\Main))
 8 SYSTEMPATH\CodeIgniter.php(340): CodeIgniter\CodeIgniter->handleRequest(null, Object(Config\Cache), false)
 9 FCPATH\index.php(67): CodeIgniter\CodeIgniter->run()
CRITICAL - 2022-09-22 12:40:07 --> Undefined variable: organizadores
in APPPATH\Views\cadastrados.php on line 16.
 1 APPPATH\Views\cadastrados.php(16): CodeIgniter\Debug\Exceptions->errorHandler(8, 'Undefined variable: organizadores', 'APPPATH\\Views\\cadastrados.php', 16, [])
 2 SYSTEMPATH\View\View.php(213): include('APPPATH\\Views\\cadastrados.php')
 3 SYSTEMPATH\View\View.php(216): CodeIgniter\View\View->CodeIgniter\View\{closure}()
 4 SYSTEMPATH\Common.php(1142): CodeIgniter\View\View->render('cadastrados', [], true)
 5 APPPATH\Controllers\Main.php(70): view('cadastrados')
 6 SYSTEMPATH\CodeIgniter.php(907): App\Controllers\Main->cadastrados()
 7 SYSTEMPATH\CodeIgniter.php(457): CodeIgniter\CodeIgniter->runController(Object(App\Controllers\Main))
 8 SYSTEMPATH\CodeIgniter.php(340): CodeIgniter\CodeIgniter->handleRequest(null, Object(Config\Cache), false)
 9 FCPATH\index.php(67): CodeIgniter\CodeIgniter->run()
CRITICAL - 2022-09-22 12:40:07 --> Undefined variable: organizadores
in APPPATH\Views\cadastrados.php on line 16.
 1 APPPATH\Views\cadastrados.php(16): CodeIgniter\Debug\Exceptions->errorHandler(8, 'Undefined variable: organizadores', 'APPPATH\\Views\\cadastrados.php', 16, [])
 2 SYSTEMPATH\View\View.php(213): include('APPPATH\\Views\\cadastrados.php')
 3 SYSTEMPATH\View\View.php(216): CodeIgniter\View\View->CodeIgniter\View\{closure}()
 4 SYSTEMPATH\Common.php(1142): CodeIgniter\View\View->render('cadastrados', [], true)
 5 APPPATH\Controllers\Main.php(70): view('cadastrados')
 6 SYSTEMPATH\CodeIgniter.php(907): App\Controllers\Main->cadastrados()
 7 SYSTEMPATH\CodeIgniter.php(457): CodeIgniter\CodeIgniter->runController(Object(App\Controllers\Main))
 8 SYSTEMPATH\CodeIgniter.php(340): CodeIgniter\CodeIgniter->handleRequest(null, Object(Config\Cache), false)
 9 FCPATH\index.php(67): CodeIgniter\CodeIgniter->run()
CRITICAL - 2022-09-22 12:40:08 --> Undefined variable: organizadores
in APPPATH\Views\cadastrados.php on line 16.
 1 APPPATH\Views\cadastrados.php(16): CodeIgniter\Debug\Exceptions->errorHandler(8, 'Undefined variable: organizadores', 'APPPATH\\Views\\cadastrados.php', 16, [])
 2 SYSTEMPATH\View\View.php(213): include('APPPATH\\Views\\cadastrados.php')
 3 SYSTEMPATH\View\View.php(216): CodeIgniter\View\View->CodeIgniter\View\{closure}()
 4 SYSTEMPATH\Common.php(1142): CodeIgniter\View\View->render('cadastrados', [], true)
 5 APPPATH\Controllers\Main.php(70): view('cadastrados')
 6 SYSTEMPATH\CodeIgniter.php(907): App\Controllers\Main->cadastrados()
 7 SYSTEMPATH\CodeIgniter.php(457): CodeIgniter\CodeIgniter->runController(Object(App\Controllers\Main))
 8 SYSTEMPATH\CodeIgniter.php(340): CodeIgniter\CodeIgniter->handleRequest(null, Object(Config\Cache), false)
 9 FCPATH\index.php(67): CodeIgniter\CodeIgniter->run()
CRITICAL - 2022-09-22 12:40:08 --> Undefined variable: organizadores
in APPPATH\Views\cadastrados.php on line 16.
 1 APPPATH\Views\cadastrados.php(16): CodeIgniter\Debug\Exceptions->errorHandler(8, 'Undefined variable: organizadores', 'APPPATH\\Views\\cadastrados.php', 16, [])
 2 SYSTEMPATH\View\View.php(213): include('APPPATH\\Views\\cadastrados.php')
 3 SYSTEMPATH\View\View.php(216): CodeIgniter\View\View->CodeIgniter\View\{closure}()
 4 SYSTEMPATH\Common.php(1142): CodeIgniter\View\View->render('cadastrados', [], true)
 5 APPPATH\Controllers\Main.php(70): view('cadastrados')
 6 SYSTEMPATH\CodeIgniter.php(907): App\Controllers\Main->cadastrados()
 7 SYSTEMPATH\CodeIgniter.php(457): CodeIgniter\CodeIgniter->runController(Object(App\Controllers\Main))
 8 SYSTEMPATH\CodeIgniter.php(340): CodeIgniter\CodeIgniter->handleRequest(null, Object(Config\Cache), false)
 9 FCPATH\index.php(67): CodeIgniter\CodeIgniter->run()
CRITICAL - 2022-09-22 12:40:08 --> Undefined variable: organizadores
in APPPATH\Views\cadastrados.php on line 16.
 1 APPPATH\Views\cadastrados.php(16): CodeIgniter\Debug\Exceptions->errorHandler(8, 'Undefined variable: organizadores', 'APPPATH\\Views\\cadastrados.php', 16, [])
 2 SYSTEMPATH\View\View.php(213): include('APPPATH\\Views\\cadastrados.php')
 3 SYSTEMPATH\View\View.php(216): CodeIgniter\View\View->CodeIgniter\View\{closure}()
 4 SYSTEMPATH\Common.php(1142): CodeIgniter\View\View->render('cadastrados', [], true)
 5 APPPATH\Controllers\Main.php(70): view('cadastrados')
 6 SYSTEMPATH\CodeIgniter.php(907): App\Controllers\Main->cadastrados()
 7 SYSTEMPATH\CodeIgniter.php(457): CodeIgniter\CodeIgniter->runController(Object(App\Controllers\Main))
 8 SYSTEMPATH\CodeIgniter.php(340): CodeIgniter\CodeIgniter->handleRequest(null, Object(Config\Cache), false)
 9 FCPATH\index.php(67): CodeIgniter\CodeIgniter->run()
CRITICAL - 2022-09-22 12:40:09 --> Undefined variable: organizadores
in APPPATH\Views\cadastrados.php on line 16.
 1 APPPATH\Views\cadastrados.php(16): CodeIgniter\Debug\Exceptions->errorHandler(8, 'Undefined variable: organizadores', 'APPPATH\\Views\\cadastrados.php', 16, [])
 2 SYSTEMPATH\View\View.php(213): include('APPPATH\\Views\\cadastrados.php')
 3 SYSTEMPATH\View\View.php(216): CodeIgniter\View\View->CodeIgniter\View\{closure}()
 4 SYSTEMPATH\Common.php(1142): CodeIgniter\View\View->render('cadastrados', [], true)
 5 APPPATH\Controllers\Main.php(70): view('cadastrados')
 6 SYSTEMPATH\CodeIgniter.php(907): App\Controllers\Main->cadastrados()
 7 SYSTEMPATH\CodeIgniter.php(457): CodeIgniter\CodeIgniter->runController(Object(App\Controllers\Main))
 8 SYSTEMPATH\CodeIgniter.php(340): CodeIgniter\CodeIgniter->handleRequest(null, Object(Config\Cache), false)
 9 FCPATH\index.php(67): CodeIgniter\CodeIgniter->run()
CRITICAL - 2022-09-22 12:40:09 --> Undefined variable: organizadores
in APPPATH\Views\cadastrados.php on line 16.
 1 APPPATH\Views\cadastrados.php(16): CodeIgniter\Debug\Exceptions->errorHandler(8, 'Undefined variable: organizadores', 'APPPATH\\Views\\cadastrados.php', 16, [])
 2 SYSTEMPATH\View\View.php(213): include('APPPATH\\Views\\cadastrados.php')
 3 SYSTEMPATH\View\View.php(216): CodeIgniter\View\View->CodeIgniter\View\{closure}()
 4 SYSTEMPATH\Common.php(1142): CodeIgniter\View\View->render('cadastrados', [], true)
 5 APPPATH\Controllers\Main.php(70): view('cadastrados')
 6 SYSTEMPATH\CodeIgniter.php(907): App\Controllers\Main->cadastrados()
 7 SYSTEMPATH\CodeIgniter.php(457): CodeIgniter\CodeIgniter->runController(Object(App\Controllers\Main))
 8 SYSTEMPATH\CodeIgniter.php(340): CodeIgniter\CodeIgniter->handleRequest(null, Object(Config\Cache), false)
 9 FCPATH\index.php(67): CodeIgniter\CodeIgniter->run()
CRITICAL - 2022-09-22 12:40:09 --> Undefined variable: organizadores
in APPPATH\Views\cadastrados.php on line 16.
 1 APPPATH\Views\cadastrados.php(16): CodeIgniter\Debug\Exceptions->errorHandler(8, 'Undefined variable: organizadores', 'APPPATH\\Views\\cadastrados.php', 16, [])
 2 SYSTEMPATH\View\View.php(213): include('APPPATH\\Views\\cadastrados.php')
 3 SYSTEMPATH\View\View.php(216): CodeIgniter\View\View->CodeIgniter\View\{closure}()
 4 SYSTEMPATH\Common.php(1142): CodeIgniter\View\View->render('cadastrados', [], true)
 5 APPPATH\Controllers\Main.php(70): view('cadastrados')
 6 SYSTEMPATH\CodeIgniter.php(907): App\Controllers\Main->cadastrados()
 7 SYSTEMPATH\CodeIgniter.php(457): CodeIgniter\CodeIgniter->runController(Object(App\Controllers\Main))
 8 SYSTEMPATH\CodeIgniter.php(340): CodeIgniter\CodeIgniter->handleRequest(null, Object(Config\Cache), false)
 9 FCPATH\index.php(67): CodeIgniter\CodeIgniter->run()
CRITICAL - 2022-09-22 12:40:10 --> Undefined variable: organizadores
in APPPATH\Views\cadastrados.php on line 16.
 1 APPPATH\Views\cadastrados.php(16): CodeIgniter\Debug\Exceptions->errorHandler(8, 'Undefined variable: organizadores', 'APPPATH\\Views\\cadastrados.php', 16, [])
 2 SYSTEMPATH\View\View.php(213): include('APPPATH\\Views\\cadastrados.php')
 3 SYSTEMPATH\View\View.php(216): CodeIgniter\View\View->CodeIgniter\View\{closure}()
 4 SYSTEMPATH\Common.php(1142): CodeIgniter\View\View->render('cadastrados', [], true)
 5 APPPATH\Controllers\Main.php(70): view('cadastrados')
 6 SYSTEMPATH\CodeIgniter.php(907): App\Controllers\Main->cadastrados()
 7 SYSTEMPATH\CodeIgniter.php(457): CodeIgniter\CodeIgniter->runController(Object(App\Controllers\Main))
 8 SYSTEMPATH\CodeIgniter.php(340): CodeIgniter\CodeIgniter->handleRequest(null, Object(Config\Cache), false)
 9 FCPATH\index.php(67): CodeIgniter\CodeIgniter->run()
CRITICAL - 2022-09-22 12:40:26 --> Undefined variable: organizadores
in APPPATH\Views\cadastrados.php on line 16.
 1 APPPATH\Views\cadastrados.php(16): CodeIgniter\Debug\Exceptions->errorHandler(8, 'Undefined variable: organizadores', 'APPPATH\\Views\\cadastrados.php', 16, [])
 2 SYSTEMPATH\View\View.php(213): include('APPPATH\\Views\\cadastrados.php')
 3 SYSTEMPATH\View\View.php(216): CodeIgniter\View\View->CodeIgniter\View\{closure}()
 4 SYSTEMPATH\Common.php(1142): CodeIgniter\View\View->render('cadastrados', [], true)
 5 APPPATH\Controllers\Main.php(70): view('cadastrados')
 6 SYSTEMPATH\CodeIgniter.php(907): App\Controllers\Main->cadastrados()
 7 SYSTEMPATH\CodeIgniter.php(457): CodeIgniter\CodeIgniter->runController(Object(App\Controllers\Main))
 8 SYSTEMPATH\CodeIgniter.php(340): CodeIgniter\CodeIgniter->handleRequest(null, Object(Config\Cache), false)
 9 FCPATH\index.php(67): CodeIgniter\CodeIgniter->run()
CRITICAL - 2022-09-22 12:40:28 --> Undefined variable: organizadores
in APPPATH\Views\cadastrados.php on line 16.
 1 APPPATH\Views\cadastrados.php(16): CodeIgniter\Debug\Exceptions->errorHandler(8, 'Undefined variable: organizadores', 'APPPATH\\Views\\cadastrados.php', 16, [])
 2 SYSTEMPATH\View\View.php(213): include('APPPATH\\Views\\cadastrados.php')
 3 SYSTEMPATH\View\View.php(216): CodeIgniter\View\View->CodeIgniter\View\{closure}()
 4 SYSTEMPATH\Common.php(1142): CodeIgniter\View\View->render('cadastrados', [], true)
 5 APPPATH\Controllers\Main.php(70): view('cadastrados')
 6 SYSTEMPATH\CodeIgniter.php(907): App\Controllers\Main->cadastrados()
 7 SYSTEMPATH\CodeIgniter.php(457): CodeIgniter\CodeIgniter->runController(Object(App\Controllers\Main))
 8 SYSTEMPATH\CodeIgniter.php(340): CodeIgniter\CodeIgniter->handleRequest(null, Object(Config\Cache), false)
 9 FCPATH\index.php(67): CodeIgniter\CodeIgniter->run()
CRITICAL - 2022-09-22 12:40:29 --> Undefined variable: organizadores
in APPPATH\Views\cadastrados.php on line 16.
 1 APPPATH\Views\cadastrados.php(16): CodeIgniter\Debug\Exceptions->errorHandler(8, 'Undefined variable: organizadores', 'APPPATH\\Views\\cadastrados.php', 16, [])
 2 SYSTEMPATH\View\View.php(213): include('APPPATH\\Views\\cadastrados.php')
 3 SYSTEMPATH\View\View.php(216): CodeIgniter\View\View->CodeIgniter\View\{closure}()
 4 SYSTEMPATH\Common.php(1142): CodeIgniter\View\View->render('cadastrados', [], true)
 5 APPPATH\Controllers\Main.php(70): view('cadastrados')
 6 SYSTEMPATH\CodeIgniter.php(907): App\Controllers\Main->cadastrados()
 7 SYSTEMPATH\CodeIgniter.php(457): CodeIgniter\CodeIgniter->runController(Object(App\Controllers\Main))
 8 SYSTEMPATH\CodeIgniter.php(340): CodeIgniter\CodeIgniter->handleRequest(null, Object(Config\Cache), false)
 9 FCPATH\index.php(67): CodeIgniter\CodeIgniter->run()
CRITICAL - 2022-09-22 12:41:03 --> Undefined variable: organizadores
in APPPATH\Views\cadastrados.php on line 16.
 1 APPPATH\Views\cadastrados.php(16): CodeIgniter\Debug\Exceptions->errorHandler(8, 'Undefined variable: organizadores', 'APPPATH\\Views\\cadastrados.php', 16, [])
 2 SYSTEMPATH\View\View.php(213): include('APPPATH\\Views\\cadastrados.php')
 3 SYSTEMPATH\View\View.php(216): CodeIgniter\View\View->CodeIgniter\View\{closure}()
 4 SYSTEMPATH\Common.php(1142): CodeIgniter\View\View->render('cadastrados', [], true)
 5 APPPATH\Controllers\Main.php(70): view('cadastrados')
 6 SYSTEMPATH\CodeIgniter.php(907): App\Controllers\Main->cadastrados()
 7 SYSTEMPATH\CodeIgniter.php(457): CodeIgniter\CodeIgniter->runController(Object(App\Controllers\Main))
 8 SYSTEMPATH\CodeIgniter.php(340): CodeIgniter\CodeIgniter->handleRequest(null, Object(Config\Cache), false)
 9 FCPATH\index.php(67): CodeIgniter\CodeIgniter->run()
CRITICAL - 2022-09-22 12:41:05 --> Undefined variable: organizadores
in APPPATH\Views\cadastrados.php on line 16.
 1 APPPATH\Views\cadastrados.php(16): CodeIgniter\Debug\Exceptions->errorHandler(8, 'Undefined variable: organizadores', 'APPPATH\\Views\\cadastrados.php', 16, [])
 2 SYSTEMPATH\View\View.php(213): include('APPPATH\\Views\\cadastrados.php')
 3 SYSTEMPATH\View\View.php(216): CodeIgniter\View\View->CodeIgniter\View\{closure}()
 4 SYSTEMPATH\Common.php(1142): CodeIgniter\View\View->render('cadastrados', [], true)
 5 APPPATH\Controllers\Main.php(70): view('cadastrados')
 6 SYSTEMPATH\CodeIgniter.php(907): App\Controllers\Main->cadastrados()
 7 SYSTEMPATH\CodeIgniter.php(457): CodeIgniter\CodeIgniter->runController(Object(App\Controllers\Main))
 8 SYSTEMPATH\CodeIgniter.php(340): CodeIgniter\CodeIgniter->handleRequest(null, Object(Config\Cache), false)
 9 FCPATH\index.php(67): CodeIgniter\CodeIgniter->run()
CRITICAL - 2022-09-22 12:41:09 --> Undefined variable: organizadores
in APPPATH\Views\cadastrados.php on line 16.
 1 APPPATH\Views\cadastrados.php(16): CodeIgniter\Debug\Exceptions->errorHandler(8, 'Undefined variable: organizadores', 'APPPATH\\Views\\cadastrados.php', 16, [])
 2 SYSTEMPATH\View\View.php(213): include('APPPATH\\Views\\cadastrados.php')
 3 SYSTEMPATH\View\View.php(216): CodeIgniter\View\View->CodeIgniter\View\{closure}()
 4 SYSTEMPATH\Common.php(1142): CodeIgniter\View\View->render('cadastrados', [], true)
 5 APPPATH\Controllers\Main.php(70): view('cadastrados')
 6 SYSTEMPATH\CodeIgniter.php(907): App\Controllers\Main->cadastrados()
 7 SYSTEMPATH\CodeIgniter.php(457): CodeIgniter\CodeIgniter->runController(Object(App\Controllers\Main))
 8 SYSTEMPATH\CodeIgniter.php(340): CodeIgniter\CodeIgniter->handleRequest(null, Object(Config\Cache), false)
 9 FCPATH\index.php(67): CodeIgniter\CodeIgniter->run()
CRITICAL - 2022-09-22 12:42:02 --> Undefined variable: organizadores
in APPPATH\Views\cadastrados.php on line 16.
 1 APPPATH\Views\cadastrados.php(16): CodeIgniter\Debug\Exceptions->errorHandler(8, 'Undefined variable: organizadores', 'APPPATH\\Views\\cadastrados.php', 16, [])
 2 SYSTEMPATH\View\View.php(213): include('APPPATH\\Views\\cadastrados.php')
 3 SYSTEMPATH\View\View.php(216): CodeIgniter\View\View->CodeIgniter\View\{closure}()
 4 SYSTEMPATH\Common.php(1142): CodeIgniter\View\View->render('cadastrados', [], true)
 5 APPPATH\Controllers\Main.php(70): view('cadastrados')
 6 SYSTEMPATH\CodeIgniter.php(907): App\Controllers\Main->cadastrados()
 7 SYSTEMPATH\CodeIgniter.php(457): CodeIgniter\CodeIgniter->runController(Object(App\Controllers\Main))
 8 SYSTEMPATH\CodeIgniter.php(340): CodeIgniter\CodeIgniter->handleRequest(null, Object(Config\Cache), false)
 9 FCPATH\index.php(67): CodeIgniter\CodeIgniter->run()
CRITICAL - 2022-09-22 12:42:03 --> Undefined variable: organizadores
in APPPATH\Views\cadastrados.php on line 16.
 1 APPPATH\Views\cadastrados.php(16): CodeIgniter\Debug\Exceptions->errorHandler(8, 'Undefined variable: organizadores', 'APPPATH\\Views\\cadastrados.php', 16, [])
 2 SYSTEMPATH\View\View.php(213): include('APPPATH\\Views\\cadastrados.php')
 3 SYSTEMPATH\View\View.php(216): CodeIgniter\View\View->CodeIgniter\View\{closure}()
 4 SYSTEMPATH\Common.php(1142): CodeIgniter\View\View->render('cadastrados', [], true)
 5 APPPATH\Controllers\Main.php(70): view('cadastrados')
 6 SYSTEMPATH\CodeIgniter.php(907): App\Controllers\Main->cadastrados()
 7 SYSTEMPATH\CodeIgniter.php(457): CodeIgniter\CodeIgniter->runController(Object(App\Controllers\Main))
 8 SYSTEMPATH\CodeIgniter.php(340): CodeIgniter\CodeIgniter->handleRequest(null, Object(Config\Cache), false)
 9 FCPATH\index.php(67): CodeIgniter\CodeIgniter->run()
CRITICAL - 2022-09-22 12:43:13 --> Undefined variable: organizadores
in APPPATH\Views\cadastrados.php on line 16.
 1 APPPATH\Views\cadastrados.php(16): CodeIgniter\Debug\Exceptions->errorHandler(8, 'Undefined variable: organizadores', 'APPPATH\\Views\\cadastrados.php', 16, [])
 2 SYSTEMPATH\View\View.php(213): include('APPPATH\\Views\\cadastrados.php')
 3 SYSTEMPATH\View\View.php(216): CodeIgniter\View\View->CodeIgniter\View\{closure}()
 4 SYSTEMPATH\Common.php(1142): CodeIgniter\View\View->render('cadastrados', [], true)
 5 APPPATH\Controllers\Main.php(70): view('cadastrados')
 6 SYSTEMPATH\CodeIgniter.php(907): App\Controllers\Main->cadastrados()
 7 SYSTEMPATH\CodeIgniter.php(457): CodeIgniter\CodeIgniter->runController(Object(App\Controllers\Main))
 8 SYSTEMPATH\CodeIgniter.php(340): CodeIgniter\CodeIgniter->handleRequest(null, Object(Config\Cache), false)
 9 FCPATH\index.php(67): CodeIgniter\CodeIgniter->run()
CRITICAL - 2022-09-22 12:43:24 --> Undefined variable: organizadores
in APPPATH\Views\cadastrados.php on line 16.
 1 APPPATH\Views\cadastrados.php(16): CodeIgniter\Debug\Exceptions->errorHandler(8, 'Undefined variable: organizadores', 'APPPATH\\Views\\cadastrados.php', 16, [])
 2 SYSTEMPATH\View\View.php(213): include('APPPATH\\Views\\cadastrados.php')
 3 SYSTEMPATH\View\View.php(216): CodeIgniter\View\View->CodeIgniter\View\{closure}()
 4 SYSTEMPATH\Common.php(1142): CodeIgniter\View\View->render('cadastrados', [], true)
 5 APPPATH\Controllers\Main.php(70): view('cadastrados')
 6 SYSTEMPATH\CodeIgniter.php(907): App\Controllers\Main->cadastrados()
 7 SYSTEMPATH\CodeIgniter.php(457): CodeIgniter\CodeIgniter->runController(Object(App\Controllers\Main))
 8 SYSTEMPATH\CodeIgniter.php(340): CodeIgniter\CodeIgniter->handleRequest(null, Object(Config\Cache), false)
 9 FCPATH\index.php(67): CodeIgniter\CodeIgniter->run()
CRITICAL - 2022-09-22 12:45:54 --> Undefined variable: organizadores
in APPPATH\Views\cadastrados.php on line 16.
 1 APPPATH\Views\cadastrados.php(16): CodeIgniter\Debug\Exceptions->errorHandler(8, 'Undefined variable: organizadores', 'APPPATH\\Views\\cadastrados.php', 16, [])
 2 SYSTEMPATH\View\View.php(213): include('APPPATH\\Views\\cadastrados.php')
 3 SYSTEMPATH\View\View.php(216): CodeIgniter\View\View->CodeIgniter\View\{closure}()
 4 SYSTEMPATH\Common.php(1142): CodeIgniter\View\View->render('cadastrados', [], true)
 5 APPPATH\Controllers\Main.php(70): view('cadastrados')
 6 SYSTEMPATH\CodeIgniter.php(907): App\Controllers\Main->cadastrados()
 7 SYSTEMPATH\CodeIgniter.php(457): CodeIgniter\CodeIgniter->runController(Object(App\Controllers\Main))
 8 SYSTEMPATH\CodeIgniter.php(340): CodeIgniter\CodeIgniter->handleRequest(null, Object(Config\Cache), false)
 9 FCPATH\index.php(67): CodeIgniter\CodeIgniter->run()
CRITICAL - 2022-09-22 12:46:01 --> Undefined variable: organizadores
in APPPATH\Views\cadastrados.php on line 16.
 1 APPPATH\Views\cadastrados.php(16): CodeIgniter\Debug\Exceptions->errorHandler(8, 'Undefined variable: organizadores', 'APPPATH\\Views\\cadastrados.php', 16, [])
 2 SYSTEMPATH\View\View.php(213): include('APPPATH\\Views\\cadastrados.php')
 3 SYSTEMPATH\View\View.php(216): CodeIgniter\View\View->CodeIgniter\View\{closure}()
 4 SYSTEMPATH\Common.php(1142): CodeIgniter\View\View->render('cadastrados', [], true)
 5 APPPATH\Controllers\Main.php(70): view('cadastrados')
 6 SYSTEMPATH\CodeIgniter.php(907): App\Controllers\Main->cadastrados()
 7 SYSTEMPATH\CodeIgniter.php(457): CodeIgniter\CodeIgniter->runController(Object(App\Controllers\Main))
 8 SYSTEMPATH\CodeIgniter.php(340): CodeIgniter\CodeIgniter->handleRequest(null, Object(Config\Cache), false)
 9 FCPATH\index.php(67): CodeIgniter\CodeIgniter->run()
CRITICAL - 2022-09-22 12:49:03 --> Undefined variable: organizadores
in APPPATH\Views\cadastrados.php on line 16.
 1 APPPATH\Views\cadastrados.php(16): CodeIgniter\Debug\Exceptions->errorHandler(8, 'Undefined variable: organizadores', 'APPPATH\\Views\\cadastrados.php', 16, [])
 2 SYSTEMPATH\View\View.php(213): include('APPPATH\\Views\\cadastrados.php')
 3 SYSTEMPATH\View\View.php(216): CodeIgniter\View\View->CodeIgniter\View\{closure}()
 4 SYSTEMPATH\Common.php(1142): CodeIgniter\View\View->render('cadastrados', [], true)
 5 APPPATH\Controllers\Main.php(70): view('cadastrados')
 6 SYSTEMPATH\CodeIgniter.php(907): App\Controllers\Main->cadastrados()
 7 SYSTEMPATH\CodeIgniter.php(457): CodeIgniter\CodeIgniter->runController(Object(App\Controllers\Main))
 8 SYSTEMPATH\CodeIgniter.php(340): CodeIgniter\CodeIgniter->handleRequest(null, Object(Config\Cache), false)
 9 FCPATH\index.php(67): CodeIgniter\CodeIgniter->run()
CRITICAL - 2022-09-22 12:49:06 --> Undefined variable: organizadores
in APPPATH\Views\cadastrados.php on line 16.
 1 APPPATH\Views\cadastrados.php(16): CodeIgniter\Debug\Exceptions->errorHandler(8, 'Undefined variable: organizadores', 'APPPATH\\Views\\cadastrados.php', 16, [])
 2 SYSTEMPATH\View\View.php(213): include('APPPATH\\Views\\cadastrados.php')
 3 SYSTEMPATH\View\View.php(216): CodeIgniter\View\View->CodeIgniter\View\{closure}()
 4 SYSTEMPATH\Common.php(1142): CodeIgniter\View\View->render('cadastrados', [], true)
 5 APPPATH\Controllers\Main.php(70): view('cadastrados')
 6 SYSTEMPATH\CodeIgniter.php(907): App\Controllers\Main->cadastrados()
 7 SYSTEMPATH\CodeIgniter.php(457): CodeIgniter\CodeIgniter->runController(Object(App\Controllers\Main))
 8 SYSTEMPATH\CodeIgniter.php(340): CodeIgniter\CodeIgniter->handleRequest(null, Object(Config\Cache), false)
 9 FCPATH\index.php(67): CodeIgniter\CodeIgniter->run()
CRITICAL - 2022-09-22 12:49:29 --> Undefined variable: organizadores
in APPPATH\Views\cadastrados.php on line 16.
 1 APPPATH\Views\cadastrados.php(16): CodeIgniter\Debug\Exceptions->errorHandler(8, 'Undefined variable: organizadores', 'APPPATH\\Views\\cadastrados.php', 16, [])
 2 SYSTEMPATH\View\View.php(213): include('APPPATH\\Views\\cadastrados.php')
 3 SYSTEMPATH\View\View.php(216): CodeIgniter\View\View->CodeIgniter\View\{closure}()
 4 SYSTEMPATH\Common.php(1142): CodeIgniter\View\View->render('cadastrados', [], true)
 5 APPPATH\Controllers\Main.php(70): view('cadastrados')
 6 SYSTEMPATH\CodeIgniter.php(907): App\Controllers\Main->cadastrados()
 7 SYSTEMPATH\CodeIgniter.php(457): CodeIgniter\CodeIgniter->runController(Object(App\Controllers\Main))
 8 SYSTEMPATH\CodeIgniter.php(340): CodeIgniter\CodeIgniter->handleRequest(null, Object(Config\Cache), false)
 9 FCPATH\index.php(67): CodeIgniter\CodeIgniter->run()
CRITICAL - 2022-09-22 12:49:31 --> Undefined variable: organizadores
in APPPATH\Views\cadastrados.php on line 16.
 1 APPPATH\Views\cadastrados.php(16): CodeIgniter\Debug\Exceptions->errorHandler(8, 'Undefined variable: organizadores', 'APPPATH\\Views\\cadastrados.php', 16, [])
 2 SYSTEMPATH\View\View.php(213): include('APPPATH\\Views\\cadastrados.php')
 3 SYSTEMPATH\View\View.php(216): CodeIgniter\View\View->CodeIgniter\View\{closure}()
 4 SYSTEMPATH\Common.php(1142): CodeIgniter\View\View->render('cadastrados', [], true)
 5 APPPATH\Controllers\Main.php(70): view('cadastrados')
 6 SYSTEMPATH\CodeIgniter.php(907): App\Controllers\Main->cadastrados()
 7 SYSTEMPATH\CodeIgniter.php(457): CodeIgniter\CodeIgniter->runController(Object(App\Controllers\Main))
 8 SYSTEMPATH\CodeIgniter.php(340): CodeIgniter\CodeIgniter->handleRequest(null, Object(Config\Cache), false)
 9 FCPATH\index.php(67): CodeIgniter\CodeIgniter->run()
CRITICAL - 2022-09-22 12:49:31 --> Undefined variable: organizadores
in APPPATH\Views\cadastrados.php on line 16.
 1 APPPATH\Views\cadastrados.php(16): CodeIgniter\Debug\Exceptions->errorHandler(8, 'Undefined variable: organizadores', 'APPPATH\\Views\\cadastrados.php', 16, [])
 2 SYSTEMPATH\View\View.php(213): include('APPPATH\\Views\\cadastrados.php')
 3 SYSTEMPATH\View\View.php(216): CodeIgniter\View\View->CodeIgniter\View\{closure}()
 4 SYSTEMPATH\Common.php(1142): CodeIgniter\View\View->render('cadastrados', [], true)
 5 APPPATH\Controllers\Main.php(70): view('cadastrados')
 6 SYSTEMPATH\CodeIgniter.php(907): App\Controllers\Main->cadastrados()
 7 SYSTEMPATH\CodeIgniter.php(457): CodeIgniter\CodeIgniter->runController(Object(App\Controllers\Main))
 8 SYSTEMPATH\CodeIgniter.php(340): CodeIgniter\CodeIgniter->handleRequest(null, Object(Config\Cache), false)
 9 FCPATH\index.php(67): CodeIgniter\CodeIgniter->run()
CRITICAL - 2022-09-22 12:49:32 --> Undefined variable: organizadores
in APPPATH\Views\cadastrados.php on line 16.
 1 APPPATH\Views\cadastrados.php(16): CodeIgniter\Debug\Exceptions->errorHandler(8, 'Undefined variable: organizadores', 'APPPATH\\Views\\cadastrados.php', 16, [])
 2 SYSTEMPATH\View\View.php(213): include('APPPATH\\Views\\cadastrados.php')
 3 SYSTEMPATH\View\View.php(216): CodeIgniter\View\View->CodeIgniter\View\{closure}()
 4 SYSTEMPATH\Common.php(1142): CodeIgniter\View\View->render('cadastrados', [], true)
 5 APPPATH\Controllers\Main.php(70): view('cadastrados')
 6 SYSTEMPATH\CodeIgniter.php(907): App\Controllers\Main->cadastrados()
 7 SYSTEMPATH\CodeIgniter.php(457): CodeIgniter\CodeIgniter->runController(Object(App\Controllers\Main))
 8 SYSTEMPATH\CodeIgniter.php(340): CodeIgniter\CodeIgniter->handleRequest(null, Object(Config\Cache), false)
 9 FCPATH\index.php(67): CodeIgniter\CodeIgniter->run()
CRITICAL - 2022-09-22 12:49:34 --> Undefined variable: organizadores
in APPPATH\Views\cadastrados.php on line 16.
 1 APPPATH\Views\cadastrados.php(16): CodeIgniter\Debug\Exceptions->errorHandler(8, 'Undefined variable: organizadores', 'APPPATH\\Views\\cadastrados.php', 16, [])
 2 SYSTEMPATH\View\View.php(213): include('APPPATH\\Views\\cadastrados.php')
 3 SYSTEMPATH\View\View.php(216): CodeIgniter\View\View->CodeIgniter\View\{closure}()
 4 SYSTEMPATH\Common.php(1142): CodeIgniter\View\View->render('cadastrados', [], true)
 5 APPPATH\Controllers\Main.php(70): view('cadastrados')
 6 SYSTEMPATH\CodeIgniter.php(907): App\Controllers\Main->cadastrados()
 7 SYSTEMPATH\CodeIgniter.php(457): CodeIgniter\CodeIgniter->runController(Object(App\Controllers\Main))
 8 SYSTEMPATH\CodeIgniter.php(340): CodeIgniter\CodeIgniter->handleRequest(null, Object(Config\Cache), false)
 9 FCPATH\index.php(67): CodeIgniter\CodeIgniter->run()
CRITICAL - 2022-09-22 12:49:35 --> Undefined variable: organizadores
in APPPATH\Views\cadastrados.php on line 16.
 1 APPPATH\Views\cadastrados.php(16): CodeIgniter\Debug\Exceptions->errorHandler(8, 'Undefined variable: organizadores', 'APPPATH\\Views\\cadastrados.php', 16, [])
 2 SYSTEMPATH\View\View.php(213): include('APPPATH\\Views\\cadastrados.php')
 3 SYSTEMPATH\View\View.php(216): CodeIgniter\View\View->CodeIgniter\View\{closure}()
 4 SYSTEMPATH\Common.php(1142): CodeIgniter\View\View->render('cadastrados', [], true)
 5 APPPATH\Controllers\Main.php(70): view('cadastrados')
 6 SYSTEMPATH\CodeIgniter.php(907): App\Controllers\Main->cadastrados()
 7 SYSTEMPATH\CodeIgniter.php(457): CodeIgniter\CodeIgniter->runController(Object(App\Controllers\Main))
 8 SYSTEMPATH\CodeIgniter.php(340): CodeIgniter\CodeIgniter->handleRequest(null, Object(Config\Cache), false)
 9 FCPATH\index.php(67): CodeIgniter\CodeIgniter->run()
CRITICAL - 2022-09-22 12:49:35 --> Undefined variable: organizadores
in APPPATH\Views\cadastrados.php on line 16.
 1 APPPATH\Views\cadastrados.php(16): CodeIgniter\Debug\Exceptions->errorHandler(8, 'Undefined variable: organizadores', 'APPPATH\\Views\\cadastrados.php', 16, [])
 2 SYSTEMPATH\View\View.php(213): include('APPPATH\\Views\\cadastrados.php')
 3 SYSTEMPATH\View\View.php(216): CodeIgniter\View\View->CodeIgniter\View\{closure}()
 4 SYSTEMPATH\Common.php(1142): CodeIgniter\View\View->render('cadastrados', [], true)
 5 APPPATH\Controllers\Main.php(70): view('cadastrados')
 6 SYSTEMPATH\CodeIgniter.php(907): App\Controllers\Main->cadastrados()
 7 SYSTEMPATH\CodeIgniter.php(457): CodeIgniter\CodeIgniter->runController(Object(App\Controllers\Main))
 8 SYSTEMPATH\CodeIgniter.php(340): CodeIgniter\CodeIgniter->handleRequest(null, Object(Config\Cache), false)
 9 FCPATH\index.php(67): CodeIgniter\CodeIgniter->run()
CRITICAL - 2022-09-22 12:53:37 --> Undefined variable: organizadores
in APPPATH\Views\cadastrados.php on line 16.
 1 APPPATH\Views\cadastrados.php(16): CodeIgniter\Debug\Exceptions->errorHandler(8, 'Undefined variable: organizadores', 'APPPATH\\Views\\cadastrados.php', 16, [])
 2 SYSTEMPATH\View\View.php(213): include('APPPATH\\Views\\cadastrados.php')
 3 SYSTEMPATH\View\View.php(216): CodeIgniter\View\View->CodeIgniter\View\{closure}()
 4 SYSTEMPATH\Common.php(1142): CodeIgniter\View\View->render('cadastrados', [], true)
 5 APPPATH\Controllers\Main.php(70): view('cadastrados')
 6 SYSTEMPATH\CodeIgniter.php(907): App\Controllers\Main->cadastrados()
 7 SYSTEMPATH\CodeIgniter.php(457): CodeIgniter\CodeIgniter->runController(Object(App\Controllers\Main))
 8 SYSTEMPATH\CodeIgniter.php(340): CodeIgniter\CodeIgniter->handleRequest(null, Object(Config\Cache), false)
 9 FCPATH\index.php(67): CodeIgniter\CodeIgniter->run()
CRITICAL - 2022-09-22 12:53:39 --> Undefined variable: organizadores
in APPPATH\Views\cadastrados.php on line 16.
 1 APPPATH\Views\cadastrados.php(16): CodeIgniter\Debug\Exceptions->errorHandler(8, 'Undefined variable: organizadores', 'APPPATH\\Views\\cadastrados.php', 16, [])
 2 SYSTEMPATH\View\View.php(213): include('APPPATH\\Views\\cadastrados.php')
 3 SYSTEMPATH\View\View.php(216): CodeIgniter\View\View->CodeIgniter\View\{closure}()
 4 SYSTEMPATH\Common.php(1142): CodeIgniter\View\View->render('cadastrados', [], true)
 5 APPPATH\Controllers\Main.php(70): view('cadastrados')
 6 SYSTEMPATH\CodeIgniter.php(907): App\Controllers\Main->cadastrados()
 7 SYSTEMPATH\CodeIgniter.php(457): CodeIgniter\CodeIgniter->runController(Object(App\Controllers\Main))
 8 SYSTEMPATH\CodeIgniter.php(340): CodeIgniter\CodeIgniter->handleRequest(null, Object(Config\Cache), false)
 9 FCPATH\index.php(67): CodeIgniter\CodeIgniter->run()
CRITICAL - 2022-09-22 12:55:03 --> Undefined variable: organizadores
in APPPATH\Views\cadastrados.php on line 16.
 1 APPPATH\Views\cadastrados.php(16): CodeIgniter\Debug\Exceptions->errorHandler(8, 'Undefined variable: organizadores', 'APPPATH\\Views\\cadastrados.php', 16, [])
 2 SYSTEMPATH\View\View.php(213): include('APPPATH\\Views\\cadastrados.php')
 3 SYSTEMPATH\View\View.php(216): CodeIgniter\View\View->CodeIgniter\View\{closure}()
 4 SYSTEMPATH\Common.php(1142): CodeIgniter\View\View->render('cadastrados', [], true)
 5 APPPATH\Controllers\Main.php(70): view('cadastrados')
 6 SYSTEMPATH\CodeIgniter.php(907): App\Controllers\Main->cadastrados()
 7 SYSTEMPATH\CodeIgniter.php(457): CodeIgniter\CodeIgniter->runController(Object(App\Controllers\Main))
 8 SYSTEMPATH\CodeIgniter.php(340): CodeIgniter\CodeIgniter->handleRequest(null, Object(Config\Cache), false)
 9 FCPATH\index.php(67): CodeIgniter\CodeIgniter->run()
CRITICAL - 2022-09-22 12:55:55 --> Undefined variable: organizadores
in APPPATH\Views\cadastrados.php on line 16.
 1 APPPATH\Views\cadastrados.php(16): CodeIgniter\Debug\Exceptions->errorHandler(8, 'Undefined variable: organizadores', 'APPPATH\\Views\\cadastrados.php', 16, [])
 2 SYSTEMPATH\View\View.php(213): include('APPPATH\\Views\\cadastrados.php')
 3 SYSTEMPATH\View\View.php(216): CodeIgniter\View\View->CodeIgniter\View\{closure}()
 4 SYSTEMPATH\Common.php(1142): CodeIgniter\View\View->render('cadastrados', [], true)
 5 APPPATH\Controllers\Main.php(70): view('cadastrados')
 6 SYSTEMPATH\CodeIgniter.php(907): App\Controllers\Main->cadastrados()
 7 SYSTEMPATH\CodeIgniter.php(457): CodeIgniter\CodeIgniter->runController(Object(App\Controllers\Main))
 8 SYSTEMPATH\CodeIgniter.php(340): CodeIgniter\CodeIgniter->handleRequest(null, Object(Config\Cache), false)
 9 FCPATH\index.php(67): CodeIgniter\CodeIgniter->run()
CRITICAL - 2022-09-22 12:56:04 --> Undefined variable: organizadores
in APPPATH\Views\cadastrados.php on line 16.
 1 APPPATH\Views\cadastrados.php(16): CodeIgniter\Debug\Exceptions->errorHandler(8, 'Undefined variable: organizadores', 'APPPATH\\Views\\cadastrados.php', 16, [])
 2 SYSTEMPATH\View\View.php(213): include('APPPATH\\Views\\cadastrados.php')
 3 SYSTEMPATH\View\View.php(216): CodeIgniter\View\View->CodeIgniter\View\{closure}()
 4 SYSTEMPATH\Common.php(1142): CodeIgniter\View\View->render('cadastrados', [], true)
 5 APPPATH\Controllers\Main.php(70): view('cadastrados')
 6 SYSTEMPATH\CodeIgniter.php(907): App\Controllers\Main->cadastrados()
 7 SYSTEMPATH\CodeIgniter.php(457): CodeIgniter\CodeIgniter->runController(Object(App\Controllers\Main))
 8 SYSTEMPATH\CodeIgniter.php(340): CodeIgniter\CodeIgniter->handleRequest(null, Object(Config\Cache), false)
 9 FCPATH\index.php(67): CodeIgniter\CodeIgniter->run()
CRITICAL - 2022-09-22 12:56:27 --> Undefined variable: organizadores
in APPPATH\Views\cadastrados.php on line 16.
 1 APPPATH\Views\cadastrados.php(16): CodeIgniter\Debug\Exceptions->errorHandler(8, 'Undefined variable: organizadores', 'APPPATH\\Views\\cadastrados.php', 16, [])
 2 SYSTEMPATH\View\View.php(213): include('APPPATH\\Views\\cadastrados.php')
 3 SYSTEMPATH\View\View.php(216): CodeIgniter\View\View->CodeIgniter\View\{closure}()
 4 SYSTEMPATH\Common.php(1142): CodeIgniter\View\View->render('cadastrados', [], true)
 5 APPPATH\Controllers\Main.php(70): view('cadastrados')
 6 SYSTEMPATH\CodeIgniter.php(907): App\Controllers\Main->cadastrados()
 7 SYSTEMPATH\CodeIgniter.php(457): CodeIgniter\CodeIgniter->runController(Object(App\Controllers\Main))
 8 SYSTEMPATH\CodeIgniter.php(340): CodeIgniter\CodeIgniter->handleRequest(null, Object(Config\Cache), false)
 9 FCPATH\index.php(67): CodeIgniter\CodeIgniter->run()
CRITICAL - 2022-09-22 12:56:46 --> Undefined variable: organizadores
in APPPATH\Views\cadastrados.php on line 16.
 1 APPPATH\Views\cadastrados.php(16): CodeIgniter\Debug\Exceptions->errorHandler(8, 'Undefined variable: organizadores', 'APPPATH\\Views\\cadastrados.php', 16, [])
 2 SYSTEMPATH\View\View.php(213): include('APPPATH\\Views\\cadastrados.php')
 3 SYSTEMPATH\View\View.php(216): CodeIgniter\View\View->CodeIgniter\View\{closure}()
 4 SYSTEMPATH\Common.php(1142): CodeIgniter\View\View->render('cadastrados', [], true)
 5 APPPATH\Controllers\Main.php(70): view('cadastrados')
 6 SYSTEMPATH\CodeIgniter.php(907): App\Controllers\Main->cadastrados()
 7 SYSTEMPATH\CodeIgniter.php(457): CodeIgniter\CodeIgniter->runController(Object(App\Controllers\Main))
 8 SYSTEMPATH\CodeIgniter.php(340): CodeIgniter\CodeIgniter->handleRequest(null, Object(Config\Cache), false)
 9 FCPATH\index.php(67): CodeIgniter\CodeIgniter->run()
CRITICAL - 2022-09-22 12:57:37 --> Undefined variable: organizadores
in APPPATH\Views\cadastrados.php on line 16.
 1 APPPATH\Views\cadastrados.php(16): CodeIgniter\Debug\Exceptions->errorHandler(8, 'Undefined variable: organizadores', 'APPPATH\\Views\\cadastrados.php', 16, [])
 2 SYSTEMPATH\View\View.php(213): include('APPPATH\\Views\\cadastrados.php')
 3 SYSTEMPATH\View\View.php(216): CodeIgniter\View\View->CodeIgniter\View\{closure}()
 4 SYSTEMPATH\Common.php(1142): CodeIgniter\View\View->render('cadastrados', [], true)
 5 APPPATH\Controllers\Main.php(70): view('cadastrados')
 6 SYSTEMPATH\CodeIgniter.php(907): App\Controllers\Main->cadastrados()
 7 SYSTEMPATH\CodeIgniter.php(457): CodeIgniter\CodeIgniter->runController(Object(App\Controllers\Main))
 8 SYSTEMPATH\CodeIgniter.php(340): CodeIgniter\CodeIgniter->handleRequest(null, Object(Config\Cache), false)
 9 FCPATH\index.php(67): CodeIgniter\CodeIgniter->run()
CRITICAL - 2022-09-22 12:57:44 --> Undefined variable: organizadores
in APPPATH\Views\cadastrados.php on line 16.
 1 APPPATH\Views\cadastrados.php(16): CodeIgniter\Debug\Exceptions->errorHandler(8, 'Undefined variable: organizadores', 'APPPATH\\Views\\cadastrados.php', 16, [])
 2 SYSTEMPATH\View\View.php(213): include('APPPATH\\Views\\cadastrados.php')
 3 SYSTEMPATH\View\View.php(216): CodeIgniter\View\View->CodeIgniter\View\{closure}()
 4 SYSTEMPATH\Common.php(1142): CodeIgniter\View\View->render('cadastrados', [], true)
 5 APPPATH\Controllers\Main.php(70): view('cadastrados')
 6 SYSTEMPATH\CodeIgniter.php(907): App\Controllers\Main->cadastrados()
 7 SYSTEMPATH\CodeIgniter.php(457): CodeIgniter\CodeIgniter->runController(Object(App\Controllers\Main))
 8 SYSTEMPATH\CodeIgniter.php(340): CodeIgniter\CodeIgniter->handleRequest(null, Object(Config\Cache), false)
 9 FCPATH\index.php(67): CodeIgniter\CodeIgniter->run()
CRITICAL - 2022-09-22 13:42:03 --> Invalid file: main/cadastrados.php
in SYSTEMPATH\Exceptions\FrameworkException.php on line 33.
 1 SYSTEMPATH\View\View.php(201): CodeIgniter\Exceptions\FrameworkException::forInvalidFile('main/cadastrados.php')
 2 SYSTEMPATH\Common.php(1142): CodeIgniter\View\View->render('main/cadastrados', [], true)
 3 APPPATH\Controllers\Main.php(43): view('main/cadastrados')
 4 SYSTEMPATH\CodeIgniter.php(907): App\Controllers\Main->store()
 5 SYSTEMPATH\CodeIgniter.php(457): CodeIgniter\CodeIgniter->runController(Object(App\Controllers\Main))
 6 SYSTEMPATH\CodeIgniter.php(340): CodeIgniter\CodeIgniter->handleRequest(null, Object(Config\Cache), false)
 7 FCPATH\index.php(67): CodeIgniter\CodeIgniter->run()
CRITICAL - 2022-09-22 13:42:25 --> Undefined variable: organizadores
in APPPATH\Views\cadastrados.php on line 28.
 1 APPPATH\Views\cadastrados.php(28): CodeIgniter\Debug\Exceptions->errorHandler(8, 'Undefined variable: organizadores', 'APPPATH\\Views\\cadastrados.php', 28, [])
 2 SYSTEMPATH\View\View.php(213): include('APPPATH\\Views\\cadastrados.php')
 3 SYSTEMPATH\View\View.php(216): CodeIgniter\View\View->CodeIgniter\View\{closure}()
 4 SYSTEMPATH\Common.php(1142): CodeIgniter\View\View->render('cadastrados', [], true)
 5 APPPATH\Controllers\Main.php(43): view('cadastrados')
 6 SYSTEMPATH\CodeIgniter.php(907): App\Controllers\Main->store()
 7 SYSTEMPATH\CodeIgniter.php(457): CodeIgniter\CodeIgniter->runController(Object(App\Controllers\Main))
 8 SYSTEMPATH\CodeIgniter.php(340): CodeIgniter\CodeIgniter->handleRequest(null, Object(Config\Cache), false)
 9 FCPATH\index.php(67): CodeIgniter\CodeIgniter->run()
CRITICAL - 2022-09-22 13:46:02 --> Undefined variable: organizadores
in APPPATH\Views\cadastrados.php on line 28.
 1 APPPATH\Views\cadastrados.php(28): CodeIgniter\Debug\Exceptions->errorHandler(8, 'Undefined variable: organizadores', 'APPPATH\\Views\\cadastrados.php', 28, [])
 2 SYSTEMPATH\View\View.php(213): include('APPPATH\\Views\\cadastrados.php')
 3 SYSTEMPATH\View\View.php(216): CodeIgniter\View\View->CodeIgniter\View\{closure}()
 4 SYSTEMPATH\Common.php(1142): CodeIgniter\View\View->render('cadastrados', [], true)
 5 APPPATH\Controllers\Main.php(43): view('cadastrados')
 6 SYSTEMPATH\CodeIgniter.php(907): App\Controllers\Main->store()
 7 SYSTEMPATH\CodeIgniter.php(457): CodeIgniter\CodeIgniter->runController(Object(App\Controllers\Main))
 8 SYSTEMPATH\CodeIgniter.php(340): CodeIgniter\CodeIgniter->handleRequest(null, Object(Config\Cache), false)
 9 FCPATH\index.php(67): CodeIgniter\CodeIgniter->run()
CRITICAL - 2022-09-22 13:48:16 --> Undefined variable: organizadores
in APPPATH\Views\cadastrados.php on line 28.
 1 APPPATH\Views\cadastrados.php(28): CodeIgniter\Debug\Exceptions->errorHandler(8, 'Undefined variable: organizadores', 'APPPATH\\Views\\cadastrados.php', 28, [])
 2 SYSTEMPATH\View\View.php(213): include('APPPATH\\Views\\cadastrados.php')
 3 SYSTEMPATH\View\View.php(216): CodeIgniter\View\View->CodeIgniter\View\{closure}()
 4 SYSTEMPATH\Common.php(1142): CodeIgniter\View\View->render('cadastrados', [], true)
 5 APPPATH\Controllers\Main.php(65): view('cadastrados')
 6 SYSTEMPATH\CodeIgniter.php(907): App\Controllers\Main->excluir('11')
 7 SYSTEMPATH\CodeIgniter.php(457): CodeIgniter\CodeIgniter->runController(Object(App\Controllers\Main))
 8 SYSTEMPATH\CodeIgniter.php(340): CodeIgniter\CodeIgniter->handleRequest(null, Object(Config\Cache), false)
 9 FCPATH\index.php(67): CodeIgniter\CodeIgniter->run()
CRITICAL - 2022-09-22 13:51:19 --> header() expects at least 1 parameter, 0 given
in APPPATH\Controllers\Main.php on line 79.
 1 [internal function]: CodeIgniter\Debug\Exceptions->errorHandler(2, 'header() expects at least 1 parameter, 0 given', 'APPPATH\\Controllers\\Main.php', 79, [...])
 2 APPPATH\Controllers\Main.php(79): header()
 3 SYSTEMPATH\CodeIgniter.php(907): App\Controllers\Main->excluir('3')
 4 SYSTEMPATH\CodeIgniter.php(457): CodeIgniter\CodeIgniter->runController(Object(App\Controllers\Main))
 5 SYSTEMPATH\CodeIgniter.php(340): CodeIgniter\CodeIgniter->handleRequest(null, Object(Config\Cache), false)
 6 FCPATH\index.php(67): CodeIgniter\CodeIgniter->run()
CRITICAL - 2022-09-22 13:51:19 --> header() expects at least 1 parameter, 0 given
in APPPATH\Controllers\Main.php on line 79.
 1 [internal function]: CodeIgniter\Debug\Exceptions->errorHandler(2, 'header() expects at least 1 parameter, 0 given', 'APPPATH\\Controllers\\Main.php', 79, [...])
 2 APPPATH\Controllers\Main.php(79): header()
 3 SYSTEMPATH\CodeIgniter.php(907): App\Controllers\Main->excluir('3')
 4 SYSTEMPATH\CodeIgniter.php(457): CodeIgniter\CodeIgniter->runController(Object(App\Controllers\Main))
 5 SYSTEMPATH\CodeIgniter.php(340): CodeIgniter\CodeIgniter->handleRequest(null, Object(Config\Cache), false)
 6 FCPATH\index.php(67): CodeIgniter\CodeIgniter->run()
CRITICAL - 2022-09-22 13:51:20 --> header() expects at least 1 parameter, 0 given
in APPPATH\Controllers\Main.php on line 79.
 1 [internal function]: CodeIgniter\Debug\Exceptions->errorHandler(2, 'header() expects at least 1 parameter, 0 given', 'APPPATH\\Controllers\\Main.php', 79, [...])
 2 APPPATH\Controllers\Main.php(79): header()
 3 SYSTEMPATH\CodeIgniter.php(907): App\Controllers\Main->excluir('FCPATH\\assets', 'sneat', 'FCPATH\\assets', 'img', 'favicon', 'FCPATH\\favicon.ico')
 4 SYSTEMPATH\CodeIgniter.php(457): CodeIgniter\CodeIgniter->runController(Object(App\Controllers\Main))
 5 SYSTEMPATH\CodeIgniter.php(340): CodeIgniter\CodeIgniter->handleRequest(null, Object(Config\Cache), false)
 6 FCPATH\index.php(67): CodeIgniter\CodeIgniter->run()
