CRITICAL - 2022-09-28 08:02:51 --> Undefined variable: organizadores
in APPPATH\Views\cadastrados.php on line 118.
 1 APPPATH\Views\cadastrados.php(118): CodeIgniter\Debug\Exceptions->errorHandler(8, 'Undefined variable: organizadores', 'APPPATH\\Views\\cadastrados.php', 118, [...])
 2 SYSTEMPATH\View\View.php(213): include('APPPATH\\Views\\cadastrados.php')
 3 SYSTEMPATH\View\View.php(216): CodeIgniter\View\View->CodeIgniter\View\{closure}()
 4 SYSTEMPATH\Common.php(1142): CodeIgniter\View\View->render('cadastrados', [], true)
 5 APPPATH\Controllers\Main.php(71): view('cadastrados', [...])
 6 SYSTEMPATH\CodeIgniter.php(907): App\Controllers\Main->edit('1')
 7 SYSTEMPATH\CodeIgniter.php(457): CodeIgniter\CodeIgniter->runController(Object(App\Controllers\Main))
 8 SYSTEMPATH\CodeIgniter.php(340): CodeIgniter\CodeIgniter->handleRequest(null, Object(Config\Cache), false)
 9 FCPATH\index.php(67): CodeIgniter\CodeIgniter->run()
CRITICAL - 2022-09-28 08:30:40 --> Undefined variable: organizadores
in APPPATH\Views\cadastrados.php on line 123.
 1 APPPATH\Views\cadastrados.php(123): CodeIgniter\Debug\Exceptions->errorHandler(8, 'Undefined variable: organizadores', 'APPPATH\\Views\\cadastrados.php', 123, [...])
 2 SYSTEMPATH\View\View.php(213): include('APPPATH\\Views\\cadastrados.php')
 3 SYSTEMPATH\View\View.php(216): CodeIgniter\View\View->CodeIgniter\View\{closure}()
 4 SYSTEMPATH\Common.php(1142): CodeIgniter\View\View->render('cadastrados', [], true)
 5 APPPATH\Controllers\Main.php(71): view('cadastrados', [...])
 6 SYSTEMPATH\CodeIgniter.php(907): App\Controllers\Main->edit('1')
 7 SYSTEMPATH\CodeIgniter.php(457): CodeIgniter\CodeIgniter->runController(Object(App\Controllers\Main))
 8 SYSTEMPATH\CodeIgniter.php(340): CodeIgniter\CodeIgniter->handleRequest(null, Object(Config\Cache), false)
 9 FCPATH\index.php(67): CodeIgniter\CodeIgniter->run()
CRITICAL - 2022-09-28 08:31:34 --> Undefined variable: organizadores
in APPPATH\Views\cadastrados.php on line 123.
 1 APPPATH\Views\cadastrados.php(123): CodeIgniter\Debug\Exceptions->errorHandler(8, 'Undefined variable: organizadores', 'APPPATH\\Views\\cadastrados.php', 123, [...])
 2 SYSTEMPATH\View\View.php(213): include('APPPATH\\Views\\cadastrados.php')
 3 SYSTEMPATH\View\View.php(216): CodeIgniter\View\View->CodeIgniter\View\{closure}()
 4 SYSTEMPATH\Common.php(1142): CodeIgniter\View\View->render('cadastrados', [], true)
 5 APPPATH\Controllers\Main.php(80): view('cadastrados', [...])
 6 SYSTEMPATH\CodeIgniter.php(907): App\Controllers\Main->edit('1')
 7 SYSTEMPATH\CodeIgniter.php(457): CodeIgniter\CodeIgniter->runController(Object(App\Controllers\Main))
 8 SYSTEMPATH\CodeIgniter.php(340): CodeIgniter\CodeIgniter->handleRequest(null, Object(Config\Cache), false)
 9 FCPATH\index.php(67): CodeIgniter\CodeIgniter->run()
CRITICAL - 2022-09-28 08:41:15 --> Undefined variable: organizadores
in APPPATH\Views\cadastrados.php on line 123.
 1 APPPATH\Views\cadastrados.php(123): CodeIgniter\Debug\Exceptions->errorHandler(8, 'Undefined variable: organizadores', 'APPPATH\\Views\\cadastrados.php', 123, [...])
 2 SYSTEMPATH\View\View.php(213): include('APPPATH\\Views\\cadastrados.php')
 3 SYSTEMPATH\View\View.php(216): CodeIgniter\View\View->CodeIgniter\View\{closure}()
 4 SYSTEMPATH\Common.php(1142): CodeIgniter\View\View->render('cadastrados', [], true)
 5 APPPATH\Controllers\Main.php(84): view('cadastrados', [...])
 6 SYSTEMPATH\CodeIgniter.php(907): App\Controllers\Main->edit('1')
 7 SYSTEMPATH\CodeIgniter.php(457): CodeIgniter\CodeIgniter->runController(Object(App\Controllers\Main))
 8 SYSTEMPATH\CodeIgniter.php(340): CodeIgniter\CodeIgniter->handleRequest(null, Object(Config\Cache), false)
 9 FCPATH\index.php(67): CodeIgniter\CodeIgniter->run()
CRITICAL - 2022-09-28 08:42:08 --> Undefined variable: organizadores
in APPPATH\Views\cadastrados.php on line 123.
 1 APPPATH\Views\cadastrados.php(123): CodeIgniter\Debug\Exceptions->errorHandler(8, 'Undefined variable: organizadores', 'APPPATH\\Views\\cadastrados.php', 123, [...])
 2 SYSTEMPATH\View\View.php(213): include('APPPATH\\Views\\cadastrados.php')
 3 SYSTEMPATH\View\View.php(216): CodeIgniter\View\View->CodeIgniter\View\{closure}()
 4 SYSTEMPATH\Common.php(1142): CodeIgniter\View\View->render('cadastrados', [], true)
 5 APPPATH\Controllers\Main.php(85): view('cadastrados', [...])
 6 SYSTEMPATH\CodeIgniter.php(907): App\Controllers\Main->edit('1')
 7 SYSTEMPATH\CodeIgniter.php(457): CodeIgniter\CodeIgniter->runController(Object(App\Controllers\Main))
 8 SYSTEMPATH\CodeIgniter.php(340): CodeIgniter\CodeIgniter->handleRequest(null, Object(Config\Cache), false)
 9 FCPATH\index.php(67): CodeIgniter\CodeIgniter->run()
CRITICAL - 2022-09-28 08:42:09 --> Undefined variable: organizadores
in APPPATH\Views\cadastrados.php on line 123.
 1 APPPATH\Views\cadastrados.php(123): CodeIgniter\Debug\Exceptions->errorHandler(8, 'Undefined variable: organizadores', 'APPPATH\\Views\\cadastrados.php', 123, [...])
 2 SYSTEMPATH\View\View.php(213): include('APPPATH\\Views\\cadastrados.php')
 3 SYSTEMPATH\View\View.php(216): CodeIgniter\View\View->CodeIgniter\View\{closure}()
 4 SYSTEMPATH\Common.php(1142): CodeIgniter\View\View->render('cadastrados', [], true)
 5 APPPATH\Controllers\Main.php(85): view('cadastrados', [...])
 6 SYSTEMPATH\CodeIgniter.php(907): App\Controllers\Main->edit('1')
 7 SYSTEMPATH\CodeIgniter.php(457): CodeIgniter\CodeIgniter->runController(Object(App\Controllers\Main))
 8 SYSTEMPATH\CodeIgniter.php(340): CodeIgniter\CodeIgniter->handleRequest(null, Object(Config\Cache), false)
 9 FCPATH\index.php(67): CodeIgniter\CodeIgniter->run()
CRITICAL - 2022-09-28 08:42:14 --> Undefined variable: organizadores
in APPPATH\Views\cadastrados.php on line 123.
 1 APPPATH\Views\cadastrados.php(123): CodeIgniter\Debug\Exceptions->errorHandler(8, 'Undefined variable: organizadores', 'APPPATH\\Views\\cadastrados.php', 123, [...])
 2 SYSTEMPATH\View\View.php(213): include('APPPATH\\Views\\cadastrados.php')
 3 SYSTEMPATH\View\View.php(216): CodeIgniter\View\View->CodeIgniter\View\{closure}()
 4 SYSTEMPATH\Common.php(1142): CodeIgniter\View\View->render('cadastrados', [], true)
 5 APPPATH\Controllers\Main.php(85): view('cadastrados', [...])
 6 SYSTEMPATH\CodeIgniter.php(907): App\Controllers\Main->edit('1')
 7 SYSTEMPATH\CodeIgniter.php(457): CodeIgniter\CodeIgniter->runController(Object(App\Controllers\Main))
 8 SYSTEMPATH\CodeIgniter.php(340): CodeIgniter\CodeIgniter->handleRequest(null, Object(Config\Cache), false)
 9 FCPATH\index.php(67): CodeIgniter\CodeIgniter->run()
CRITICAL - 2022-09-28 08:48:40 --> Undefined variable: organizadores
in APPPATH\Views\cadastrados.php on line 123.
 1 APPPATH\Views\cadastrados.php(123): CodeIgniter\Debug\Exceptions->errorHandler(8, 'Undefined variable: organizadores', 'APPPATH\\Views\\cadastrados.php', 123, [...])
 2 SYSTEMPATH\View\View.php(213): include('APPPATH\\Views\\cadastrados.php')
 3 SYSTEMPATH\View\View.php(216): CodeIgniter\View\View->CodeIgniter\View\{closure}()
 4 SYSTEMPATH\Common.php(1142): CodeIgniter\View\View->render('cadastrados', [], true)
 5 APPPATH\Controllers\Main.php(86): view('cadastrados', [...])
 6 SYSTEMPATH\CodeIgniter.php(907): App\Controllers\Main->edit('1')
 7 SYSTEMPATH\CodeIgniter.php(457): CodeIgniter\CodeIgniter->runController(Object(App\Controllers\Main))
 8 SYSTEMPATH\CodeIgniter.php(340): CodeIgniter\CodeIgniter->handleRequest(null, Object(Config\Cache), false)
 9 FCPATH\index.php(67): CodeIgniter\CodeIgniter->run()
CRITICAL - 2022-09-28 11:00:25 --> Undefined variable: organizadores
in APPPATH\Views\cadastrados.php on line 99.
 1 APPPATH\Views\cadastrados.php(99): CodeIgniter\Debug\Exceptions->errorHandler(8, 'Undefined variable: organizadores', 'APPPATH\\Views\\cadastrados.php', 99, [...])
 2 SYSTEMPATH\View\View.php(213): include('APPPATH\\Views\\cadastrados.php')
 3 SYSTEMPATH\View\View.php(216): CodeIgniter\View\View->CodeIgniter\View\{closure}()
 4 SYSTEMPATH\Common.php(1142): CodeIgniter\View\View->render('cadastrados', [], true)
 5 APPPATH\Controllers\Main.php(138): view('cadastrados', [...])
 6 SYSTEMPATH\CodeIgniter.php(907): App\Controllers\Main->cadastrados()
 7 SYSTEMPATH\CodeIgniter.php(457): CodeIgniter\CodeIgniter->runController(Object(App\Controllers\Main))
 8 SYSTEMPATH\CodeIgniter.php(340): CodeIgniter\CodeIgniter->handleRequest(null, Object(Config\Cache), false)
 9 FCPATH\index.php(67): CodeIgniter\CodeIgniter->run()
CRITICAL - 2022-09-28 11:15:32 --> Undefined variable: organizador
in APPPATH\Views\cadastrados.php on line 119.
 1 APPPATH\Views\cadastrados.php(119): CodeIgniter\Debug\Exceptions->errorHandler(8, 'Undefined variable: organizador', 'APPPATH\\Views\\cadastrados.php', 119, [...])
 2 SYSTEMPATH\View\View.php(213): include('APPPATH\\Views\\cadastrados.php')
 3 SYSTEMPATH\View\View.php(216): CodeIgniter\View\View->CodeIgniter\View\{closure}()
 4 SYSTEMPATH\Common.php(1142): CodeIgniter\View\View->render('cadastrados', [], true)
 5 APPPATH\Controllers\Main.php(137): view('cadastrados', [...])
 6 SYSTEMPATH\CodeIgniter.php(907): App\Controllers\Main->cadastrados()
 7 SYSTEMPATH\CodeIgniter.php(457): CodeIgniter\CodeIgniter->runController(Object(App\Controllers\Main))
 8 SYSTEMPATH\CodeIgniter.php(340): CodeIgniter\CodeIgniter->handleRequest(null, Object(Config\Cache), false)
 9 FCPATH\index.php(67): CodeIgniter\CodeIgniter->run()
CRITICAL - 2022-09-28 11:15:43 --> Undefined variable: organizador
in APPPATH\Views\cadastrados.php on line 119.
 1 APPPATH\Views\cadastrados.php(119): CodeIgniter\Debug\Exceptions->errorHandler(8, 'Undefined variable: organizador', 'APPPATH\\Views\\cadastrados.php', 119, [...])
 2 SYSTEMPATH\View\View.php(213): include('APPPATH\\Views\\cadastrados.php')
 3 SYSTEMPATH\View\View.php(216): CodeIgniter\View\View->CodeIgniter\View\{closure}()
 4 SYSTEMPATH\Common.php(1142): CodeIgniter\View\View->render('cadastrados', [], true)
 5 APPPATH\Controllers\Main.php(137): view('cadastrados', [...])
 6 SYSTEMPATH\CodeIgniter.php(907): App\Controllers\Main->cadastrados()
 7 SYSTEMPATH\CodeIgniter.php(457): CodeIgniter\CodeIgniter->runController(Object(App\Controllers\Main))
 8 SYSTEMPATH\CodeIgniter.php(340): CodeIgniter\CodeIgniter->handleRequest(null, Object(Config\Cache), false)
 9 FCPATH\index.php(67): CodeIgniter\CodeIgniter->run()
CRITICAL - 2022-09-28 11:16:32 --> Undefined index: id
in APPPATH\Views\cadastrados.php on line 119.
 1 APPPATH\Views\cadastrados.php(119): CodeIgniter\Debug\Exceptions->errorHandler(8, 'Undefined index: id', 'APPPATH\\Views\\cadastrados.php', 119, [...])
 2 SYSTEMPATH\View\View.php(213): include('APPPATH\\Views\\cadastrados.php')
 3 SYSTEMPATH\View\View.php(216): CodeIgniter\View\View->CodeIgniter\View\{closure}()
 4 SYSTEMPATH\Common.php(1142): CodeIgniter\View\View->render('cadastrados', [], true)
 5 APPPATH\Controllers\Main.php(137): view('cadastrados', [...])
 6 SYSTEMPATH\CodeIgniter.php(907): App\Controllers\Main->cadastrados()
 7 SYSTEMPATH\CodeIgniter.php(457): CodeIgniter\CodeIgniter->runController(Object(App\Controllers\Main))
 8 SYSTEMPATH\CodeIgniter.php(340): CodeIgniter\CodeIgniter->handleRequest(null, Object(Config\Cache), false)
 9 FCPATH\index.php(67): CodeIgniter\CodeIgniter->run()
CRITICAL - 2022-09-28 11:16:33 --> Undefined index: id
in APPPATH\Views\cadastrados.php on line 119.
 1 APPPATH\Views\cadastrados.php(119): CodeIgniter\Debug\Exceptions->errorHandler(8, 'Undefined index: id', 'APPPATH\\Views\\cadastrados.php', 119, [...])
 2 SYSTEMPATH\View\View.php(213): include('APPPATH\\Views\\cadastrados.php')
 3 SYSTEMPATH\View\View.php(216): CodeIgniter\View\View->CodeIgniter\View\{closure}()
 4 SYSTEMPATH\Common.php(1142): CodeIgniter\View\View->render('cadastrados', [], true)
 5 APPPATH\Controllers\Main.php(137): view('cadastrados', [...])
 6 SYSTEMPATH\CodeIgniter.php(907): App\Controllers\Main->cadastrados()
 7 SYSTEMPATH\CodeIgniter.php(457): CodeIgniter\CodeIgniter->runController(Object(App\Controllers\Main))
 8 SYSTEMPATH\CodeIgniter.php(340): CodeIgniter\CodeIgniter->handleRequest(null, Object(Config\Cache), false)
 9 FCPATH\index.php(67): CodeIgniter\CodeIgniter->run()
CRITICAL - 2022-09-28 11:16:58 --> Undefined index: id
in APPPATH\Views\cadastrados.php on line 119.
 1 APPPATH\Views\cadastrados.php(119): CodeIgniter\Debug\Exceptions->errorHandler(8, 'Undefined index: id', 'APPPATH\\Views\\cadastrados.php', 119, [...])
 2 SYSTEMPATH\View\View.php(213): include('APPPATH\\Views\\cadastrados.php')
 3 SYSTEMPATH\View\View.php(216): CodeIgniter\View\View->CodeIgniter\View\{closure}()
 4 SYSTEMPATH\Common.php(1142): CodeIgniter\View\View->render('cadastrados', [], true)
 5 APPPATH\Controllers\Main.php(137): view('cadastrados', [...])
 6 SYSTEMPATH\CodeIgniter.php(907): App\Controllers\Main->cadastrados()
 7 SYSTEMPATH\CodeIgniter.php(457): CodeIgniter\CodeIgniter->runController(Object(App\Controllers\Main))
 8 SYSTEMPATH\CodeIgniter.php(340): CodeIgniter\CodeIgniter->handleRequest(null, Object(Config\Cache), false)
 9 FCPATH\index.php(67): CodeIgniter\CodeIgniter->run()
CRITICAL - 2022-09-28 11:17:17 --> Undefined index: id
in APPPATH\Views\cadastrados.php on line 119.
 1 APPPATH\Views\cadastrados.php(119): CodeIgniter\Debug\Exceptions->errorHandler(8, 'Undefined index: id', 'APPPATH\\Views\\cadastrados.php', 119, [...])
 2 SYSTEMPATH\View\View.php(213): include('APPPATH\\Views\\cadastrados.php')
 3 SYSTEMPATH\View\View.php(216): CodeIgniter\View\View->CodeIgniter\View\{closure}()
 4 SYSTEMPATH\Common.php(1142): CodeIgniter\View\View->render('cadastrados', [], true)
 5 APPPATH\Controllers\Main.php(137): view('cadastrados', [...])
 6 SYSTEMPATH\CodeIgniter.php(907): App\Controllers\Main->cadastrados()
 7 SYSTEMPATH\CodeIgniter.php(457): CodeIgniter\CodeIgniter->runController(Object(App\Controllers\Main))
 8 SYSTEMPATH\CodeIgniter.php(340): CodeIgniter\CodeIgniter->handleRequest(null, Object(Config\Cache), false)
 9 FCPATH\index.php(67): CodeIgniter\CodeIgniter->run()
CRITICAL - 2022-09-28 11:17:47 --> Undefined index: id
in APPPATH\Views\cadastrados.php on line 119.
 1 APPPATH\Views\cadastrados.php(119): CodeIgniter\Debug\Exceptions->errorHandler(8, 'Undefined index: id', 'APPPATH\\Views\\cadastrados.php', 119, [...])
 2 SYSTEMPATH\View\View.php(213): include('APPPATH\\Views\\cadastrados.php')
 3 SYSTEMPATH\View\View.php(216): CodeIgniter\View\View->CodeIgniter\View\{closure}()
 4 SYSTEMPATH\Common.php(1142): CodeIgniter\View\View->render('cadastrados', [], true)
 5 APPPATH\Controllers\Main.php(137): view('cadastrados', [...])
 6 SYSTEMPATH\CodeIgniter.php(907): App\Controllers\Main->cadastrados()
 7 SYSTEMPATH\CodeIgniter.php(457): CodeIgniter\CodeIgniter->runController(Object(App\Controllers\Main))
 8 SYSTEMPATH\CodeIgniter.php(340): CodeIgniter\CodeIgniter->handleRequest(null, Object(Config\Cache), false)
 9 FCPATH\index.php(67): CodeIgniter\CodeIgniter->run()
CRITICAL - 2022-09-28 11:17:48 --> Undefined index: id
in APPPATH\Views\cadastrados.php on line 119.
 1 APPPATH\Views\cadastrados.php(119): CodeIgniter\Debug\Exceptions->errorHandler(8, 'Undefined index: id', 'APPPATH\\Views\\cadastrados.php', 119, [...])
 2 SYSTEMPATH\View\View.php(213): include('APPPATH\\Views\\cadastrados.php')
 3 SYSTEMPATH\View\View.php(216): CodeIgniter\View\View->CodeIgniter\View\{closure}()
 4 SYSTEMPATH\Common.php(1142): CodeIgniter\View\View->render('cadastrados', [], true)
 5 APPPATH\Controllers\Main.php(137): view('cadastrados', [...])
 6 SYSTEMPATH\CodeIgniter.php(907): App\Controllers\Main->cadastrados()
 7 SYSTEMPATH\CodeIgniter.php(457): CodeIgniter\CodeIgniter->runController(Object(App\Controllers\Main))
 8 SYSTEMPATH\CodeIgniter.php(340): CodeIgniter\CodeIgniter->handleRequest(null, Object(Config\Cache), false)
 9 FCPATH\index.php(67): CodeIgniter\CodeIgniter->run()
CRITICAL - 2022-09-28 11:19:34 --> Undefined variable: organizado
in APPPATH\Views\cadastrados.php on line 119.
 1 APPPATH\Views\cadastrados.php(119): CodeIgniter\Debug\Exceptions->errorHandler(8, 'Undefined variable: organizado', 'APPPATH\\Views\\cadastrados.php', 119, [...])
 2 SYSTEMPATH\View\View.php(213): include('APPPATH\\Views\\cadastrados.php')
 3 SYSTEMPATH\View\View.php(216): CodeIgniter\View\View->CodeIgniter\View\{closure}()
 4 SYSTEMPATH\Common.php(1142): CodeIgniter\View\View->render('cadastrados', [], true)
 5 APPPATH\Controllers\Main.php(137): view('cadastrados', [...])
 6 SYSTEMPATH\CodeIgniter.php(907): App\Controllers\Main->cadastrados()
 7 SYSTEMPATH\CodeIgniter.php(457): CodeIgniter\CodeIgniter->runController(Object(App\Controllers\Main))
 8 SYSTEMPATH\CodeIgniter.php(340): CodeIgniter\CodeIgniter->handleRequest(null, Object(Config\Cache), false)
 9 FCPATH\index.php(67): CodeIgniter\CodeIgniter->run()
CRITICAL - 2022-09-28 11:22:45 --> Undefined variable: organizadores
in APPPATH\Views\cadastrados.php on line 139.
 1 APPPATH\Views\cadastrados.php(139): CodeIgniter\Debug\Exceptions->errorHandler(8, 'Undefined variable: organizadores', 'APPPATH\\Views\\cadastrados.php', 139, [...])
 2 SYSTEMPATH\View\View.php(213): include('APPPATH\\Views\\cadastrados.php')
 3 SYSTEMPATH\View\View.php(216): CodeIgniter\View\View->CodeIgniter\View\{closure}()
 4 SYSTEMPATH\Common.php(1142): CodeIgniter\View\View->render('cadastrados', [], true)
 5 APPPATH\Controllers\Main.php(85): view('cadastrados', [...])
 6 SYSTEMPATH\CodeIgniter.php(907): App\Controllers\Main->edit()
 7 SYSTEMPATH\CodeIgniter.php(457): CodeIgniter\CodeIgniter->runController(Object(App\Controllers\Main))
 8 SYSTEMPATH\CodeIgniter.php(340): CodeIgniter\CodeIgniter->handleRequest(null, Object(Config\Cache), false)
 9 FCPATH\index.php(67): CodeIgniter\CodeIgniter->run()
CRITICAL - 2022-09-28 11:37:43 --> Undefined variable: organizado
in APPPATH\Views\cadastrados.php on line 151.
 1 APPPATH\Views\cadastrados.php(151): CodeIgniter\Debug\Exceptions->errorHandler(8, 'Undefined variable: organizado', 'APPPATH\\Views\\cadastrados.php', 151, [...])
 2 SYSTEMPATH\View\View.php(213): include('APPPATH\\Views\\cadastrados.php')
 3 SYSTEMPATH\View\View.php(216): CodeIgniter\View\View->CodeIgniter\View\{closure}()
 4 SYSTEMPATH\Common.php(1142): CodeIgniter\View\View->render('cadastrados', [], true)
 5 APPPATH\Controllers\Main.php(139): view('cadastrados', [...])
 6 SYSTEMPATH\CodeIgniter.php(907): App\Controllers\Main->cadastrados()
 7 SYSTEMPATH\CodeIgniter.php(457): CodeIgniter\CodeIgniter->runController(Object(App\Controllers\Main))
 8 SYSTEMPATH\CodeIgniter.php(340): CodeIgniter\CodeIgniter->handleRequest(null, Object(Config\Cache), false)
 9 FCPATH\index.php(67): CodeIgniter\CodeIgniter->run()
CRITICAL - 2022-09-28 11:45:30 --> Undefined property: App\Controllers\Main::$produtosModel
in APPPATH\Controllers\Main.php on line 74.
 1 APPPATH\Controllers\Main.php(74): CodeIgniter\Debug\Exceptions->errorHandler(8, 'Undefined property: App\\Controllers\\Main::$produtosModel', 'APPPATH\\Controllers\\Main.php', 74, [...])
 2 SYSTEMPATH\CodeIgniter.php(907): App\Controllers\Main->edit('1')
 3 SYSTEMPATH\CodeIgniter.php(457): CodeIgniter\CodeIgniter->runController(Object(App\Controllers\Main))
 4 SYSTEMPATH\CodeIgniter.php(340): CodeIgniter\CodeIgniter->handleRequest(null, Object(Config\Cache), false)
 5 FCPATH\index.php(67): CodeIgniter\CodeIgniter->run()
