CRITICAL - 2022-11-04 08:12:19 --> Undefined variable: usuarioTurma
in APPPATH\Views\usuarios_view.php on line 195.
 1 APPPATH\Views\usuarios_view.php(195): CodeIgniter\Debug\Exceptions->errorHandler(8, 'Undefined variable: usuarioTurma', 'APPPATH\\Views\\usuarios_view.php', 195, [...])
 2 SYSTEMPATH\View\View.php(213): include('APPPATH\\Views\\usuarios_view.php')
 3 SYSTEMPATH\View\View.php(216): CodeIgniter\View\View->CodeIgniter\View\{closure}()
 4 SYSTEMPATH\Common.php(1142): CodeIgniter\View\View->render('usuarios_view', [], true)
 5 APPPATH\Controllers\Product.php(498): view('usuarios_view', [...])
 6 SYSTEMPATH\CodeIgniter.php(907): App\Controllers\Product->usuarios()
 7 SYSTEMPATH\CodeIgniter.php(457): CodeIgniter\CodeIgniter->runController(Object(App\Controllers\Product))
 8 SYSTEMPATH\CodeIgniter.php(340): CodeIgniter\CodeIgniter->handleRequest(null, Object(Config\Cache), false)
 9 FCPATH\index.php(67): CodeIgniter\CodeIgniter->run()
CRITICAL - 2022-11-04 08:58:22 --> Array to string conversion
in APPPATH\Views\usuarios_view.php on line 189.
 1 APPPATH\Views\usuarios_view.php(189): CodeIgniter\Debug\Exceptions->errorHandler(8, 'Array to string conversion', 'APPPATH\\Views\\usuarios_view.php', 189, [...])
 2 SYSTEMPATH\View\View.php(213): include('APPPATH\\Views\\usuarios_view.php')
 3 SYSTEMPATH\View\View.php(216): CodeIgniter\View\View->CodeIgniter\View\{closure}()
 4 SYSTEMPATH\Common.php(1142): CodeIgniter\View\View->render('usuarios_view', [], true)
 5 APPPATH\Controllers\Product.php(508): view('usuarios_view', [...])
 6 SYSTEMPATH\CodeIgniter.php(907): App\Controllers\Product->usuarios()
 7 SYSTEMPATH\CodeIgniter.php(457): CodeIgniter\CodeIgniter->runController(Object(App\Controllers\Product))
 8 SYSTEMPATH\CodeIgniter.php(340): CodeIgniter\CodeIgniter->handleRequest(null, Object(Config\Cache), false)
 9 FCPATH\index.php(67): CodeIgniter\CodeIgniter->run()
CRITICAL - 2022-11-04 08:58:57 --> Array to string conversion
in APPPATH\Views\usuarios_view.php on line 189.
 1 APPPATH\Views\usuarios_view.php(189): CodeIgniter\Debug\Exceptions->errorHandler(8, 'Array to string conversion', 'APPPATH\\Views\\usuarios_view.php', 189, [...])
 2 SYSTEMPATH\View\View.php(213): include('APPPATH\\Views\\usuarios_view.php')
 3 SYSTEMPATH\View\View.php(216): CodeIgniter\View\View->CodeIgniter\View\{closure}()
 4 SYSTEMPATH\Common.php(1142): CodeIgniter\View\View->render('usuarios_view', [], true)
 5 APPPATH\Controllers\Product.php(508): view('usuarios_view', [...])
 6 SYSTEMPATH\CodeIgniter.php(907): App\Controllers\Product->usuarios()
 7 SYSTEMPATH\CodeIgniter.php(457): CodeIgniter\CodeIgniter->runController(Object(App\Controllers\Product))
 8 SYSTEMPATH\CodeIgniter.php(340): CodeIgniter\CodeIgniter->handleRequest(null, Object(Config\Cache), false)
 9 FCPATH\index.php(67): CodeIgniter\CodeIgniter->run()
CRITICAL - 2022-11-04 08:58:58 --> Array to string conversion
in APPPATH\Views\usuarios_view.php on line 189.
 1 APPPATH\Views\usuarios_view.php(189): CodeIgniter\Debug\Exceptions->errorHandler(8, 'Array to string conversion', 'APPPATH\\Views\\usuarios_view.php', 189, [...])
 2 SYSTEMPATH\View\View.php(213): include('APPPATH\\Views\\usuarios_view.php')
 3 SYSTEMPATH\View\View.php(216): CodeIgniter\View\View->CodeIgniter\View\{closure}()
 4 SYSTEMPATH\Common.php(1142): CodeIgniter\View\View->render('usuarios_view', [], true)
 5 APPPATH\Controllers\Product.php(508): view('usuarios_view', [...])
 6 SYSTEMPATH\CodeIgniter.php(907): App\Controllers\Product->usuarios()
 7 SYSTEMPATH\CodeIgniter.php(457): CodeIgniter\CodeIgniter->runController(Object(App\Controllers\Product))
 8 SYSTEMPATH\CodeIgniter.php(340): CodeIgniter\CodeIgniter->handleRequest(null, Object(Config\Cache), false)
 9 FCPATH\index.php(67): CodeIgniter\CodeIgniter->run()
CRITICAL - 2022-11-04 08:59:01 --> Array to string conversion
in APPPATH\Views\usuarios_view.php on line 189.
 1 APPPATH\Views\usuarios_view.php(189): CodeIgniter\Debug\Exceptions->errorHandler(8, 'Array to string conversion', 'APPPATH\\Views\\usuarios_view.php', 189, [...])
 2 SYSTEMPATH\View\View.php(213): include('APPPATH\\Views\\usuarios_view.php')
 3 SYSTEMPATH\View\View.php(216): CodeIgniter\View\View->CodeIgniter\View\{closure}()
 4 SYSTEMPATH\Common.php(1142): CodeIgniter\View\View->render('usuarios_view', [], true)
 5 APPPATH\Controllers\Product.php(508): view('usuarios_view', [...])
 6 SYSTEMPATH\CodeIgniter.php(907): App\Controllers\Product->usuarios()
 7 SYSTEMPATH\CodeIgniter.php(457): CodeIgniter\CodeIgniter->runController(Object(App\Controllers\Product))
 8 SYSTEMPATH\CodeIgniter.php(340): CodeIgniter\CodeIgniter->handleRequest(null, Object(Config\Cache), false)
 9 FCPATH\index.php(67): CodeIgniter\CodeIgniter->run()
CRITICAL - 2022-11-04 08:59:02 --> Array to string conversion
in APPPATH\Views\usuarios_view.php on line 189.
 1 APPPATH\Views\usuarios_view.php(189): CodeIgniter\Debug\Exceptions->errorHandler(8, 'Array to string conversion', 'APPPATH\\Views\\usuarios_view.php', 189, [...])
 2 SYSTEMPATH\View\View.php(213): include('APPPATH\\Views\\usuarios_view.php')
 3 SYSTEMPATH\View\View.php(216): CodeIgniter\View\View->CodeIgniter\View\{closure}()
 4 SYSTEMPATH\Common.php(1142): CodeIgniter\View\View->render('usuarios_view', [], true)
 5 APPPATH\Controllers\Product.php(508): view('usuarios_view', [...])
 6 SYSTEMPATH\CodeIgniter.php(907): App\Controllers\Product->usuarios()
 7 SYSTEMPATH\CodeIgniter.php(457): CodeIgniter\CodeIgniter->runController(Object(App\Controllers\Product))
 8 SYSTEMPATH\CodeIgniter.php(340): CodeIgniter\CodeIgniter->handleRequest(null, Object(Config\Cache), false)
 9 FCPATH\index.php(67): CodeIgniter\CodeIgniter->run()
CRITICAL - 2022-11-04 08:59:08 --> Array to string conversion
in APPPATH\Views\usuarios_view.php on line 189.
 1 APPPATH\Views\usuarios_view.php(189): CodeIgniter\Debug\Exceptions->errorHandler(8, 'Array to string conversion', 'APPPATH\\Views\\usuarios_view.php', 189, [...])
 2 SYSTEMPATH\View\View.php(213): include('APPPATH\\Views\\usuarios_view.php')
 3 SYSTEMPATH\View\View.php(216): CodeIgniter\View\View->CodeIgniter\View\{closure}()
 4 SYSTEMPATH\Common.php(1142): CodeIgniter\View\View->render('usuarios_view', [], true)
 5 APPPATH\Controllers\Product.php(508): view('usuarios_view', [...])
 6 SYSTEMPATH\CodeIgniter.php(907): App\Controllers\Product->usuarios()
 7 SYSTEMPATH\CodeIgniter.php(457): CodeIgniter\CodeIgniter->runController(Object(App\Controllers\Product))
 8 SYSTEMPATH\CodeIgniter.php(340): CodeIgniter\CodeIgniter->handleRequest(null, Object(Config\Cache), false)
 9 FCPATH\index.php(67): CodeIgniter\CodeIgniter->run()
CRITICAL - 2022-11-04 08:59:55 --> Array to string conversion
in APPPATH\Views\usuarios_view.php on line 189.
 1 APPPATH\Views\usuarios_view.php(189): CodeIgniter\Debug\Exceptions->errorHandler(8, 'Array to string conversion', 'APPPATH\\Views\\usuarios_view.php', 189, [...])
 2 SYSTEMPATH\View\View.php(213): include('APPPATH\\Views\\usuarios_view.php')
 3 SYSTEMPATH\View\View.php(216): CodeIgniter\View\View->CodeIgniter\View\{closure}()
 4 SYSTEMPATH\Common.php(1142): CodeIgniter\View\View->render('usuarios_view', [], true)
 5 APPPATH\Controllers\Product.php(508): view('usuarios_view', [...])
 6 SYSTEMPATH\CodeIgniter.php(907): App\Controllers\Product->usuarios()
 7 SYSTEMPATH\CodeIgniter.php(457): CodeIgniter\CodeIgniter->runController(Object(App\Controllers\Product))
 8 SYSTEMPATH\CodeIgniter.php(340): CodeIgniter\CodeIgniter->handleRequest(null, Object(Config\Cache), false)
 9 FCPATH\index.php(67): CodeIgniter\CodeIgniter->run()
CRITICAL - 2022-11-04 08:59:56 --> Array to string conversion
in APPPATH\Views\usuarios_view.php on line 189.
 1 APPPATH\Views\usuarios_view.php(189): CodeIgniter\Debug\Exceptions->errorHandler(8, 'Array to string conversion', 'APPPATH\\Views\\usuarios_view.php', 189, [...])
 2 SYSTEMPATH\View\View.php(213): include('APPPATH\\Views\\usuarios_view.php')
 3 SYSTEMPATH\View\View.php(216): CodeIgniter\View\View->CodeIgniter\View\{closure}()
 4 SYSTEMPATH\Common.php(1142): CodeIgniter\View\View->render('usuarios_view', [], true)
 5 APPPATH\Controllers\Product.php(508): view('usuarios_view', [...])
 6 SYSTEMPATH\CodeIgniter.php(907): App\Controllers\Product->usuarios()
 7 SYSTEMPATH\CodeIgniter.php(457): CodeIgniter\CodeIgniter->runController(Object(App\Controllers\Product))
 8 SYSTEMPATH\CodeIgniter.php(340): CodeIgniter\CodeIgniter->handleRequest(null, Object(Config\Cache), false)
 9 FCPATH\index.php(67): CodeIgniter\CodeIgniter->run()
CRITICAL - 2022-11-04 09:00:00 --> Array to string conversion
in APPPATH\Views\usuarios_view.php on line 189.
 1 APPPATH\Views\usuarios_view.php(189): CodeIgniter\Debug\Exceptions->errorHandler(8, 'Array to string conversion', 'APPPATH\\Views\\usuarios_view.php', 189, [...])
 2 SYSTEMPATH\View\View.php(213): include('APPPATH\\Views\\usuarios_view.php')
 3 SYSTEMPATH\View\View.php(216): CodeIgniter\View\View->CodeIgniter\View\{closure}()
 4 SYSTEMPATH\Common.php(1142): CodeIgniter\View\View->render('usuarios_view', [], true)
 5 APPPATH\Controllers\Product.php(508): view('usuarios_view', [...])
 6 SYSTEMPATH\CodeIgniter.php(907): App\Controllers\Product->usuarios()
 7 SYSTEMPATH\CodeIgniter.php(457): CodeIgniter\CodeIgniter->runController(Object(App\Controllers\Product))
 8 SYSTEMPATH\CodeIgniter.php(340): CodeIgniter\CodeIgniter->handleRequest(null, Object(Config\Cache), false)
 9 FCPATH\index.php(67): CodeIgniter\CodeIgniter->run()
CRITICAL - 2022-11-04 09:01:39 --> Array to string conversion
in APPPATH\Views\usuarios_view.php on line 182.
 1 APPPATH\Views\usuarios_view.php(182): CodeIgniter\Debug\Exceptions->errorHandler(8, 'Array to string conversion', 'APPPATH\\Views\\usuarios_view.php', 182, [...])
 2 SYSTEMPATH\View\View.php(213): include('APPPATH\\Views\\usuarios_view.php')
 3 SYSTEMPATH\View\View.php(216): CodeIgniter\View\View->CodeIgniter\View\{closure}()
 4 SYSTEMPATH\Common.php(1142): CodeIgniter\View\View->render('usuarios_view', [], true)
 5 APPPATH\Controllers\Product.php(508): view('usuarios_view', [...])
 6 SYSTEMPATH\CodeIgniter.php(907): App\Controllers\Product->usuarios()
 7 SYSTEMPATH\CodeIgniter.php(457): CodeIgniter\CodeIgniter->runController(Object(App\Controllers\Product))
 8 SYSTEMPATH\CodeIgniter.php(340): CodeIgniter\CodeIgniter->handleRequest(null, Object(Config\Cache), false)
 9 FCPATH\index.php(67): CodeIgniter\CodeIgniter->run()
CRITICAL - 2022-11-04 09:03:29 --> Array to string conversion
in APPPATH\Views\usuarios_view.php on line 189.
 1 APPPATH\Views\usuarios_view.php(189): CodeIgniter\Debug\Exceptions->errorHandler(8, 'Array to string conversion', 'APPPATH\\Views\\usuarios_view.php', 189, [...])
 2 SYSTEMPATH\View\View.php(213): include('APPPATH\\Views\\usuarios_view.php')
 3 SYSTEMPATH\View\View.php(216): CodeIgniter\View\View->CodeIgniter\View\{closure}()
 4 SYSTEMPATH\Common.php(1142): CodeIgniter\View\View->render('usuarios_view', [], true)
 5 APPPATH\Controllers\Product.php(508): view('usuarios_view', [...])
 6 SYSTEMPATH\CodeIgniter.php(907): App\Controllers\Product->usuarios()
 7 SYSTEMPATH\CodeIgniter.php(457): CodeIgniter\CodeIgniter->runController(Object(App\Controllers\Product))
 8 SYSTEMPATH\CodeIgniter.php(340): CodeIgniter\CodeIgniter->handleRequest(null, Object(Config\Cache), false)
 9 FCPATH\index.php(67): CodeIgniter\CodeIgniter->run()
CRITICAL - 2022-11-04 09:04:05 --> Array to string conversion
in APPPATH\Views\usuarios_view.php on line 189.
 1 APPPATH\Views\usuarios_view.php(189): CodeIgniter\Debug\Exceptions->errorHandler(8, 'Array to string conversion', 'APPPATH\\Views\\usuarios_view.php', 189, [...])
 2 SYSTEMPATH\View\View.php(213): include('APPPATH\\Views\\usuarios_view.php')
 3 SYSTEMPATH\View\View.php(216): CodeIgniter\View\View->CodeIgniter\View\{closure}()
 4 SYSTEMPATH\Common.php(1142): CodeIgniter\View\View->render('usuarios_view', [], true)
 5 APPPATH\Controllers\Product.php(508): view('usuarios_view', [...])
 6 SYSTEMPATH\CodeIgniter.php(907): App\Controllers\Product->usuarios()
 7 SYSTEMPATH\CodeIgniter.php(457): CodeIgniter\CodeIgniter->runController(Object(App\Controllers\Product))
 8 SYSTEMPATH\CodeIgniter.php(340): CodeIgniter\CodeIgniter->handleRequest(null, Object(Config\Cache), false)
 9 FCPATH\index.php(67): CodeIgniter\CodeIgniter->run()
CRITICAL - 2022-11-04 09:04:06 --> Array to string conversion
in APPPATH\Views\usuarios_view.php on line 189.
 1 APPPATH\Views\usuarios_view.php(189): CodeIgniter\Debug\Exceptions->errorHandler(8, 'Array to string conversion', 'APPPATH\\Views\\usuarios_view.php', 189, [...])
 2 SYSTEMPATH\View\View.php(213): include('APPPATH\\Views\\usuarios_view.php')
 3 SYSTEMPATH\View\View.php(216): CodeIgniter\View\View->CodeIgniter\View\{closure}()
 4 SYSTEMPATH\Common.php(1142): CodeIgniter\View\View->render('usuarios_view', [], true)
 5 APPPATH\Controllers\Product.php(508): view('usuarios_view', [...])
 6 SYSTEMPATH\CodeIgniter.php(907): App\Controllers\Product->usuarios()
 7 SYSTEMPATH\CodeIgniter.php(457): CodeIgniter\CodeIgniter->runController(Object(App\Controllers\Product))
 8 SYSTEMPATH\CodeIgniter.php(340): CodeIgniter\CodeIgniter->handleRequest(null, Object(Config\Cache), false)
 9 FCPATH\index.php(67): CodeIgniter\CodeIgniter->run()
CRITICAL - 2022-11-04 09:04:11 --> Array to string conversion
in APPPATH\Views\usuarios_view.php on line 189.
 1 APPPATH\Views\usuarios_view.php(189): CodeIgniter\Debug\Exceptions->errorHandler(8, 'Array to string conversion', 'APPPATH\\Views\\usuarios_view.php', 189, [...])
 2 SYSTEMPATH\View\View.php(213): include('APPPATH\\Views\\usuarios_view.php')
 3 SYSTEMPATH\View\View.php(216): CodeIgniter\View\View->CodeIgniter\View\{closure}()
 4 SYSTEMPATH\Common.php(1142): CodeIgniter\View\View->render('usuarios_view', [], true)
 5 APPPATH\Controllers\Product.php(508): view('usuarios_view', [...])
 6 SYSTEMPATH\CodeIgniter.php(907): App\Controllers\Product->usuarios()
 7 SYSTEMPATH\CodeIgniter.php(457): CodeIgniter\CodeIgniter->runController(Object(App\Controllers\Product))
 8 SYSTEMPATH\CodeIgniter.php(340): CodeIgniter\CodeIgniter->handleRequest(null, Object(Config\Cache), false)
 9 FCPATH\index.php(67): CodeIgniter\CodeIgniter->run()
CRITICAL - 2022-11-04 09:04:29 --> Array to string conversion
in APPPATH\Views\usuarios_view.php on line 189.
 1 APPPATH\Views\usuarios_view.php(189): CodeIgniter\Debug\Exceptions->errorHandler(8, 'Array to string conversion', 'APPPATH\\Views\\usuarios_view.php', 189, [...])
 2 SYSTEMPATH\View\View.php(213): include('APPPATH\\Views\\usuarios_view.php')
 3 SYSTEMPATH\View\View.php(216): CodeIgniter\View\View->CodeIgniter\View\{closure}()
 4 SYSTEMPATH\Common.php(1142): CodeIgniter\View\View->render('usuarios_view', [], true)
 5 APPPATH\Controllers\Product.php(508): view('usuarios_view', [...])
 6 SYSTEMPATH\CodeIgniter.php(907): App\Controllers\Product->usuarios()
 7 SYSTEMPATH\CodeIgniter.php(457): CodeIgniter\CodeIgniter->runController(Object(App\Controllers\Product))
 8 SYSTEMPATH\CodeIgniter.php(340): CodeIgniter\CodeIgniter->handleRequest(null, Object(Config\Cache), false)
 9 FCPATH\index.php(67): CodeIgniter\CodeIgniter->run()
CRITICAL - 2022-11-04 09:04:30 --> Array to string conversion
in APPPATH\Views\usuarios_view.php on line 189.
 1 APPPATH\Views\usuarios_view.php(189): CodeIgniter\Debug\Exceptions->errorHandler(8, 'Array to string conversion', 'APPPATH\\Views\\usuarios_view.php', 189, [...])
 2 SYSTEMPATH\View\View.php(213): include('APPPATH\\Views\\usuarios_view.php')
 3 SYSTEMPATH\View\View.php(216): CodeIgniter\View\View->CodeIgniter\View\{closure}()
 4 SYSTEMPATH\Common.php(1142): CodeIgniter\View\View->render('usuarios_view', [], true)
 5 APPPATH\Controllers\Product.php(508): view('usuarios_view', [...])
 6 SYSTEMPATH\CodeIgniter.php(907): App\Controllers\Product->usuarios()
 7 SYSTEMPATH\CodeIgniter.php(457): CodeIgniter\CodeIgniter->runController(Object(App\Controllers\Product))
 8 SYSTEMPATH\CodeIgniter.php(340): CodeIgniter\CodeIgniter->handleRequest(null, Object(Config\Cache), false)
 9 FCPATH\index.php(67): CodeIgniter\CodeIgniter->run()
CRITICAL - 2022-11-04 09:04:32 --> Array to string conversion
in APPPATH\Views\usuarios_view.php on line 189.
 1 APPPATH\Views\usuarios_view.php(189): CodeIgniter\Debug\Exceptions->errorHandler(8, 'Array to string conversion', 'APPPATH\\Views\\usuarios_view.php', 189, [...])
 2 SYSTEMPATH\View\View.php(213): include('APPPATH\\Views\\usuarios_view.php')
 3 SYSTEMPATH\View\View.php(216): CodeIgniter\View\View->CodeIgniter\View\{closure}()
 4 SYSTEMPATH\Common.php(1142): CodeIgniter\View\View->render('usuarios_view', [], true)
 5 APPPATH\Controllers\Product.php(508): view('usuarios_view', [...])
 6 SYSTEMPATH\CodeIgniter.php(907): App\Controllers\Product->usuarios()
 7 SYSTEMPATH\CodeIgniter.php(457): CodeIgniter\CodeIgniter->runController(Object(App\Controllers\Product))
 8 SYSTEMPATH\CodeIgniter.php(340): CodeIgniter\CodeIgniter->handleRequest(null, Object(Config\Cache), false)
 9 FCPATH\index.php(67): CodeIgniter\CodeIgniter->run()
CRITICAL - 2022-11-04 09:05:12 --> Object of class CodeIgniter\Database\MySQLi\Result could not be converted to string
in APPPATH\Views\usuarios_view.php on line 189.
 1 SYSTEMPATH\View\View.php(213): include()
 2 SYSTEMPATH\View\View.php(216): CodeIgniter\View\View->CodeIgniter\View\{closure}()
 3 SYSTEMPATH\Common.php(1142): CodeIgniter\View\View->render('usuarios_view', [], true)
 4 APPPATH\Controllers\Product.php(508): view('usuarios_view', [...])
 5 SYSTEMPATH\CodeIgniter.php(907): App\Controllers\Product->usuarios()
 6 SYSTEMPATH\CodeIgniter.php(457): CodeIgniter\CodeIgniter->runController(Object(App\Controllers\Product))
 7 SYSTEMPATH\CodeIgniter.php(340): CodeIgniter\CodeIgniter->handleRequest(null, Object(Config\Cache), false)
 8 FCPATH\index.php(67): CodeIgniter\CodeIgniter->run()
CRITICAL - 2022-11-04 09:10:35 --> Undefined variable: tuma_id
in APPPATH\Views\usuarios_view.php on line 191.
 1 APPPATH\Views\usuarios_view.php(191): CodeIgniter\Debug\Exceptions->errorHandler(8, 'Undefined variable: tuma_id', 'APPPATH\\Views\\usuarios_view.php', 191, [...])
 2 SYSTEMPATH\View\View.php(213): include('APPPATH\\Views\\usuarios_view.php')
 3 SYSTEMPATH\View\View.php(216): CodeIgniter\View\View->CodeIgniter\View\{closure}()
 4 SYSTEMPATH\Common.php(1142): CodeIgniter\View\View->render('usuarios_view', [], true)
 5 APPPATH\Controllers\Product.php(508): view('usuarios_view', [...])
 6 SYSTEMPATH\CodeIgniter.php(907): App\Controllers\Product->usuarios()
 7 SYSTEMPATH\CodeIgniter.php(457): CodeIgniter\CodeIgniter->runController(Object(App\Controllers\Product))
 8 SYSTEMPATH\CodeIgniter.php(340): CodeIgniter\CodeIgniter->handleRequest(null, Object(Config\Cache), false)
 9 FCPATH\index.php(67): CodeIgniter\CodeIgniter->run()
CRITICAL - 2022-11-04 09:11:04 --> Array to string conversion
in APPPATH\Views\usuarios_view.php on line 191.
 1 APPPATH\Views\usuarios_view.php(191): CodeIgniter\Debug\Exceptions->errorHandler(8, 'Array to string conversion', 'APPPATH\\Views\\usuarios_view.php', 191, [...])
 2 SYSTEMPATH\View\View.php(213): include('APPPATH\\Views\\usuarios_view.php')
 3 SYSTEMPATH\View\View.php(216): CodeIgniter\View\View->CodeIgniter\View\{closure}()
 4 SYSTEMPATH\Common.php(1142): CodeIgniter\View\View->render('usuarios_view', [], true)
 5 APPPATH\Controllers\Product.php(508): view('usuarios_view', [...])
 6 SYSTEMPATH\CodeIgniter.php(907): App\Controllers\Product->usuarios()
 7 SYSTEMPATH\CodeIgniter.php(457): CodeIgniter\CodeIgniter->runController(Object(App\Controllers\Product))
 8 SYSTEMPATH\CodeIgniter.php(340): CodeIgniter\CodeIgniter->handleRequest(null, Object(Config\Cache), false)
 9 FCPATH\index.php(67): CodeIgniter\CodeIgniter->run()
CRITICAL - 2022-11-04 09:39:55 --> Undefined variable: product
in APPPATH\Views\alunos_view.php on line 91.
 1 APPPATH\Views\alunos_view.php(91): CodeIgniter\Debug\Exceptions->errorHandler(8, 'Undefined variable: product', 'APPPATH\\Views\\alunos_view.php', 91, [...])
 2 SYSTEMPATH\View\View.php(213): include('APPPATH\\Views\\alunos_view.php')
 3 SYSTEMPATH\View\View.php(216): CodeIgniter\View\View->CodeIgniter\View\{closure}()
 4 SYSTEMPATH\Common.php(1142): CodeIgniter\View\View->render('alunos_view', [], true)
 5 APPPATH\Controllers\Product.php(414): view('alunos_view', [...])
 6 SYSTEMPATH\CodeIgniter.php(907): App\Controllers\Product->Alunos_cadastrados()
 7 SYSTEMPATH\CodeIgniter.php(457): CodeIgniter\CodeIgniter->runController(Object(App\Controllers\Product))
 8 SYSTEMPATH\CodeIgniter.php(340): CodeIgniter\CodeIgniter->handleRequest(null, Object(Config\Cache), false)
 9 FCPATH\index.php(67): CodeIgniter\CodeIgniter->run()
CRITICAL - 2022-11-04 09:41:21 --> Undefined property: stdClass::$id
in APPPATH\Views\alunos_view.php on line 97.
 1 APPPATH\Views\alunos_view.php(97): CodeIgniter\Debug\Exceptions->errorHandler(8, 'Undefined property: stdClass::$id', 'APPPATH\\Views\\alunos_view.php', 97, [...])
 2 SYSTEMPATH\View\View.php(213): include('APPPATH\\Views\\alunos_view.php')
 3 SYSTEMPATH\View\View.php(216): CodeIgniter\View\View->CodeIgniter\View\{closure}()
 4 SYSTEMPATH\Common.php(1142): CodeIgniter\View\View->render('alunos_view', [], true)
 5 APPPATH\Controllers\Product.php(418): view('alunos_view', [...])
 6 SYSTEMPATH\CodeIgniter.php(907): App\Controllers\Product->Alunos_cadastrados()
 7 SYSTEMPATH\CodeIgniter.php(457): CodeIgniter\CodeIgniter->runController(Object(App\Controllers\Product))
 8 SYSTEMPATH\CodeIgniter.php(340): CodeIgniter\CodeIgniter->handleRequest(null, Object(Config\Cache), false)
 9 FCPATH\index.php(67): CodeIgniter\CodeIgniter->run()
CRITICAL - 2022-11-04 09:43:17 --> Undefined variable: product
in APPPATH\Views\alunos_view.php on line 91.
 1 APPPATH\Views\alunos_view.php(91): CodeIgniter\Debug\Exceptions->errorHandler(8, 'Undefined variable: product', 'APPPATH\\Views\\alunos_view.php', 91, [...])
 2 SYSTEMPATH\View\View.php(213): include('APPPATH\\Views\\alunos_view.php')
 3 SYSTEMPATH\View\View.php(216): CodeIgniter\View\View->CodeIgniter\View\{closure}()
 4 SYSTEMPATH\Common.php(1142): CodeIgniter\View\View->render('alunos_view', [], true)
 5 APPPATH\Controllers\Product.php(414): view('alunos_view', [...])
 6 SYSTEMPATH\CodeIgniter.php(907): App\Controllers\Product->Alunos_cadastrados()
 7 SYSTEMPATH\CodeIgniter.php(457): CodeIgniter\CodeIgniter->runController(Object(App\Controllers\Product))
 8 SYSTEMPATH\CodeIgniter.php(340): CodeIgniter\CodeIgniter->handleRequest(null, Object(Config\Cache), false)
 9 FCPATH\index.php(67): CodeIgniter\CodeIgniter->run()
CRITICAL - 2022-11-04 10:43:43 --> Undefined property: stdClass::$product_id
in APPPATH\Views\alunos_view.php on line 98.
 1 APPPATH\Views\alunos_view.php(98): CodeIgniter\Debug\Exceptions->errorHandler(8, 'Undefined property: stdClass::$product_id', 'APPPATH\\Views\\alunos_view.php', 98, [...])
 2 SYSTEMPATH\View\View.php(213): include('APPPATH\\Views\\alunos_view.php')
 3 SYSTEMPATH\View\View.php(216): CodeIgniter\View\View->CodeIgniter\View\{closure}()
 4 SYSTEMPATH\Common.php(1142): CodeIgniter\View\View->render('alunos_view', [], true)
 5 APPPATH\Controllers\Product.php(419): view('alunos_view', [...])
 6 SYSTEMPATH\CodeIgniter.php(907): App\Controllers\Product->Alunos_cadastrados()
 7 SYSTEMPATH\CodeIgniter.php(457): CodeIgniter\CodeIgniter->runController(Object(App\Controllers\Product))
 8 SYSTEMPATH\CodeIgniter.php(340): CodeIgniter\CodeIgniter->handleRequest(null, Object(Config\Cache), false)
 9 FCPATH\index.php(67): CodeIgniter\CodeIgniter->run()
