CRITICAL - 2022-10-22 11:22:51 --> The framework needs the following extension(s) installed and loaded: intl.
in SYSTEMPATH\CodeIgniter.php on line 219.
 1 SYSTEMPATH\CodeIgniter.php(219): CodeIgniter\Exceptions\FrameworkException::forMissingExtension('intl')
 2 SYSTEMPATH\CodeIgniter.php(177): CodeIgniter\CodeIgniter->resolvePlatformExtensions()
 3 FCPATH\index.php(55): CodeIgniter\CodeIgniter->initialize()
CRITICAL - 2022-10-22 11:26:51 --> The framework needs the following extension(s) installed and loaded: intl.
in SYSTEMPATH\CodeIgniter.php on line 219.
 1 SYSTEMPATH\CodeIgniter.php(219): CodeIgniter\Exceptions\FrameworkException::forMissingExtension('intl')
 2 SYSTEMPATH\CodeIgniter.php(177): CodeIgniter\CodeIgniter->resolvePlatformExtensions()
 3 FCPATH\index.php(55): CodeIgniter\CodeIgniter->initialize()
CRITICAL - 2022-10-22 11:26:53 --> The framework needs the following extension(s) installed and loaded: intl.
in SYSTEMPATH\CodeIgniter.php on line 219.
 1 SYSTEMPATH\CodeIgniter.php(219): CodeIgniter\Exceptions\FrameworkException::forMissingExtension('intl')
 2 SYSTEMPATH\CodeIgniter.php(177): CodeIgniter\CodeIgniter->resolvePlatformExtensions()
 3 FCPATH\index.php(55): CodeIgniter\CodeIgniter->initialize()
CRITICAL - 2022-10-22 11:26:57 --> The framework needs the following extension(s) installed and loaded: intl.
in SYSTEMPATH\CodeIgniter.php on line 219.
 1 SYSTEMPATH\CodeIgniter.php(219): CodeIgniter\Exceptions\FrameworkException::forMissingExtension('intl')
 2 SYSTEMPATH\CodeIgniter.php(177): CodeIgniter\CodeIgniter->resolvePlatformExtensions()
 3 FCPATH\index.php(55): CodeIgniter\CodeIgniter->initialize()
CRITICAL - 2022-10-22 11:30:35 --> The framework needs the following extension(s) installed and loaded: intl.
in SYSTEMPATH\CodeIgniter.php on line 219.
 1 SYSTEMPATH\CodeIgniter.php(219): CodeIgniter\Exceptions\FrameworkException::forMissingExtension('intl')
 2 SYSTEMPATH\CodeIgniter.php(177): CodeIgniter\CodeIgniter->resolvePlatformExtensions()
 3 FCPATH\index.php(55): CodeIgniter\CodeIgniter->initialize()
CRITICAL - 2022-10-22 11:30:36 --> The framework needs the following extension(s) installed and loaded: intl.
in SYSTEMPATH\CodeIgniter.php on line 219.
 1 SYSTEMPATH\CodeIgniter.php(219): CodeIgniter\Exceptions\FrameworkException::forMissingExtension('intl')
 2 SYSTEMPATH\CodeIgniter.php(177): CodeIgniter\CodeIgniter->resolvePlatformExtensions()
 3 FCPATH\index.php(55): CodeIgniter\CodeIgniter->initialize()
CRITICAL - 2022-10-22 11:30:38 --> The framework needs the following extension(s) installed and loaded: intl.
in SYSTEMPATH\CodeIgniter.php on line 219.
 1 SYSTEMPATH\CodeIgniter.php(219): CodeIgniter\Exceptions\FrameworkException::forMissingExtension('intl')
 2 SYSTEMPATH\CodeIgniter.php(177): CodeIgniter\CodeIgniter->resolvePlatformExtensions()
 3 FCPATH\index.php(55): CodeIgniter\CodeIgniter->initialize()
CRITICAL - 2022-10-22 11:44:43 --> The framework needs the following extension(s) installed and loaded: intl.
in SYSTEMPATH\CodeIgniter.php on line 219.
 1 SYSTEMPATH\CodeIgniter.php(219): CodeIgniter\Exceptions\FrameworkException::forMissingExtension('intl')
 2 SYSTEMPATH\CodeIgniter.php(177): CodeIgniter\CodeIgniter->resolvePlatformExtensions()
 3 FCPATH\index.php(55): CodeIgniter\CodeIgniter->initialize()
CRITICAL - 2022-10-22 11:51:01 --> The framework needs the following extension(s) installed and loaded: intl.
in SYSTEMPATH\CodeIgniter.php on line 219.
 1 SYSTEMPATH\CodeIgniter.php(219): CodeIgniter\Exceptions\FrameworkException::forMissingExtension('intl')
 2 SYSTEMPATH\CodeIgniter.php(177): CodeIgniter\CodeIgniter->resolvePlatformExtensions()
 3 FCPATH\index.php(55): CodeIgniter\CodeIgniter->initialize()
CRITICAL - 2022-10-22 11:51:05 --> The framework needs the following extension(s) installed and loaded: intl.
in SYSTEMPATH\CodeIgniter.php on line 219.
 1 SYSTEMPATH\CodeIgniter.php(219): CodeIgniter\Exceptions\FrameworkException::forMissingExtension('intl')
 2 SYSTEMPATH\CodeIgniter.php(177): CodeIgniter\CodeIgniter->resolvePlatformExtensions()
 3 FCPATH\index.php(55): CodeIgniter\CodeIgniter->initialize()
CRITICAL - 2022-10-22 12:30:53 --> The framework needs the following extension(s) installed and loaded: intl.
in SYSTEMPATH\CodeIgniter.php on line 219.
 1 SYSTEMPATH\CodeIgniter.php(219): CodeIgniter\Exceptions\FrameworkException::forMissingExtension('intl')
 2 SYSTEMPATH\CodeIgniter.php(177): CodeIgniter\CodeIgniter->resolvePlatformExtensions()
 3 FCPATH\index.php(55): CodeIgniter\CodeIgniter->initialize()
ERROR - 2022-10-22 07:53:45 --> Error connecting to the database: mysqli_sql_exception: Unknown database 'pos_db' in C:\xampp\htdocs\projeto_suricato\system\Database\MySQLi\Connection.php:171
Stack trace:
#0 C:\xampp\htdocs\projeto_suricato\system\Database\MySQLi\Connection.php(171): mysqli->real_connect('localhost', 'root', '', 'pos_db', 3306, '', 0)
#1 C:\xampp\htdocs\projeto_suricato\system\Database\BaseConnection.php(382): CodeIgniter\Database\MySQLi\Connection->connect(false)
#2 C:\xampp\htdocs\projeto_suricato\system\Database\BaseConnection.php(588): CodeIgniter\Database\BaseConnection->initialize()
#3 C:\xampp\htdocs\projeto_suricato\app\Controllers\Product.php(72): CodeIgniter\Database\BaseConnection->query('SELECT * FROM p...')
#4 C:\xampp\htdocs\projeto_suricato\app\Controllers\Product.php(11): App\Controllers\Product->getAllProduct()
#5 C:\xampp\htdocs\projeto_suricato\system\CodeIgniter.php(907): App\Controllers\Product->index()
#6 C:\xampp\htdocs\projeto_suricato\system\CodeIgniter.php(457): CodeIgniter\CodeIgniter->runController(Object(App\Controllers\Product))
#7 C:\xampp\htdocs\projeto_suricato\system\CodeIgniter.php(340): CodeIgniter\CodeIgniter->handleRequest(NULL, Object(Config\Cache), false)
#8 C:\xampp\htdocs\projeto_suricato\public\index.php(67): CodeIgniter\CodeIgniter->run()
#9 {main}

Next CodeIgniter\Database\Exceptions\DatabaseException: Unknown database 'pos_db' in C:\xampp\htdocs\projeto_suricato\system\Database\MySQLi\Connection.php:215
Stack trace:
#0 C:\xampp\htdocs\projeto_suricato\system\Database\BaseConnection.php(382): CodeIgniter\Database\MySQLi\Connection->connect(false)
#1 C:\xampp\htdocs\projeto_suricato\system\Database\BaseConnection.php(588): CodeIgniter\Database\BaseConnection->initialize()
#2 C:\xampp\htdocs\projeto_suricato\app\Controllers\Product.php(72): CodeIgniter\Database\BaseConnection->query('SELECT * FROM p...')
#3 C:\xampp\htdocs\projeto_suricato\app\Controllers\Product.php(11): App\Controllers\Product->getAllProduct()
#4 C:\xampp\htdocs\projeto_suricato\system\CodeIgniter.php(907): App\Controllers\Product->index()
#5 C:\xampp\htdocs\projeto_suricato\system\CodeIgniter.php(457): CodeIgniter\CodeIgniter->runController(Object(App\Controllers\Product))
#6 C:\xampp\htdocs\projeto_suricato\system\CodeIgniter.php(340): CodeIgniter\CodeIgniter->handleRequest(NULL, Object(Config\Cache), false)
#7 C:\xampp\htdocs\projeto_suricato\public\index.php(67): CodeIgniter\CodeIgniter->run()
#8 {main}
CRITICAL - 2022-10-22 07:53:45 --> Unable to connect to the database.
Main connection [MySQLi]: Unknown database 'pos_db'
in SYSTEMPATH\Database\BaseConnection.php on line 418.
 1 SYSTEMPATH\Database\BaseConnection.php(588): CodeIgniter\Database\BaseConnection->initialize()
 2 APPPATH\Controllers\Product.php(72): CodeIgniter\Database\BaseConnection->query('SELECT * FROM product')
 3 APPPATH\Controllers\Product.php(11): App\Controllers\Product->getAllProduct()
 4 SYSTEMPATH\CodeIgniter.php(907): App\Controllers\Product->index()
 5 SYSTEMPATH\CodeIgniter.php(457): CodeIgniter\CodeIgniter->runController(Object(App\Controllers\Product))
 6 SYSTEMPATH\CodeIgniter.php(340): CodeIgniter\CodeIgniter->handleRequest(null, Object(Config\Cache), false)
 7 FCPATH\index.php(67): CodeIgniter\CodeIgniter->run()
CRITICAL - 2022-10-22 17:56:59 --> Invalid file: administradores.php
in SYSTEMPATH\Exceptions\FrameworkException.php on line 33.
 1 SYSTEMPATH\View\View.php(201): CodeIgniter\Exceptions\FrameworkException::forInvalidFile('administradores.php')
 2 SYSTEMPATH\Common.php(1142): CodeIgniter\View\View->render('administradores', [], true)
 3 APPPATH\Controllers\Product.php(110): view('administradores', [...])
 4 SYSTEMPATH\CodeIgniter.php(907): App\Controllers\Product->adm()
 5 SYSTEMPATH\CodeIgniter.php(457): CodeIgniter\CodeIgniter->runController(Object(App\Controllers\Product))
 6 SYSTEMPATH\CodeIgniter.php(340): CodeIgniter\CodeIgniter->handleRequest(null, Object(Config\Cache), false)
 7 FCPATH\index.php(67): CodeIgniter\CodeIgniter->run()
ERROR - 2022-10-22 18:04:50 --> mysqli_sql_exception: Unknown column 'product_category_id' in 'on clause' in C:\xampp\htdocs\projeto_soc\system\Database\MySQLi\Connection.php:292
Stack trace:
#0 C:\xampp\htdocs\projeto_soc\system\Database\MySQLi\Connection.php(292): mysqli->query('SELECT *\nFROM `...', 0)
#1 C:\xampp\htdocs\projeto_soc\system\Database\BaseConnection.php(693): CodeIgniter\Database\MySQLi\Connection->execute('SELECT *\nFROM `...')
#2 C:\xampp\htdocs\projeto_soc\system\Database\BaseConnection.php(620): CodeIgniter\Database\BaseConnection->simpleQuery('SELECT *\nFROM `...')
#3 C:\xampp\htdocs\projeto_soc\system\Database\BaseBuilder.php(1585): CodeIgniter\Database\BaseConnection->query('SELECT *\nFROM `...', Array, false)
#4 C:\xampp\htdocs\projeto_soc\app\Models\Product_model.php(61): CodeIgniter\Database\BaseBuilder->get()
#5 C:\xampp\htdocs\projeto_soc\app\Controllers\Product.php(108): App\Models\Product_model->getAdm()
#6 C:\xampp\htdocs\projeto_soc\system\CodeIgniter.php(907): App\Controllers\Product->adm()
#7 C:\xampp\htdocs\projeto_soc\system\CodeIgniter.php(457): CodeIgniter\CodeIgniter->runController(Object(App\Controllers\Product))
#8 C:\xampp\htdocs\projeto_soc\system\CodeIgniter.php(340): CodeIgniter\CodeIgniter->handleRequest(NULL, Object(Config\Cache), false)
#9 C:\xampp\htdocs\projeto_soc\public\index.php(67): CodeIgniter\CodeIgniter->run()
#10 {main}
CRITICAL - 2022-10-22 18:04:50 --> Unknown column 'product_category_id' in 'on clause'
in SYSTEMPATH\Database\MySQLi\Connection.php on line 292.
 1 SYSTEMPATH\Database\MySQLi\Connection.php(292): mysqli->query('SELECT *
FROM `administradores`
LEFT JOIN `category` ON `category_id` = `product_category_id`', 0)
 2 SYSTEMPATH\Database\BaseConnection.php(693): CodeIgniter\Database\MySQLi\Connection->execute('SELECT *
FROM `administradores`
LEFT JOIN `category` ON `category_id` = `product_category_id`')
 3 SYSTEMPATH\Database\BaseConnection.php(620): CodeIgniter\Database\BaseConnection->simpleQuery('SELECT *
FROM `administradores`
LEFT JOIN `category` ON `category_id` = `product_category_id`')
 4 SYSTEMPATH\Database\BaseBuilder.php(1585): CodeIgniter\Database\BaseConnection->query('SELECT *
FROM `administradores`
LEFT JOIN `category` ON `category_id` = `product_category_id`', [], false)
 5 APPPATH\Models\Product_model.php(61): CodeIgniter\Database\BaseBuilder->get()
 6 APPPATH\Controllers\Product.php(108): App\Models\Product_model->getAdm()
 7 SYSTEMPATH\CodeIgniter.php(907): App\Controllers\Product->adm()
 8 SYSTEMPATH\CodeIgniter.php(457): CodeIgniter\CodeIgniter->runController(Object(App\Controllers\Product))
 9 SYSTEMPATH\CodeIgniter.php(340): CodeIgniter\CodeIgniter->handleRequest(null, Object(Config\Cache), false)
10 FCPATH\index.php(67): CodeIgniter\CodeIgniter->run()
ERROR - 2022-10-22 18:05:33 --> mysqli_sql_exception: Unknown column 'product_category_id' in 'on clause' in C:\xampp\htdocs\projeto_soc\system\Database\MySQLi\Connection.php:292
Stack trace:
#0 C:\xampp\htdocs\projeto_soc\system\Database\MySQLi\Connection.php(292): mysqli->query('SELECT *\nFROM `...', 0)
#1 C:\xampp\htdocs\projeto_soc\system\Database\BaseConnection.php(693): CodeIgniter\Database\MySQLi\Connection->execute('SELECT *\nFROM `...')
#2 C:\xampp\htdocs\projeto_soc\system\Database\BaseConnection.php(620): CodeIgniter\Database\BaseConnection->simpleQuery('SELECT *\nFROM `...')
#3 C:\xampp\htdocs\projeto_soc\system\Database\BaseBuilder.php(1585): CodeIgniter\Database\BaseConnection->query('SELECT *\nFROM `...', Array, false)
#4 C:\xampp\htdocs\projeto_soc\app\Models\Product_model.php(61): CodeIgniter\Database\BaseBuilder->get()
#5 C:\xampp\htdocs\projeto_soc\app\Controllers\Product.php(108): App\Models\Product_model->getAdm()
#6 C:\xampp\htdocs\projeto_soc\system\CodeIgniter.php(907): App\Controllers\Product->adm()
#7 C:\xampp\htdocs\projeto_soc\system\CodeIgniter.php(457): CodeIgniter\CodeIgniter->runController(Object(App\Controllers\Product))
#8 C:\xampp\htdocs\projeto_soc\system\CodeIgniter.php(340): CodeIgniter\CodeIgniter->handleRequest(NULL, Object(Config\Cache), false)
#9 C:\xampp\htdocs\projeto_soc\public\index.php(67): CodeIgniter\CodeIgniter->run()
#10 {main}
CRITICAL - 2022-10-22 18:05:33 --> Unknown column 'product_category_id' in 'on clause'
in SYSTEMPATH\Database\MySQLi\Connection.php on line 292.
 1 SYSTEMPATH\Database\MySQLi\Connection.php(292): mysqli->query('SELECT *
FROM `administradores`
LEFT JOIN `category` ON `category_id` = `product_category_id`', 0)
 2 SYSTEMPATH\Database\BaseConnection.php(693): CodeIgniter\Database\MySQLi\Connection->execute('SELECT *
FROM `administradores`
LEFT JOIN `category` ON `category_id` = `product_category_id`')
 3 SYSTEMPATH\Database\BaseConnection.php(620): CodeIgniter\Database\BaseConnection->simpleQuery('SELECT *
FROM `administradores`
LEFT JOIN `category` ON `category_id` = `product_category_id`')
 4 SYSTEMPATH\Database\BaseBuilder.php(1585): CodeIgniter\Database\BaseConnection->query('SELECT *
FROM `administradores`
LEFT JOIN `category` ON `category_id` = `product_category_id`', [], false)
 5 APPPATH\Models\Product_model.php(61): CodeIgniter\Database\BaseBuilder->get()
 6 APPPATH\Controllers\Product.php(108): App\Models\Product_model->getAdm()
 7 SYSTEMPATH\CodeIgniter.php(907): App\Controllers\Product->adm()
 8 SYSTEMPATH\CodeIgniter.php(457): CodeIgniter\CodeIgniter->runController(Object(App\Controllers\Product))
 9 SYSTEMPATH\CodeIgniter.php(340): CodeIgniter\CodeIgniter->handleRequest(null, Object(Config\Cache), false)
10 FCPATH\index.php(67): CodeIgniter\CodeIgniter->run()
ERROR - 2022-10-22 18:06:41 --> mysqli_sql_exception: Unknown column 'product_category_id' in 'on clause' in C:\xampp\htdocs\projeto_soc\system\Database\MySQLi\Connection.php:292
Stack trace:
#0 C:\xampp\htdocs\projeto_soc\system\Database\MySQLi\Connection.php(292): mysqli->query('SELECT *\nFROM `...', 0)
#1 C:\xampp\htdocs\projeto_soc\system\Database\BaseConnection.php(693): CodeIgniter\Database\MySQLi\Connection->execute('SELECT *\nFROM `...')
#2 C:\xampp\htdocs\projeto_soc\system\Database\BaseConnection.php(620): CodeIgniter\Database\BaseConnection->simpleQuery('SELECT *\nFROM `...')
#3 C:\xampp\htdocs\projeto_soc\system\Database\BaseBuilder.php(1585): CodeIgniter\Database\BaseConnection->query('SELECT *\nFROM `...', Array, false)
#4 C:\xampp\htdocs\projeto_soc\app\Models\Product_model.php(61): CodeIgniter\Database\BaseBuilder->get()
#5 C:\xampp\htdocs\projeto_soc\app\Controllers\Product.php(108): App\Models\Product_model->getAdm()
#6 C:\xampp\htdocs\projeto_soc\system\CodeIgniter.php(907): App\Controllers\Product->adm()
#7 C:\xampp\htdocs\projeto_soc\system\CodeIgniter.php(457): CodeIgniter\CodeIgniter->runController(Object(App\Controllers\Product))
#8 C:\xampp\htdocs\projeto_soc\system\CodeIgniter.php(340): CodeIgniter\CodeIgniter->handleRequest(NULL, Object(Config\Cache), false)
#9 C:\xampp\htdocs\projeto_soc\public\index.php(67): CodeIgniter\CodeIgniter->run()
#10 {main}
CRITICAL - 2022-10-22 18:06:41 --> Unknown column 'product_category_id' in 'on clause'
in SYSTEMPATH\Database\MySQLi\Connection.php on line 292.
 1 SYSTEMPATH\Database\MySQLi\Connection.php(292): mysqli->query('SELECT *
FROM `administradores`
LEFT JOIN `category` ON `category_id` = `product_category_id`', 0)
 2 SYSTEMPATH\Database\BaseConnection.php(693): CodeIgniter\Database\MySQLi\Connection->execute('SELECT *
FROM `administradores`
LEFT JOIN `category` ON `category_id` = `product_category_id`')
 3 SYSTEMPATH\Database\BaseConnection.php(620): CodeIgniter\Database\BaseConnection->simpleQuery('SELECT *
FROM `administradores`
LEFT JOIN `category` ON `category_id` = `product_category_id`')
 4 SYSTEMPATH\Database\BaseBuilder.php(1585): CodeIgniter\Database\BaseConnection->query('SELECT *
FROM `administradores`
LEFT JOIN `category` ON `category_id` = `product_category_id`', [], false)
 5 APPPATH\Models\Product_model.php(61): CodeIgniter\Database\BaseBuilder->get()
 6 APPPATH\Controllers\Product.php(108): App\Models\Product_model->getAdm()
 7 SYSTEMPATH\CodeIgniter.php(907): App\Controllers\Product->adm()
 8 SYSTEMPATH\CodeIgniter.php(457): CodeIgniter\CodeIgniter->runController(Object(App\Controllers\Product))
 9 SYSTEMPATH\CodeIgniter.php(340): CodeIgniter\CodeIgniter->handleRequest(null, Object(Config\Cache), false)
10 FCPATH\index.php(67): CodeIgniter\CodeIgniter->run()
CRITICAL - 2022-10-22 18:15:10 --> Undefined property: stdClass::$complemento
in APPPATH\Views\administradores_view.php on line 79.
 1 APPPATH\Views\administradores_view.php(79): CodeIgniter\Debug\Exceptions->errorHandler(2, 'Undefined property: stdClass::$complemento', 'APPPATH\\Views\\administradores_view.php', 79)
 2 SYSTEMPATH\View\View.php(213): include('APPPATH\\Views\\administradores_view.php')
 3 SYSTEMPATH\View\View.php(216): CodeIgniter\View\View->CodeIgniter\View\{closure}()
 4 SYSTEMPATH\Common.php(1142): CodeIgniter\View\View->render('administradores_view', [], true)
 5 APPPATH\Controllers\Product.php(110): view('administradores_view', [...])
 6 SYSTEMPATH\CodeIgniter.php(907): App\Controllers\Product->adm()
 7 SYSTEMPATH\CodeIgniter.php(457): CodeIgniter\CodeIgniter->runController(Object(App\Controllers\Product))
 8 SYSTEMPATH\CodeIgniter.php(340): CodeIgniter\CodeIgniter->handleRequest(null, Object(Config\Cache), false)
 9 FCPATH\index.php(67): CodeIgniter\CodeIgniter->run()
ERROR - 2022-10-22 20:24:56 --> mysqli_sql_exception: Column 'product_name' cannot be null in C:\xampp\htdocs\projeto_soc\system\Database\MySQLi\Connection.php:292
Stack trace:
#0 C:\xampp\htdocs\projeto_soc\system\Database\MySQLi\Connection.php(292): mysqli->query('INSERT INTO `pr...', 0)
#1 C:\xampp\htdocs\projeto_soc\system\Database\BaseConnection.php(693): CodeIgniter\Database\MySQLi\Connection->execute('INSERT INTO `pr...')
#2 C:\xampp\htdocs\projeto_soc\system\Database\BaseConnection.php(620): CodeIgniter\Database\BaseConnection->simpleQuery('INSERT INTO `pr...')
#3 C:\xampp\htdocs\projeto_soc\system\Database\BaseBuilder.php(1916): CodeIgniter\Database\BaseConnection->query('INSERT INTO `pr...', Array, false)
#4 C:\xampp\htdocs\projeto_soc\app\Models\Product_model.php(23): CodeIgniter\Database\BaseBuilder->insert(Array)
#5 C:\xampp\htdocs\projeto_soc\app\Controllers\Product.php(33): App\Models\Product_model->saveProduct(Array)
#6 C:\xampp\htdocs\projeto_soc\system\CodeIgniter.php(907): App\Controllers\Product->save()
#7 C:\xampp\htdocs\projeto_soc\system\CodeIgniter.php(457): CodeIgniter\CodeIgniter->runController(Object(App\Controllers\Product))
#8 C:\xampp\htdocs\projeto_soc\system\CodeIgniter.php(340): CodeIgniter\CodeIgniter->handleRequest(NULL, Object(Config\Cache), false)
#9 C:\xampp\htdocs\projeto_soc\public\index.php(67): CodeIgniter\CodeIgniter->run()
#10 {main}
CRITICAL - 2022-10-22 20:24:56 --> Column 'product_name' cannot be null
in SYSTEMPATH\Database\MySQLi\Connection.php on line 292.
 1 SYSTEMPATH\Database\MySQLi\Connection.php(292): mysqli->query('INSERT INTO `product` (`product_name`, `product_price`, `product_category_id`, `datetime_created`, `complemento`) VALUES (NULL, NULL, NULL, NULL, NULL)', 0)
 2 SYSTEMPATH\Database\BaseConnection.php(693): CodeIgniter\Database\MySQLi\Connection->execute('INSERT INTO `product` (`product_name`, `product_price`, `product_category_id`, `datetime_created`, `complemento`) VALUES (NULL, NULL, NULL, NULL, NULL)')
 3 SYSTEMPATH\Database\BaseConnection.php(620): CodeIgniter\Database\BaseConnection->simpleQuery('INSERT INTO `product` (`product_name`, `product_price`, `product_category_id`, `datetime_created`, `complemento`) VALUES (NULL, NULL, NULL, NULL, NULL)')
 4 SYSTEMPATH\Database\BaseBuilder.php(1916): CodeIgniter\Database\BaseConnection->query('INSERT INTO `product` (`product_name`, `product_price`, `product_category_id`, `datetime_created`, `complemento`) VALUES (:product_name:, :product_price:, :product_category_id:, :datetime_created:, :complemento:)', [...], false)
 5 APPPATH\Models\Product_model.php(23): CodeIgniter\Database\BaseBuilder->insert([...])
 6 APPPATH\Controllers\Product.php(33): App\Models\Product_model->saveProduct([...])
 7 SYSTEMPATH\CodeIgniter.php(907): App\Controllers\Product->save()
 8 SYSTEMPATH\CodeIgniter.php(457): CodeIgniter\CodeIgniter->runController(Object(App\Controllers\Product))
 9 SYSTEMPATH\CodeIgniter.php(340): CodeIgniter\CodeIgniter->handleRequest(null, Object(Config\Cache), false)
10 FCPATH\index.php(67): CodeIgniter\CodeIgniter->run()
ERROR - 2022-10-22 20:25:55 --> mysqli_sql_exception: Column 'product_name' cannot be null in C:\xampp\htdocs\projeto_soc\system\Database\MySQLi\Connection.php:292
Stack trace:
#0 C:\xampp\htdocs\projeto_soc\system\Database\MySQLi\Connection.php(292): mysqli->query('INSERT INTO `pr...', 0)
#1 C:\xampp\htdocs\projeto_soc\system\Database\BaseConnection.php(693): CodeIgniter\Database\MySQLi\Connection->execute('INSERT INTO `pr...')
#2 C:\xampp\htdocs\projeto_soc\system\Database\BaseConnection.php(620): CodeIgniter\Database\BaseConnection->simpleQuery('INSERT INTO `pr...')
#3 C:\xampp\htdocs\projeto_soc\system\Database\BaseBuilder.php(1916): CodeIgniter\Database\BaseConnection->query('INSERT INTO `pr...', Array, false)
#4 C:\xampp\htdocs\projeto_soc\app\Models\Product_model.php(23): CodeIgniter\Database\BaseBuilder->insert(Array)
#5 C:\xampp\htdocs\projeto_soc\app\Controllers\Product.php(33): App\Models\Product_model->saveProduct(Array)
#6 C:\xampp\htdocs\projeto_soc\system\CodeIgniter.php(907): App\Controllers\Product->save()
#7 C:\xampp\htdocs\projeto_soc\system\CodeIgniter.php(457): CodeIgniter\CodeIgniter->runController(Object(App\Controllers\Product))
#8 C:\xampp\htdocs\projeto_soc\system\CodeIgniter.php(340): CodeIgniter\CodeIgniter->handleRequest(NULL, Object(Config\Cache), false)
#9 C:\xampp\htdocs\projeto_soc\public\index.php(67): CodeIgniter\CodeIgniter->run()
#10 {main}
CRITICAL - 2022-10-22 20:25:55 --> Column 'product_name' cannot be null
in SYSTEMPATH\Database\MySQLi\Connection.php on line 292.
 1 SYSTEMPATH\Database\MySQLi\Connection.php(292): mysqli->query('INSERT INTO `product` (`product_name`, `product_price`, `product_category_id`, `datetime_created`, `complemento`) VALUES (NULL, NULL, NULL, NULL, NULL)', 0)
 2 SYSTEMPATH\Database\BaseConnection.php(693): CodeIgniter\Database\MySQLi\Connection->execute('INSERT INTO `product` (`product_name`, `product_price`, `product_category_id`, `datetime_created`, `complemento`) VALUES (NULL, NULL, NULL, NULL, NULL)')
 3 SYSTEMPATH\Database\BaseConnection.php(620): CodeIgniter\Database\BaseConnection->simpleQuery('INSERT INTO `product` (`product_name`, `product_price`, `product_category_id`, `datetime_created`, `complemento`) VALUES (NULL, NULL, NULL, NULL, NULL)')
 4 SYSTEMPATH\Database\BaseBuilder.php(1916): CodeIgniter\Database\BaseConnection->query('INSERT INTO `product` (`product_name`, `product_price`, `product_category_id`, `datetime_created`, `complemento`) VALUES (:product_name:, :product_price:, :product_category_id:, :datetime_created:, :complemento:)', [...], false)
 5 APPPATH\Models\Product_model.php(23): CodeIgniter\Database\BaseBuilder->insert([...])
 6 APPPATH\Controllers\Product.php(33): App\Models\Product_model->saveProduct([...])
 7 SYSTEMPATH\CodeIgniter.php(907): App\Controllers\Product->save()
 8 SYSTEMPATH\CodeIgniter.php(457): CodeIgniter\CodeIgniter->runController(Object(App\Controllers\Product))
 9 SYSTEMPATH\CodeIgniter.php(340): CodeIgniter\CodeIgniter->handleRequest(null, Object(Config\Cache), false)
10 FCPATH\index.php(67): CodeIgniter\CodeIgniter->run()
