CRITICAL - 2022-09-29 05:50:56 --> syntax error, unexpected end of file, expecting function (T_FUNCTION) or const (T_CONST)
in APPPATH\Controllers\Main.php on line 159.
 1 SYSTEMPATH\Router\Router.php(499): CodeIgniter\Router\AutoRouter->getRoute('main/cadastrados')
 2 SYSTEMPATH\Router\Router.php(205): CodeIgniter\Router\Router->autoRoute('main/cadastrados')
 3 SYSTEMPATH\CodeIgniter.php(782): CodeIgniter\Router\Router->handle('main/cadastrados')
 4 SYSTEMPATH\CodeIgniter.php(406): CodeIgniter\CodeIgniter->tryToRouteIt(Object(CodeIgniter\Router\RouteCollection))
 5 SYSTEMPATH\CodeIgniter.php(340): CodeIgniter\CodeIgniter->handleRequest(null, Object(Config\Cache), false)
 6 FCPATH\index.php(67): CodeIgniter\CodeIgniter->run()
CRITICAL - 2022-09-29 06:28:09 --> syntax error, unexpected ';', expecting ']'
in APPPATH\Controllers\Main.php on line 138.
 1 SYSTEMPATH\Router\Router.php(499): CodeIgniter\Router\AutoRouter->getRoute('main/cadastrados')
 2 SYSTEMPATH\Router\Router.php(205): CodeIgniter\Router\Router->autoRoute('main/cadastrados')
 3 SYSTEMPATH\CodeIgniter.php(782): CodeIgniter\Router\Router->handle('main/cadastrados')
 4 SYSTEMPATH\CodeIgniter.php(406): CodeIgniter\CodeIgniter->tryToRouteIt(Object(CodeIgniter\Router\RouteCollection))
 5 SYSTEMPATH\CodeIgniter.php(340): CodeIgniter\CodeIgniter->handleRequest(null, Object(Config\Cache), false)
 6 FCPATH\index.php(67): CodeIgniter\CodeIgniter->run()
CRITICAL - 2022-09-29 06:28:09 --> syntax error, unexpected ';', expecting ']'
in APPPATH\Controllers\Main.php on line 138.
 1 SYSTEMPATH\Router\Router.php(499): CodeIgniter\Router\AutoRouter->getRoute('main/cadastrados')
 2 SYSTEMPATH\Router\Router.php(205): CodeIgniter\Router\Router->autoRoute('main/cadastrados')
 3 SYSTEMPATH\CodeIgniter.php(782): CodeIgniter\Router\Router->handle('main/cadastrados')
 4 SYSTEMPATH\CodeIgniter.php(406): CodeIgniter\CodeIgniter->tryToRouteIt(Object(CodeIgniter\Router\RouteCollection))
 5 SYSTEMPATH\CodeIgniter.php(340): CodeIgniter\CodeIgniter->handleRequest(null, Object(Config\Cache), false)
 6 FCPATH\index.php(67): CodeIgniter\CodeIgniter->run()
CRITICAL - 2022-09-29 06:40:38 --> Undefined variable: organizador
in APPPATH\Views\cadastrados.php on line 101.
 1 APPPATH\Views\cadastrados.php(101): CodeIgniter\Debug\Exceptions->errorHandler(8, 'Undefined variable: organizador', 'APPPATH\\Views\\cadastrados.php', 101, [...])
 2 SYSTEMPATH\View\View.php(213): include('APPPATH\\Views\\cadastrados.php')
 3 SYSTEMPATH\View\View.php(216): CodeIgniter\View\View->CodeIgniter\View\{closure}()
 4 SYSTEMPATH\Common.php(1142): CodeIgniter\View\View->render('cadastrados', [], true)
 5 APPPATH\Controllers\Main.php(130): view('cadastrados', [...])
 6 SYSTEMPATH\CodeIgniter.php(907): App\Controllers\Main->cadastrados()
 7 SYSTEMPATH\CodeIgniter.php(457): CodeIgniter\CodeIgniter->runController(Object(App\Controllers\Main))
 8 SYSTEMPATH\CodeIgniter.php(340): CodeIgniter\CodeIgniter->handleRequest(null, Object(Config\Cache), false)
 9 FCPATH\index.php(67): CodeIgniter\CodeIgniter->run()
CRITICAL - 2022-09-29 06:41:06 --> Undefined index: nome
in APPPATH\Views\cadastrados.php on line 101.
 1 APPPATH\Views\cadastrados.php(101): CodeIgniter\Debug\Exceptions->errorHandler(8, 'Undefined index: nome', 'APPPATH\\Views\\cadastrados.php', 101, [...])
 2 SYSTEMPATH\View\View.php(213): include('APPPATH\\Views\\cadastrados.php')
 3 SYSTEMPATH\View\View.php(216): CodeIgniter\View\View->CodeIgniter\View\{closure}()
 4 SYSTEMPATH\Common.php(1142): CodeIgniter\View\View->render('cadastrados', [], true)
 5 APPPATH\Controllers\Main.php(130): view('cadastrados', [...])
 6 SYSTEMPATH\CodeIgniter.php(907): App\Controllers\Main->cadastrados()
 7 SYSTEMPATH\CodeIgniter.php(457): CodeIgniter\CodeIgniter->runController(Object(App\Controllers\Main))
 8 SYSTEMPATH\CodeIgniter.php(340): CodeIgniter\CodeIgniter->handleRequest(null, Object(Config\Cache), false)
 9 FCPATH\index.php(67): CodeIgniter\CodeIgniter->run()
CRITICAL - 2022-09-29 06:41:07 --> Undefined index: nome
in APPPATH\Views\cadastrados.php on line 101.
 1 APPPATH\Views\cadastrados.php(101): CodeIgniter\Debug\Exceptions->errorHandler(8, 'Undefined index: nome', 'APPPATH\\Views\\cadastrados.php', 101, [...])
 2 SYSTEMPATH\View\View.php(213): include('APPPATH\\Views\\cadastrados.php')
 3 SYSTEMPATH\View\View.php(216): CodeIgniter\View\View->CodeIgniter\View\{closure}()
 4 SYSTEMPATH\Common.php(1142): CodeIgniter\View\View->render('cadastrados', [], true)
 5 APPPATH\Controllers\Main.php(130): view('cadastrados', [...])
 6 SYSTEMPATH\CodeIgniter.php(907): App\Controllers\Main->cadastrados()
 7 SYSTEMPATH\CodeIgniter.php(457): CodeIgniter\CodeIgniter->runController(Object(App\Controllers\Main))
 8 SYSTEMPATH\CodeIgniter.php(340): CodeIgniter\CodeIgniter->handleRequest(null, Object(Config\Cache), false)
 9 FCPATH\index.php(67): CodeIgniter\CodeIgniter->run()
CRITICAL - 2022-09-29 06:41:07 --> Undefined index: nome
in APPPATH\Views\cadastrados.php on line 101.
 1 APPPATH\Views\cadastrados.php(101): CodeIgniter\Debug\Exceptions->errorHandler(8, 'Undefined index: nome', 'APPPATH\\Views\\cadastrados.php', 101, [...])
 2 SYSTEMPATH\View\View.php(213): include('APPPATH\\Views\\cadastrados.php')
 3 SYSTEMPATH\View\View.php(216): CodeIgniter\View\View->CodeIgniter\View\{closure}()
 4 SYSTEMPATH\Common.php(1142): CodeIgniter\View\View->render('cadastrados', [], true)
 5 APPPATH\Controllers\Main.php(130): view('cadastrados', [...])
 6 SYSTEMPATH\CodeIgniter.php(907): App\Controllers\Main->cadastrados()
 7 SYSTEMPATH\CodeIgniter.php(457): CodeIgniter\CodeIgniter->runController(Object(App\Controllers\Main))
 8 SYSTEMPATH\CodeIgniter.php(340): CodeIgniter\CodeIgniter->handleRequest(null, Object(Config\Cache), false)
 9 FCPATH\index.php(67): CodeIgniter\CodeIgniter->run()
CRITICAL - 2022-09-29 06:41:58 --> Undefined index: nome
in APPPATH\Views\cadastrados.php on line 101.
 1 APPPATH\Views\cadastrados.php(101): CodeIgniter\Debug\Exceptions->errorHandler(8, 'Undefined index: nome', 'APPPATH\\Views\\cadastrados.php', 101, [...])
 2 SYSTEMPATH\View\View.php(213): include('APPPATH\\Views\\cadastrados.php')
 3 SYSTEMPATH\View\View.php(216): CodeIgniter\View\View->CodeIgniter\View\{closure}()
 4 SYSTEMPATH\Common.php(1142): CodeIgniter\View\View->render('cadastrados', [], true)
 5 APPPATH\Controllers\Main.php(130): view('cadastrados', [...])
 6 SYSTEMPATH\CodeIgniter.php(907): App\Controllers\Main->cadastrados()
 7 SYSTEMPATH\CodeIgniter.php(457): CodeIgniter\CodeIgniter->runController(Object(App\Controllers\Main))
 8 SYSTEMPATH\CodeIgniter.php(340): CodeIgniter\CodeIgniter->handleRequest(null, Object(Config\Cache), false)
 9 FCPATH\index.php(67): CodeIgniter\CodeIgniter->run()
CRITICAL - 2022-09-29 06:41:59 --> Undefined index: nome
in APPPATH\Views\cadastrados.php on line 101.
 1 APPPATH\Views\cadastrados.php(101): CodeIgniter\Debug\Exceptions->errorHandler(8, 'Undefined index: nome', 'APPPATH\\Views\\cadastrados.php', 101, [...])
 2 SYSTEMPATH\View\View.php(213): include('APPPATH\\Views\\cadastrados.php')
 3 SYSTEMPATH\View\View.php(216): CodeIgniter\View\View->CodeIgniter\View\{closure}()
 4 SYSTEMPATH\Common.php(1142): CodeIgniter\View\View->render('cadastrados', [], true)
 5 APPPATH\Controllers\Main.php(130): view('cadastrados', [...])
 6 SYSTEMPATH\CodeIgniter.php(907): App\Controllers\Main->cadastrados()
 7 SYSTEMPATH\CodeIgniter.php(457): CodeIgniter\CodeIgniter->runController(Object(App\Controllers\Main))
 8 SYSTEMPATH\CodeIgniter.php(340): CodeIgniter\CodeIgniter->handleRequest(null, Object(Config\Cache), false)
 9 FCPATH\index.php(67): CodeIgniter\CodeIgniter->run()
CRITICAL - 2022-09-29 06:41:59 --> Undefined index: nome
in APPPATH\Views\cadastrados.php on line 101.
 1 APPPATH\Views\cadastrados.php(101): CodeIgniter\Debug\Exceptions->errorHandler(8, 'Undefined index: nome', 'APPPATH\\Views\\cadastrados.php', 101, [...])
 2 SYSTEMPATH\View\View.php(213): include('APPPATH\\Views\\cadastrados.php')
 3 SYSTEMPATH\View\View.php(216): CodeIgniter\View\View->CodeIgniter\View\{closure}()
 4 SYSTEMPATH\Common.php(1142): CodeIgniter\View\View->render('cadastrados', [], true)
 5 APPPATH\Controllers\Main.php(130): view('cadastrados', [...])
 6 SYSTEMPATH\CodeIgniter.php(907): App\Controllers\Main->cadastrados()
 7 SYSTEMPATH\CodeIgniter.php(457): CodeIgniter\CodeIgniter->runController(Object(App\Controllers\Main))
 8 SYSTEMPATH\CodeIgniter.php(340): CodeIgniter\CodeIgniter->handleRequest(null, Object(Config\Cache), false)
 9 FCPATH\index.php(67): CodeIgniter\CodeIgniter->run()
CRITICAL - 2022-09-29 06:41:59 --> Undefined index: nome
in APPPATH\Views\cadastrados.php on line 101.
 1 APPPATH\Views\cadastrados.php(101): CodeIgniter\Debug\Exceptions->errorHandler(8, 'Undefined index: nome', 'APPPATH\\Views\\cadastrados.php', 101, [...])
 2 SYSTEMPATH\View\View.php(213): include('APPPATH\\Views\\cadastrados.php')
 3 SYSTEMPATH\View\View.php(216): CodeIgniter\View\View->CodeIgniter\View\{closure}()
 4 SYSTEMPATH\Common.php(1142): CodeIgniter\View\View->render('cadastrados', [], true)
 5 APPPATH\Controllers\Main.php(130): view('cadastrados', [...])
 6 SYSTEMPATH\CodeIgniter.php(907): App\Controllers\Main->cadastrados()
 7 SYSTEMPATH\CodeIgniter.php(457): CodeIgniter\CodeIgniter->runController(Object(App\Controllers\Main))
 8 SYSTEMPATH\CodeIgniter.php(340): CodeIgniter\CodeIgniter->handleRequest(null, Object(Config\Cache), false)
 9 FCPATH\index.php(67): CodeIgniter\CodeIgniter->run()
CRITICAL - 2022-09-29 06:42:00 --> Undefined index: nome
in APPPATH\Views\cadastrados.php on line 101.
 1 APPPATH\Views\cadastrados.php(101): CodeIgniter\Debug\Exceptions->errorHandler(8, 'Undefined index: nome', 'APPPATH\\Views\\cadastrados.php', 101, [...])
 2 SYSTEMPATH\View\View.php(213): include('APPPATH\\Views\\cadastrados.php')
 3 SYSTEMPATH\View\View.php(216): CodeIgniter\View\View->CodeIgniter\View\{closure}()
 4 SYSTEMPATH\Common.php(1142): CodeIgniter\View\View->render('cadastrados', [], true)
 5 APPPATH\Controllers\Main.php(130): view('cadastrados', [...])
 6 SYSTEMPATH\CodeIgniter.php(907): App\Controllers\Main->cadastrados()
 7 SYSTEMPATH\CodeIgniter.php(457): CodeIgniter\CodeIgniter->runController(Object(App\Controllers\Main))
 8 SYSTEMPATH\CodeIgniter.php(340): CodeIgniter\CodeIgniter->handleRequest(null, Object(Config\Cache), false)
 9 FCPATH\index.php(67): CodeIgniter\CodeIgniter->run()
CRITICAL - 2022-09-29 06:42:02 --> Undefined index: nome
in APPPATH\Views\cadastrados.php on line 101.
 1 APPPATH\Views\cadastrados.php(101): CodeIgniter\Debug\Exceptions->errorHandler(8, 'Undefined index: nome', 'APPPATH\\Views\\cadastrados.php', 101, [...])
 2 SYSTEMPATH\View\View.php(213): include('APPPATH\\Views\\cadastrados.php')
 3 SYSTEMPATH\View\View.php(216): CodeIgniter\View\View->CodeIgniter\View\{closure}()
 4 SYSTEMPATH\Common.php(1142): CodeIgniter\View\View->render('cadastrados', [], true)
 5 APPPATH\Controllers\Main.php(130): view('cadastrados', [...])
 6 SYSTEMPATH\CodeIgniter.php(907): App\Controllers\Main->cadastrados()
 7 SYSTEMPATH\CodeIgniter.php(457): CodeIgniter\CodeIgniter->runController(Object(App\Controllers\Main))
 8 SYSTEMPATH\CodeIgniter.php(340): CodeIgniter\CodeIgniter->handleRequest(null, Object(Config\Cache), false)
 9 FCPATH\index.php(67): CodeIgniter\CodeIgniter->run()
CRITICAL - 2022-09-29 06:42:02 --> Undefined index: nome
in APPPATH\Views\cadastrados.php on line 101.
 1 APPPATH\Views\cadastrados.php(101): CodeIgniter\Debug\Exceptions->errorHandler(8, 'Undefined index: nome', 'APPPATH\\Views\\cadastrados.php', 101, [...])
 2 SYSTEMPATH\View\View.php(213): include('APPPATH\\Views\\cadastrados.php')
 3 SYSTEMPATH\View\View.php(216): CodeIgniter\View\View->CodeIgniter\View\{closure}()
 4 SYSTEMPATH\Common.php(1142): CodeIgniter\View\View->render('cadastrados', [], true)
 5 APPPATH\Controllers\Main.php(130): view('cadastrados', [...])
 6 SYSTEMPATH\CodeIgniter.php(907): App\Controllers\Main->cadastrados()
 7 SYSTEMPATH\CodeIgniter.php(457): CodeIgniter\CodeIgniter->runController(Object(App\Controllers\Main))
 8 SYSTEMPATH\CodeIgniter.php(340): CodeIgniter\CodeIgniter->handleRequest(null, Object(Config\Cache), false)
 9 FCPATH\index.php(67): CodeIgniter\CodeIgniter->run()
CRITICAL - 2022-09-29 06:42:03 --> Undefined index: nome
in APPPATH\Views\cadastrados.php on line 101.
 1 APPPATH\Views\cadastrados.php(101): CodeIgniter\Debug\Exceptions->errorHandler(8, 'Undefined index: nome', 'APPPATH\\Views\\cadastrados.php', 101, [...])
 2 SYSTEMPATH\View\View.php(213): include('APPPATH\\Views\\cadastrados.php')
 3 SYSTEMPATH\View\View.php(216): CodeIgniter\View\View->CodeIgniter\View\{closure}()
 4 SYSTEMPATH\Common.php(1142): CodeIgniter\View\View->render('cadastrados', [], true)
 5 APPPATH\Controllers\Main.php(130): view('cadastrados', [...])
 6 SYSTEMPATH\CodeIgniter.php(907): App\Controllers\Main->cadastrados()
 7 SYSTEMPATH\CodeIgniter.php(457): CodeIgniter\CodeIgniter->runController(Object(App\Controllers\Main))
 8 SYSTEMPATH\CodeIgniter.php(340): CodeIgniter\CodeIgniter->handleRequest(null, Object(Config\Cache), false)
 9 FCPATH\index.php(67): CodeIgniter\CodeIgniter->run()
CRITICAL - 2022-09-29 06:42:03 --> Undefined index: nome
in APPPATH\Views\cadastrados.php on line 101.
 1 APPPATH\Views\cadastrados.php(101): CodeIgniter\Debug\Exceptions->errorHandler(8, 'Undefined index: nome', 'APPPATH\\Views\\cadastrados.php', 101, [...])
 2 SYSTEMPATH\View\View.php(213): include('APPPATH\\Views\\cadastrados.php')
 3 SYSTEMPATH\View\View.php(216): CodeIgniter\View\View->CodeIgniter\View\{closure}()
 4 SYSTEMPATH\Common.php(1142): CodeIgniter\View\View->render('cadastrados', [], true)
 5 APPPATH\Controllers\Main.php(130): view('cadastrados', [...])
 6 SYSTEMPATH\CodeIgniter.php(907): App\Controllers\Main->cadastrados()
 7 SYSTEMPATH\CodeIgniter.php(457): CodeIgniter\CodeIgniter->runController(Object(App\Controllers\Main))
 8 SYSTEMPATH\CodeIgniter.php(340): CodeIgniter\CodeIgniter->handleRequest(null, Object(Config\Cache), false)
 9 FCPATH\index.php(67): CodeIgniter\CodeIgniter->run()
CRITICAL - 2022-09-29 06:42:03 --> Undefined index: nome
in APPPATH\Views\cadastrados.php on line 101.
 1 APPPATH\Views\cadastrados.php(101): CodeIgniter\Debug\Exceptions->errorHandler(8, 'Undefined index: nome', 'APPPATH\\Views\\cadastrados.php', 101, [...])
 2 SYSTEMPATH\View\View.php(213): include('APPPATH\\Views\\cadastrados.php')
 3 SYSTEMPATH\View\View.php(216): CodeIgniter\View\View->CodeIgniter\View\{closure}()
 4 SYSTEMPATH\Common.php(1142): CodeIgniter\View\View->render('cadastrados', [], true)
 5 APPPATH\Controllers\Main.php(130): view('cadastrados', [...])
 6 SYSTEMPATH\CodeIgniter.php(907): App\Controllers\Main->cadastrados()
 7 SYSTEMPATH\CodeIgniter.php(457): CodeIgniter\CodeIgniter->runController(Object(App\Controllers\Main))
 8 SYSTEMPATH\CodeIgniter.php(340): CodeIgniter\CodeIgniter->handleRequest(null, Object(Config\Cache), false)
 9 FCPATH\index.php(67): CodeIgniter\CodeIgniter->run()
CRITICAL - 2022-09-29 06:42:03 --> Undefined index: nome
in APPPATH\Views\cadastrados.php on line 101.
 1 APPPATH\Views\cadastrados.php(101): CodeIgniter\Debug\Exceptions->errorHandler(8, 'Undefined index: nome', 'APPPATH\\Views\\cadastrados.php', 101, [...])
 2 SYSTEMPATH\View\View.php(213): include('APPPATH\\Views\\cadastrados.php')
 3 SYSTEMPATH\View\View.php(216): CodeIgniter\View\View->CodeIgniter\View\{closure}()
 4 SYSTEMPATH\Common.php(1142): CodeIgniter\View\View->render('cadastrados', [], true)
 5 APPPATH\Controllers\Main.php(130): view('cadastrados', [...])
 6 SYSTEMPATH\CodeIgniter.php(907): App\Controllers\Main->cadastrados()
 7 SYSTEMPATH\CodeIgniter.php(457): CodeIgniter\CodeIgniter->runController(Object(App\Controllers\Main))
 8 SYSTEMPATH\CodeIgniter.php(340): CodeIgniter\CodeIgniter->handleRequest(null, Object(Config\Cache), false)
 9 FCPATH\index.php(67): CodeIgniter\CodeIgniter->run()
CRITICAL - 2022-09-29 06:42:04 --> Undefined index: nome
in APPPATH\Views\cadastrados.php on line 101.
 1 APPPATH\Views\cadastrados.php(101): CodeIgniter\Debug\Exceptions->errorHandler(8, 'Undefined index: nome', 'APPPATH\\Views\\cadastrados.php', 101, [...])
 2 SYSTEMPATH\View\View.php(213): include('APPPATH\\Views\\cadastrados.php')
 3 SYSTEMPATH\View\View.php(216): CodeIgniter\View\View->CodeIgniter\View\{closure}()
 4 SYSTEMPATH\Common.php(1142): CodeIgniter\View\View->render('cadastrados', [], true)
 5 APPPATH\Controllers\Main.php(130): view('cadastrados', [...])
 6 SYSTEMPATH\CodeIgniter.php(907): App\Controllers\Main->cadastrados()
 7 SYSTEMPATH\CodeIgniter.php(457): CodeIgniter\CodeIgniter->runController(Object(App\Controllers\Main))
 8 SYSTEMPATH\CodeIgniter.php(340): CodeIgniter\CodeIgniter->handleRequest(null, Object(Config\Cache), false)
 9 FCPATH\index.php(67): CodeIgniter\CodeIgniter->run()
CRITICAL - 2022-09-29 06:42:04 --> Undefined index: nome
in APPPATH\Views\cadastrados.php on line 101.
 1 APPPATH\Views\cadastrados.php(101): CodeIgniter\Debug\Exceptions->errorHandler(8, 'Undefined index: nome', 'APPPATH\\Views\\cadastrados.php', 101, [...])
 2 SYSTEMPATH\View\View.php(213): include('APPPATH\\Views\\cadastrados.php')
 3 SYSTEMPATH\View\View.php(216): CodeIgniter\View\View->CodeIgniter\View\{closure}()
 4 SYSTEMPATH\Common.php(1142): CodeIgniter\View\View->render('cadastrados', [], true)
 5 APPPATH\Controllers\Main.php(130): view('cadastrados', [...])
 6 SYSTEMPATH\CodeIgniter.php(907): App\Controllers\Main->cadastrados()
 7 SYSTEMPATH\CodeIgniter.php(457): CodeIgniter\CodeIgniter->runController(Object(App\Controllers\Main))
 8 SYSTEMPATH\CodeIgniter.php(340): CodeIgniter\CodeIgniter->handleRequest(null, Object(Config\Cache), false)
 9 FCPATH\index.php(67): CodeIgniter\CodeIgniter->run()
CRITICAL - 2022-09-29 06:42:04 --> Undefined index: nome
in APPPATH\Views\cadastrados.php on line 101.
 1 APPPATH\Views\cadastrados.php(101): CodeIgniter\Debug\Exceptions->errorHandler(8, 'Undefined index: nome', 'APPPATH\\Views\\cadastrados.php', 101, [...])
 2 SYSTEMPATH\View\View.php(213): include('APPPATH\\Views\\cadastrados.php')
 3 SYSTEMPATH\View\View.php(216): CodeIgniter\View\View->CodeIgniter\View\{closure}()
 4 SYSTEMPATH\Common.php(1142): CodeIgniter\View\View->render('cadastrados', [], true)
 5 APPPATH\Controllers\Main.php(130): view('cadastrados', [...])
 6 SYSTEMPATH\CodeIgniter.php(907): App\Controllers\Main->cadastrados()
 7 SYSTEMPATH\CodeIgniter.php(457): CodeIgniter\CodeIgniter->runController(Object(App\Controllers\Main))
 8 SYSTEMPATH\CodeIgniter.php(340): CodeIgniter\CodeIgniter->handleRequest(null, Object(Config\Cache), false)
 9 FCPATH\index.php(67): CodeIgniter\CodeIgniter->run()
CRITICAL - 2022-09-29 06:43:12 --> Undefined index: nome
in APPPATH\Views\cadastrados.php on line 101.
 1 APPPATH\Views\cadastrados.php(101): CodeIgniter\Debug\Exceptions->errorHandler(8, 'Undefined index: nome', 'APPPATH\\Views\\cadastrados.php', 101, [...])
 2 SYSTEMPATH\View\View.php(213): include('APPPATH\\Views\\cadastrados.php')
 3 SYSTEMPATH\View\View.php(216): CodeIgniter\View\View->CodeIgniter\View\{closure}()
 4 SYSTEMPATH\Common.php(1142): CodeIgniter\View\View->render('cadastrados', [], true)
 5 APPPATH\Controllers\Main.php(130): view('cadastrados', [...])
 6 SYSTEMPATH\CodeIgniter.php(907): App\Controllers\Main->cadastrados()
 7 SYSTEMPATH\CodeIgniter.php(457): CodeIgniter\CodeIgniter->runController(Object(App\Controllers\Main))
 8 SYSTEMPATH\CodeIgniter.php(340): CodeIgniter\CodeIgniter->handleRequest(null, Object(Config\Cache), false)
 9 FCPATH\index.php(67): CodeIgniter\CodeIgniter->run()
CRITICAL - 2022-09-29 06:43:12 --> Undefined index: nome
in APPPATH\Views\cadastrados.php on line 101.
 1 APPPATH\Views\cadastrados.php(101): CodeIgniter\Debug\Exceptions->errorHandler(8, 'Undefined index: nome', 'APPPATH\\Views\\cadastrados.php', 101, [...])
 2 SYSTEMPATH\View\View.php(213): include('APPPATH\\Views\\cadastrados.php')
 3 SYSTEMPATH\View\View.php(216): CodeIgniter\View\View->CodeIgniter\View\{closure}()
 4 SYSTEMPATH\Common.php(1142): CodeIgniter\View\View->render('cadastrados', [], true)
 5 APPPATH\Controllers\Main.php(130): view('cadastrados', [...])
 6 SYSTEMPATH\CodeIgniter.php(907): App\Controllers\Main->cadastrados()
 7 SYSTEMPATH\CodeIgniter.php(457): CodeIgniter\CodeIgniter->runController(Object(App\Controllers\Main))
 8 SYSTEMPATH\CodeIgniter.php(340): CodeIgniter\CodeIgniter->handleRequest(null, Object(Config\Cache), false)
 9 FCPATH\index.php(67): CodeIgniter\CodeIgniter->run()
CRITICAL - 2022-09-29 06:43:12 --> Undefined index: nome
in APPPATH\Views\cadastrados.php on line 101.
 1 APPPATH\Views\cadastrados.php(101): CodeIgniter\Debug\Exceptions->errorHandler(8, 'Undefined index: nome', 'APPPATH\\Views\\cadastrados.php', 101, [...])
 2 SYSTEMPATH\View\View.php(213): include('APPPATH\\Views\\cadastrados.php')
 3 SYSTEMPATH\View\View.php(216): CodeIgniter\View\View->CodeIgniter\View\{closure}()
 4 SYSTEMPATH\Common.php(1142): CodeIgniter\View\View->render('cadastrados', [], true)
 5 APPPATH\Controllers\Main.php(130): view('cadastrados', [...])
 6 SYSTEMPATH\CodeIgniter.php(907): App\Controllers\Main->cadastrados()
 7 SYSTEMPATH\CodeIgniter.php(457): CodeIgniter\CodeIgniter->runController(Object(App\Controllers\Main))
 8 SYSTEMPATH\CodeIgniter.php(340): CodeIgniter\CodeIgniter->handleRequest(null, Object(Config\Cache), false)
 9 FCPATH\index.php(67): CodeIgniter\CodeIgniter->run()
CRITICAL - 2022-09-29 06:43:12 --> Undefined index: nome
in APPPATH\Views\cadastrados.php on line 101.
 1 APPPATH\Views\cadastrados.php(101): CodeIgniter\Debug\Exceptions->errorHandler(8, 'Undefined index: nome', 'APPPATH\\Views\\cadastrados.php', 101, [...])
 2 SYSTEMPATH\View\View.php(213): include('APPPATH\\Views\\cadastrados.php')
 3 SYSTEMPATH\View\View.php(216): CodeIgniter\View\View->CodeIgniter\View\{closure}()
 4 SYSTEMPATH\Common.php(1142): CodeIgniter\View\View->render('cadastrados', [], true)
 5 APPPATH\Controllers\Main.php(130): view('cadastrados', [...])
 6 SYSTEMPATH\CodeIgniter.php(907): App\Controllers\Main->cadastrados()
 7 SYSTEMPATH\CodeIgniter.php(457): CodeIgniter\CodeIgniter->runController(Object(App\Controllers\Main))
 8 SYSTEMPATH\CodeIgniter.php(340): CodeIgniter\CodeIgniter->handleRequest(null, Object(Config\Cache), false)
 9 FCPATH\index.php(67): CodeIgniter\CodeIgniter->run()
CRITICAL - 2022-09-29 06:43:13 --> Undefined index: nome
in APPPATH\Views\cadastrados.php on line 101.
 1 APPPATH\Views\cadastrados.php(101): CodeIgniter\Debug\Exceptions->errorHandler(8, 'Undefined index: nome', 'APPPATH\\Views\\cadastrados.php', 101, [...])
 2 SYSTEMPATH\View\View.php(213): include('APPPATH\\Views\\cadastrados.php')
 3 SYSTEMPATH\View\View.php(216): CodeIgniter\View\View->CodeIgniter\View\{closure}()
 4 SYSTEMPATH\Common.php(1142): CodeIgniter\View\View->render('cadastrados', [], true)
 5 APPPATH\Controllers\Main.php(130): view('cadastrados', [...])
 6 SYSTEMPATH\CodeIgniter.php(907): App\Controllers\Main->cadastrados()
 7 SYSTEMPATH\CodeIgniter.php(457): CodeIgniter\CodeIgniter->runController(Object(App\Controllers\Main))
 8 SYSTEMPATH\CodeIgniter.php(340): CodeIgniter\CodeIgniter->handleRequest(null, Object(Config\Cache), false)
 9 FCPATH\index.php(67): CodeIgniter\CodeIgniter->run()
CRITICAL - 2022-09-29 06:43:13 --> Undefined index: nome
in APPPATH\Views\cadastrados.php on line 101.
 1 APPPATH\Views\cadastrados.php(101): CodeIgniter\Debug\Exceptions->errorHandler(8, 'Undefined index: nome', 'APPPATH\\Views\\cadastrados.php', 101, [...])
 2 SYSTEMPATH\View\View.php(213): include('APPPATH\\Views\\cadastrados.php')
 3 SYSTEMPATH\View\View.php(216): CodeIgniter\View\View->CodeIgniter\View\{closure}()
 4 SYSTEMPATH\Common.php(1142): CodeIgniter\View\View->render('cadastrados', [], true)
 5 APPPATH\Controllers\Main.php(130): view('cadastrados', [...])
 6 SYSTEMPATH\CodeIgniter.php(907): App\Controllers\Main->cadastrados()
 7 SYSTEMPATH\CodeIgniter.php(457): CodeIgniter\CodeIgniter->runController(Object(App\Controllers\Main))
 8 SYSTEMPATH\CodeIgniter.php(340): CodeIgniter\CodeIgniter->handleRequest(null, Object(Config\Cache), false)
 9 FCPATH\index.php(67): CodeIgniter\CodeIgniter->run()
CRITICAL - 2022-09-29 06:43:13 --> Undefined index: nome
in APPPATH\Views\cadastrados.php on line 101.
 1 APPPATH\Views\cadastrados.php(101): CodeIgniter\Debug\Exceptions->errorHandler(8, 'Undefined index: nome', 'APPPATH\\Views\\cadastrados.php', 101, [...])
 2 SYSTEMPATH\View\View.php(213): include('APPPATH\\Views\\cadastrados.php')
 3 SYSTEMPATH\View\View.php(216): CodeIgniter\View\View->CodeIgniter\View\{closure}()
 4 SYSTEMPATH\Common.php(1142): CodeIgniter\View\View->render('cadastrados', [], true)
 5 APPPATH\Controllers\Main.php(130): view('cadastrados', [...])
 6 SYSTEMPATH\CodeIgniter.php(907): App\Controllers\Main->cadastrados()
 7 SYSTEMPATH\CodeIgniter.php(457): CodeIgniter\CodeIgniter->runController(Object(App\Controllers\Main))
 8 SYSTEMPATH\CodeIgniter.php(340): CodeIgniter\CodeIgniter->handleRequest(null, Object(Config\Cache), false)
 9 FCPATH\index.php(67): CodeIgniter\CodeIgniter->run()
CRITICAL - 2022-09-29 06:43:13 --> Undefined index: nome
in APPPATH\Views\cadastrados.php on line 101.
 1 APPPATH\Views\cadastrados.php(101): CodeIgniter\Debug\Exceptions->errorHandler(8, 'Undefined index: nome', 'APPPATH\\Views\\cadastrados.php', 101, [...])
 2 SYSTEMPATH\View\View.php(213): include('APPPATH\\Views\\cadastrados.php')
 3 SYSTEMPATH\View\View.php(216): CodeIgniter\View\View->CodeIgniter\View\{closure}()
 4 SYSTEMPATH\Common.php(1142): CodeIgniter\View\View->render('cadastrados', [], true)
 5 APPPATH\Controllers\Main.php(130): view('cadastrados', [...])
 6 SYSTEMPATH\CodeIgniter.php(907): App\Controllers\Main->cadastrados()
 7 SYSTEMPATH\CodeIgniter.php(457): CodeIgniter\CodeIgniter->runController(Object(App\Controllers\Main))
 8 SYSTEMPATH\CodeIgniter.php(340): CodeIgniter\CodeIgniter->handleRequest(null, Object(Config\Cache), false)
 9 FCPATH\index.php(67): CodeIgniter\CodeIgniter->run()
CRITICAL - 2022-09-29 06:43:14 --> Undefined index: nome
in APPPATH\Views\cadastrados.php on line 101.
 1 APPPATH\Views\cadastrados.php(101): CodeIgniter\Debug\Exceptions->errorHandler(8, 'Undefined index: nome', 'APPPATH\\Views\\cadastrados.php', 101, [...])
 2 SYSTEMPATH\View\View.php(213): include('APPPATH\\Views\\cadastrados.php')
 3 SYSTEMPATH\View\View.php(216): CodeIgniter\View\View->CodeIgniter\View\{closure}()
 4 SYSTEMPATH\Common.php(1142): CodeIgniter\View\View->render('cadastrados', [], true)
 5 APPPATH\Controllers\Main.php(130): view('cadastrados', [...])
 6 SYSTEMPATH\CodeIgniter.php(907): App\Controllers\Main->cadastrados()
 7 SYSTEMPATH\CodeIgniter.php(457): CodeIgniter\CodeIgniter->runController(Object(App\Controllers\Main))
 8 SYSTEMPATH\CodeIgniter.php(340): CodeIgniter\CodeIgniter->handleRequest(null, Object(Config\Cache), false)
 9 FCPATH\index.php(67): CodeIgniter\CodeIgniter->run()
CRITICAL - 2022-09-29 06:44:22 --> Undefined index: nome
in APPPATH\Views\cadastrados.php on line 101.
 1 APPPATH\Views\cadastrados.php(101): CodeIgniter\Debug\Exceptions->errorHandler(8, 'Undefined index: nome', 'APPPATH\\Views\\cadastrados.php', 101, [...])
 2 SYSTEMPATH\View\View.php(213): include('APPPATH\\Views\\cadastrados.php')
 3 SYSTEMPATH\View\View.php(216): CodeIgniter\View\View->CodeIgniter\View\{closure}()
 4 SYSTEMPATH\Common.php(1142): CodeIgniter\View\View->render('cadastrados', [], true)
 5 APPPATH\Controllers\Main.php(130): view('cadastrados', [...])
 6 SYSTEMPATH\CodeIgniter.php(907): App\Controllers\Main->cadastrados()
 7 SYSTEMPATH\CodeIgniter.php(457): CodeIgniter\CodeIgniter->runController(Object(App\Controllers\Main))
 8 SYSTEMPATH\CodeIgniter.php(340): CodeIgniter\CodeIgniter->handleRequest(null, Object(Config\Cache), false)
 9 FCPATH\index.php(67): CodeIgniter\CodeIgniter->run()
CRITICAL - 2022-09-29 06:44:23 --> Undefined index: nome
in APPPATH\Views\cadastrados.php on line 101.
 1 APPPATH\Views\cadastrados.php(101): CodeIgniter\Debug\Exceptions->errorHandler(8, 'Undefined index: nome', 'APPPATH\\Views\\cadastrados.php', 101, [...])
 2 SYSTEMPATH\View\View.php(213): include('APPPATH\\Views\\cadastrados.php')
 3 SYSTEMPATH\View\View.php(216): CodeIgniter\View\View->CodeIgniter\View\{closure}()
 4 SYSTEMPATH\Common.php(1142): CodeIgniter\View\View->render('cadastrados', [], true)
 5 APPPATH\Controllers\Main.php(130): view('cadastrados', [...])
 6 SYSTEMPATH\CodeIgniter.php(907): App\Controllers\Main->cadastrados()
 7 SYSTEMPATH\CodeIgniter.php(457): CodeIgniter\CodeIgniter->runController(Object(App\Controllers\Main))
 8 SYSTEMPATH\CodeIgniter.php(340): CodeIgniter\CodeIgniter->handleRequest(null, Object(Config\Cache), false)
 9 FCPATH\index.php(67): CodeIgniter\CodeIgniter->run()
CRITICAL - 2022-09-29 06:44:23 --> Undefined index: nome
in APPPATH\Views\cadastrados.php on line 101.
 1 APPPATH\Views\cadastrados.php(101): CodeIgniter\Debug\Exceptions->errorHandler(8, 'Undefined index: nome', 'APPPATH\\Views\\cadastrados.php', 101, [...])
 2 SYSTEMPATH\View\View.php(213): include('APPPATH\\Views\\cadastrados.php')
 3 SYSTEMPATH\View\View.php(216): CodeIgniter\View\View->CodeIgniter\View\{closure}()
 4 SYSTEMPATH\Common.php(1142): CodeIgniter\View\View->render('cadastrados', [], true)
 5 APPPATH\Controllers\Main.php(130): view('cadastrados', [...])
 6 SYSTEMPATH\CodeIgniter.php(907): App\Controllers\Main->cadastrados()
 7 SYSTEMPATH\CodeIgniter.php(457): CodeIgniter\CodeIgniter->runController(Object(App\Controllers\Main))
 8 SYSTEMPATH\CodeIgniter.php(340): CodeIgniter\CodeIgniter->handleRequest(null, Object(Config\Cache), false)
 9 FCPATH\index.php(67): CodeIgniter\CodeIgniter->run()
CRITICAL - 2022-09-29 06:45:52 --> Undefined variable: organizador
in APPPATH\Views\cadastrados.php on line 101.
 1 APPPATH\Views\cadastrados.php(101): CodeIgniter\Debug\Exceptions->errorHandler(8, 'Undefined variable: organizador', 'APPPATH\\Views\\cadastrados.php', 101, [...])
 2 SYSTEMPATH\View\View.php(213): include('APPPATH\\Views\\cadastrados.php')
 3 SYSTEMPATH\View\View.php(216): CodeIgniter\View\View->CodeIgniter\View\{closure}()
 4 SYSTEMPATH\Common.php(1142): CodeIgniter\View\View->render('cadastrados', [], true)
 5 APPPATH\Controllers\Main.php(130): view('cadastrados', [...])
 6 SYSTEMPATH\CodeIgniter.php(907): App\Controllers\Main->cadastrados()
 7 SYSTEMPATH\CodeIgniter.php(457): CodeIgniter\CodeIgniter->runController(Object(App\Controllers\Main))
 8 SYSTEMPATH\CodeIgniter.php(340): CodeIgniter\CodeIgniter->handleRequest(null, Object(Config\Cache), false)
 9 FCPATH\index.php(67): CodeIgniter\CodeIgniter->run()
CRITICAL - 2022-09-29 06:45:53 --> Undefined variable: organizador
in APPPATH\Views\cadastrados.php on line 101.
 1 APPPATH\Views\cadastrados.php(101): CodeIgniter\Debug\Exceptions->errorHandler(8, 'Undefined variable: organizador', 'APPPATH\\Views\\cadastrados.php', 101, [...])
 2 SYSTEMPATH\View\View.php(213): include('APPPATH\\Views\\cadastrados.php')
 3 SYSTEMPATH\View\View.php(216): CodeIgniter\View\View->CodeIgniter\View\{closure}()
 4 SYSTEMPATH\Common.php(1142): CodeIgniter\View\View->render('cadastrados', [], true)
 5 APPPATH\Controllers\Main.php(130): view('cadastrados', [...])
 6 SYSTEMPATH\CodeIgniter.php(907): App\Controllers\Main->cadastrados()
 7 SYSTEMPATH\CodeIgniter.php(457): CodeIgniter\CodeIgniter->runController(Object(App\Controllers\Main))
 8 SYSTEMPATH\CodeIgniter.php(340): CodeIgniter\CodeIgniter->handleRequest(null, Object(Config\Cache), false)
 9 FCPATH\index.php(67): CodeIgniter\CodeIgniter->run()
CRITICAL - 2022-09-29 06:45:54 --> Undefined variable: organizador
in APPPATH\Views\cadastrados.php on line 101.
 1 APPPATH\Views\cadastrados.php(101): CodeIgniter\Debug\Exceptions->errorHandler(8, 'Undefined variable: organizador', 'APPPATH\\Views\\cadastrados.php', 101, [...])
 2 SYSTEMPATH\View\View.php(213): include('APPPATH\\Views\\cadastrados.php')
 3 SYSTEMPATH\View\View.php(216): CodeIgniter\View\View->CodeIgniter\View\{closure}()
 4 SYSTEMPATH\Common.php(1142): CodeIgniter\View\View->render('cadastrados', [], true)
 5 APPPATH\Controllers\Main.php(130): view('cadastrados', [...])
 6 SYSTEMPATH\CodeIgniter.php(907): App\Controllers\Main->cadastrados()
 7 SYSTEMPATH\CodeIgniter.php(457): CodeIgniter\CodeIgniter->runController(Object(App\Controllers\Main))
 8 SYSTEMPATH\CodeIgniter.php(340): CodeIgniter\CodeIgniter->handleRequest(null, Object(Config\Cache), false)
 9 FCPATH\index.php(67): CodeIgniter\CodeIgniter->run()
CRITICAL - 2022-09-29 06:46:06 --> Undefined index: nome
in APPPATH\Views\cadastrados.php on line 101.
 1 APPPATH\Views\cadastrados.php(101): CodeIgniter\Debug\Exceptions->errorHandler(8, 'Undefined index: nome', 'APPPATH\\Views\\cadastrados.php', 101, [...])
 2 SYSTEMPATH\View\View.php(213): include('APPPATH\\Views\\cadastrados.php')
 3 SYSTEMPATH\View\View.php(216): CodeIgniter\View\View->CodeIgniter\View\{closure}()
 4 SYSTEMPATH\Common.php(1142): CodeIgniter\View\View->render('cadastrados', [], true)
 5 APPPATH\Controllers\Main.php(130): view('cadastrados', [...])
 6 SYSTEMPATH\CodeIgniter.php(907): App\Controllers\Main->cadastrados()
 7 SYSTEMPATH\CodeIgniter.php(457): CodeIgniter\CodeIgniter->runController(Object(App\Controllers\Main))
 8 SYSTEMPATH\CodeIgniter.php(340): CodeIgniter\CodeIgniter->handleRequest(null, Object(Config\Cache), false)
 9 FCPATH\index.php(67): CodeIgniter\CodeIgniter->run()
CRITICAL - 2022-09-29 06:46:07 --> Undefined index: nome
in APPPATH\Views\cadastrados.php on line 101.
 1 APPPATH\Views\cadastrados.php(101): CodeIgniter\Debug\Exceptions->errorHandler(8, 'Undefined index: nome', 'APPPATH\\Views\\cadastrados.php', 101, [...])
 2 SYSTEMPATH\View\View.php(213): include('APPPATH\\Views\\cadastrados.php')
 3 SYSTEMPATH\View\View.php(216): CodeIgniter\View\View->CodeIgniter\View\{closure}()
 4 SYSTEMPATH\Common.php(1142): CodeIgniter\View\View->render('cadastrados', [], true)
 5 APPPATH\Controllers\Main.php(130): view('cadastrados', [...])
 6 SYSTEMPATH\CodeIgniter.php(907): App\Controllers\Main->cadastrados()
 7 SYSTEMPATH\CodeIgniter.php(457): CodeIgniter\CodeIgniter->runController(Object(App\Controllers\Main))
 8 SYSTEMPATH\CodeIgniter.php(340): CodeIgniter\CodeIgniter->handleRequest(null, Object(Config\Cache), false)
 9 FCPATH\index.php(67): CodeIgniter\CodeIgniter->run()
CRITICAL - 2022-09-29 06:46:14 --> Undefined index: nome
in APPPATH\Views\cadastrados.php on line 101.
 1 APPPATH\Views\cadastrados.php(101): CodeIgniter\Debug\Exceptions->errorHandler(8, 'Undefined index: nome', 'APPPATH\\Views\\cadastrados.php', 101, [...])
 2 SYSTEMPATH\View\View.php(213): include('APPPATH\\Views\\cadastrados.php')
 3 SYSTEMPATH\View\View.php(216): CodeIgniter\View\View->CodeIgniter\View\{closure}()
 4 SYSTEMPATH\Common.php(1142): CodeIgniter\View\View->render('cadastrados', [], true)
 5 APPPATH\Controllers\Main.php(130): view('cadastrados', [...])
 6 SYSTEMPATH\CodeIgniter.php(907): App\Controllers\Main->cadastrados()
 7 SYSTEMPATH\CodeIgniter.php(457): CodeIgniter\CodeIgniter->runController(Object(App\Controllers\Main))
 8 SYSTEMPATH\CodeIgniter.php(340): CodeIgniter\CodeIgniter->handleRequest(null, Object(Config\Cache), false)
 9 FCPATH\index.php(67): CodeIgniter\CodeIgniter->run()
CRITICAL - 2022-09-29 06:46:15 --> Undefined index: nome
in APPPATH\Views\cadastrados.php on line 101.
 1 APPPATH\Views\cadastrados.php(101): CodeIgniter\Debug\Exceptions->errorHandler(8, 'Undefined index: nome', 'APPPATH\\Views\\cadastrados.php', 101, [...])
 2 SYSTEMPATH\View\View.php(213): include('APPPATH\\Views\\cadastrados.php')
 3 SYSTEMPATH\View\View.php(216): CodeIgniter\View\View->CodeIgniter\View\{closure}()
 4 SYSTEMPATH\Common.php(1142): CodeIgniter\View\View->render('cadastrados', [], true)
 5 APPPATH\Controllers\Main.php(130): view('cadastrados', [...])
 6 SYSTEMPATH\CodeIgniter.php(907): App\Controllers\Main->cadastrados()
 7 SYSTEMPATH\CodeIgniter.php(457): CodeIgniter\CodeIgniter->runController(Object(App\Controllers\Main))
 8 SYSTEMPATH\CodeIgniter.php(340): CodeIgniter\CodeIgniter->handleRequest(null, Object(Config\Cache), false)
 9 FCPATH\index.php(67): CodeIgniter\CodeIgniter->run()
CRITICAL - 2022-09-29 07:32:44 --> Illegal string offset 'id'
in APPPATH\Views\cadastrados.php on line 144.
 1 APPPATH\Views\cadastrados.php(144): CodeIgniter\Debug\Exceptions->errorHandler(2, 'Illegal string offset \'id\'', 'APPPATH\\Views\\cadastrados.php', 144, [...])
 2 SYSTEMPATH\View\View.php(213): include('APPPATH\\Views\\cadastrados.php')
 3 SYSTEMPATH\View\View.php(216): CodeIgniter\View\View->CodeIgniter\View\{closure}()
 4 SYSTEMPATH\Common.php(1142): CodeIgniter\View\View->render('cadastrados', [], true)
 5 APPPATH\Controllers\Main.php(77): view('cadastrados', [...])
 6 SYSTEMPATH\CodeIgniter.php(907): App\Controllers\Main->edit('1')
 7 SYSTEMPATH\CodeIgniter.php(457): CodeIgniter\CodeIgniter->runController(Object(App\Controllers\Main))
 8 SYSTEMPATH\CodeIgniter.php(340): CodeIgniter\CodeIgniter->handleRequest(null, Object(Config\Cache), false)
 9 FCPATH\index.php(67): CodeIgniter\CodeIgniter->run()
CRITICAL - 2022-09-29 07:34:24 --> Illegal string offset 'id'
in APPPATH\Views\cadastrados.php on line 144.
 1 APPPATH\Views\cadastrados.php(144): CodeIgniter\Debug\Exceptions->errorHandler(2, 'Illegal string offset \'id\'', 'APPPATH\\Views\\cadastrados.php', 144, [...])
 2 SYSTEMPATH\View\View.php(213): include('APPPATH\\Views\\cadastrados.php')
 3 SYSTEMPATH\View\View.php(216): CodeIgniter\View\View->CodeIgniter\View\{closure}()
 4 SYSTEMPATH\Common.php(1142): CodeIgniter\View\View->render('cadastrados', [], true)
 5 APPPATH\Controllers\Main.php(77): view('cadastrados', [...])
 6 SYSTEMPATH\CodeIgniter.php(907): App\Controllers\Main->edit('73')
 7 SYSTEMPATH\CodeIgniter.php(457): CodeIgniter\CodeIgniter->runController(Object(App\Controllers\Main))
 8 SYSTEMPATH\CodeIgniter.php(340): CodeIgniter\CodeIgniter->handleRequest(null, Object(Config\Cache), false)
 9 FCPATH\index.php(67): CodeIgniter\CodeIgniter->run()
CRITICAL - 2022-09-29 07:34:48 --> Illegal string offset 'id'
in APPPATH\Views\cadastrados.php on line 144.
 1 APPPATH\Views\cadastrados.php(144): CodeIgniter\Debug\Exceptions->errorHandler(2, 'Illegal string offset \'id\'', 'APPPATH\\Views\\cadastrados.php', 144, [...])
 2 SYSTEMPATH\View\View.php(213): include('APPPATH\\Views\\cadastrados.php')
 3 SYSTEMPATH\View\View.php(216): CodeIgniter\View\View->CodeIgniter\View\{closure}()
 4 SYSTEMPATH\Common.php(1142): CodeIgniter\View\View->render('cadastrados', [], true)
 5 APPPATH\Controllers\Main.php(77): view('cadastrados', [...])
 6 SYSTEMPATH\CodeIgniter.php(907): App\Controllers\Main->edit('73')
 7 SYSTEMPATH\CodeIgniter.php(457): CodeIgniter\CodeIgniter->runController(Object(App\Controllers\Main))
 8 SYSTEMPATH\CodeIgniter.php(340): CodeIgniter\CodeIgniter->handleRequest(null, Object(Config\Cache), false)
 9 FCPATH\index.php(67): CodeIgniter\CodeIgniter->run()
CRITICAL - 2022-09-29 07:34:48 --> Undefined index: id
in APPPATH\Views\cadastrados.php on line 155.
 1 APPPATH\Views\cadastrados.php(155): CodeIgniter\Debug\Exceptions->errorHandler(8, 'Undefined index: id', 'APPPATH\\Views\\cadastrados.php', 155, [...])
 2 SYSTEMPATH\View\View.php(213): include('APPPATH\\Views\\cadastrados.php')
 3 SYSTEMPATH\View\View.php(216): CodeIgniter\View\View->CodeIgniter\View\{closure}()
 4 SYSTEMPATH\Common.php(1142): CodeIgniter\View\View->render('cadastrados', [], true)
 5 APPPATH\Controllers\Main.php(130): view('cadastrados', [...])
 6 SYSTEMPATH\CodeIgniter.php(907): App\Controllers\Main->cadastrados()
 7 SYSTEMPATH\CodeIgniter.php(457): CodeIgniter\CodeIgniter->runController(Object(App\Controllers\Main))
 8 SYSTEMPATH\CodeIgniter.php(340): CodeIgniter\CodeIgniter->handleRequest(null, Object(Config\Cache), false)
 9 FCPATH\index.php(67): CodeIgniter\CodeIgniter->run()
CRITICAL - 2022-09-29 07:34:54 --> Undefined index: id
in APPPATH\Views\cadastrados.php on line 155.
 1 APPPATH\Views\cadastrados.php(155): CodeIgniter\Debug\Exceptions->errorHandler(8, 'Undefined index: id', 'APPPATH\\Views\\cadastrados.php', 155, [...])
 2 SYSTEMPATH\View\View.php(213): include('APPPATH\\Views\\cadastrados.php')
 3 SYSTEMPATH\View\View.php(216): CodeIgniter\View\View->CodeIgniter\View\{closure}()
 4 SYSTEMPATH\Common.php(1142): CodeIgniter\View\View->render('cadastrados', [], true)
 5 APPPATH\Controllers\Main.php(130): view('cadastrados', [...])
 6 SYSTEMPATH\CodeIgniter.php(907): App\Controllers\Main->cadastrados()
 7 SYSTEMPATH\CodeIgniter.php(457): CodeIgniter\CodeIgniter->runController(Object(App\Controllers\Main))
 8 SYSTEMPATH\CodeIgniter.php(340): CodeIgniter\CodeIgniter->handleRequest(null, Object(Config\Cache), false)
 9 FCPATH\index.php(67): CodeIgniter\CodeIgniter->run()
CRITICAL - 2022-09-29 07:35:25 --> Illegal string offset 'id'
in APPPATH\Views\cadastrados.php on line 144.
 1 APPPATH\Views\cadastrados.php(144): CodeIgniter\Debug\Exceptions->errorHandler(2, 'Illegal string offset \'id\'', 'APPPATH\\Views\\cadastrados.php', 144, [...])
 2 SYSTEMPATH\View\View.php(213): include('APPPATH\\Views\\cadastrados.php')
 3 SYSTEMPATH\View\View.php(216): CodeIgniter\View\View->CodeIgniter\View\{closure}()
 4 SYSTEMPATH\Common.php(1142): CodeIgniter\View\View->render('cadastrados', [], true)
 5 APPPATH\Controllers\Main.php(77): view('cadastrados', [...])
 6 SYSTEMPATH\CodeIgniter.php(907): App\Controllers\Main->edit('1')
 7 SYSTEMPATH\CodeIgniter.php(457): CodeIgniter\CodeIgniter->runController(Object(App\Controllers\Main))
 8 SYSTEMPATH\CodeIgniter.php(340): CodeIgniter\CodeIgniter->handleRequest(null, Object(Config\Cache), false)
 9 FCPATH\index.php(67): CodeIgniter\CodeIgniter->run()
CRITICAL - 2022-09-29 07:40:49 --> Undefined variable: organizadores
in APPPATH\Views\cadastrados.php on line 142.
 1 APPPATH\Views\cadastrados.php(142): CodeIgniter\Debug\Exceptions->errorHandler(8, 'Undefined variable: organizadores', 'APPPATH\\Views\\cadastrados.php', 142, [...])
 2 SYSTEMPATH\View\View.php(213): include('APPPATH\\Views\\cadastrados.php')
 3 SYSTEMPATH\View\View.php(216): CodeIgniter\View\View->CodeIgniter\View\{closure}()
 4 SYSTEMPATH\Common.php(1142): CodeIgniter\View\View->render('cadastrados', [], true)
 5 APPPATH\Controllers\Main.php(77): view('cadastrados', [...])
 6 SYSTEMPATH\CodeIgniter.php(907): App\Controllers\Main->edit('1')
 7 SYSTEMPATH\CodeIgniter.php(457): CodeIgniter\CodeIgniter->runController(Object(App\Controllers\Main))
 8 SYSTEMPATH\CodeIgniter.php(340): CodeIgniter\CodeIgniter->handleRequest(null, Object(Config\Cache), false)
 9 FCPATH\index.php(67): CodeIgniter\CodeIgniter->run()
CRITICAL - 2022-09-29 07:41:59 --> Undefined variable: organizadores
in APPPATH\Views\cadastrados.php on line 142.
 1 APPPATH\Views\cadastrados.php(142): CodeIgniter\Debug\Exceptions->errorHandler(8, 'Undefined variable: organizadores', 'APPPATH\\Views\\cadastrados.php', 142, [...])
 2 SYSTEMPATH\View\View.php(213): include('APPPATH\\Views\\cadastrados.php')
 3 SYSTEMPATH\View\View.php(216): CodeIgniter\View\View->CodeIgniter\View\{closure}()
 4 SYSTEMPATH\Common.php(1142): CodeIgniter\View\View->render('cadastrados', [], true)
 5 APPPATH\Controllers\Main.php(77): view('cadastrados', [...])
 6 SYSTEMPATH\CodeIgniter.php(907): App\Controllers\Main->edit('1')
 7 SYSTEMPATH\CodeIgniter.php(457): CodeIgniter\CodeIgniter->runController(Object(App\Controllers\Main))
 8 SYSTEMPATH\CodeIgniter.php(340): CodeIgniter\CodeIgniter->handleRequest(null, Object(Config\Cache), false)
 9 FCPATH\index.php(67): CodeIgniter\CodeIgniter->run()
