CRITICAL - 2022-11-22 13:52:54 --> mail(): Failed to connect to mailserver at &quot;localhost&quot; port 25, verify your &quot;SMTP&quot; and &quot;smtp_port&quot; setting in php.ini or use ini_set()
in APPPATH\Views\usuarios_view.php on line 10.
 1 [internal function]: CodeIgniter\Debug\Exceptions->errorHandler(2, 'mail(): Failed to connect to mailserver at &quot;localhost&quot; port 25, verify your &quot;SMTP&quot; and &quot;smtp_port&quot; setting in php.ini or use ini_set()', 'APPPATH\\Views\\usuarios_view.php', 10, [...])
 2 APPPATH\Views\usuarios_view.php(10): mail('drivedoprojetosoc@gmail.com', 'Mensagem de ', 'mensagem')
 3 SYSTEMPATH\View\View.php(213): include('APPPATH\\Views\\usuarios_view.php')
 4 SYSTEMPATH\View\View.php(216): CodeIgniter\View\View->CodeIgniter\View\{closure}()
 5 SYSTEMPATH\Common.php(1142): CodeIgniter\View\View->render('usuarios_view', [], true)
 6 APPPATH\Controllers\Product.php(560): view('usuarios_view', [...])
 7 SYSTEMPATH\CodeIgniter.php(907): App\Controllers\Product->usuarios()
 8 SYSTEMPATH\CodeIgniter.php(457): CodeIgniter\CodeIgniter->runController(Object(App\Controllers\Product))
 9 SYSTEMPATH\CodeIgniter.php(340): CodeIgniter\CodeIgniter->handleRequest(null, Object(Config\Cache), false)
10 FCPATH\index.php(67): CodeIgniter\CodeIgniter->run()
CRITICAL - 2022-11-22 13:53:46 --> mail(): Failed to connect to mailserver at &quot;localhost&quot; port 25, verify your &quot;SMTP&quot; and &quot;smtp_port&quot; setting in php.ini or use ini_set()
in APPPATH\Views\usuarios_view.php on line 10.
 1 [internal function]: CodeIgniter\Debug\Exceptions->errorHandler(2, 'mail(): Failed to connect to mailserver at &quot;localhost&quot; port 25, verify your &quot;SMTP&quot; and &quot;smtp_port&quot; setting in php.ini or use ini_set()', 'APPPATH\\Views\\usuarios_view.php', 10, [...])
 2 APPPATH\Views\usuarios_view.php(10): mail('drivedoprojetosoc@gmail.com', 'Mensagem de ', 'mensagem')
 3 SYSTEMPATH\View\View.php(213): include('APPPATH\\Views\\usuarios_view.php')
 4 SYSTEMPATH\View\View.php(216): CodeIgniter\View\View->CodeIgniter\View\{closure}()
 5 SYSTEMPATH\Common.php(1142): CodeIgniter\View\View->render('usuarios_view', [], true)
 6 APPPATH\Controllers\Product.php(560): view('usuarios_view', [...])
 7 SYSTEMPATH\CodeIgniter.php(907): App\Controllers\Product->usuarios()
 8 SYSTEMPATH\CodeIgniter.php(457): CodeIgniter\CodeIgniter->runController(Object(App\Controllers\Product))
 9 SYSTEMPATH\CodeIgniter.php(340): CodeIgniter\CodeIgniter->handleRequest(null, Object(Config\Cache), false)
10 FCPATH\index.php(67): CodeIgniter\CodeIgniter->run()
CRITICAL - 2022-11-22 13:53:48 --> mail(): Failed to connect to mailserver at &quot;localhost&quot; port 25, verify your &quot;SMTP&quot; and &quot;smtp_port&quot; setting in php.ini or use ini_set()
in APPPATH\Views\usuarios_view.php on line 10.
 1 [internal function]: CodeIgniter\Debug\Exceptions->errorHandler(2, 'mail(): Failed to connect to mailserver at &quot;localhost&quot; port 25, verify your &quot;SMTP&quot; and &quot;smtp_port&quot; setting in php.ini or use ini_set()', 'APPPATH\\Views\\usuarios_view.php', 10, [...])
 2 APPPATH\Views\usuarios_view.php(10): mail('drivedoprojetosoc@gmail.com', 'Mensagem de ', 'mensagem')
 3 SYSTEMPATH\View\View.php(213): include('APPPATH\\Views\\usuarios_view.php')
 4 SYSTEMPATH\View\View.php(216): CodeIgniter\View\View->CodeIgniter\View\{closure}()
 5 SYSTEMPATH\Common.php(1142): CodeIgniter\View\View->render('usuarios_view', [], true)
 6 APPPATH\Controllers\Product.php(560): view('usuarios_view', [...])
 7 SYSTEMPATH\CodeIgniter.php(907): App\Controllers\Product->usuarios()
 8 SYSTEMPATH\CodeIgniter.php(457): CodeIgniter\CodeIgniter->runController(Object(App\Controllers\Product))
 9 SYSTEMPATH\CodeIgniter.php(340): CodeIgniter\CodeIgniter->handleRequest(null, Object(Config\Cache), false)
10 FCPATH\index.php(67): CodeIgniter\CodeIgniter->run()
CRITICAL - 2022-11-22 14:40:38 --> mail(): Failed to connect to mailserver at &quot;localhost&quot; port 25, verify your &quot;SMTP&quot; and &quot;smtp_port&quot; setting in php.ini or use ini_set()
in APPPATH\Views\usuarios_view.php on line 10.
 1 [internal function]: CodeIgniter\Debug\Exceptions->errorHandler(2, 'mail(): Failed to connect to mailserver at &quot;localhost&quot; port 25, verify your &quot;SMTP&quot; and &quot;smtp_port&quot; setting in php.ini or use ini_set()', 'APPPATH\\Views\\usuarios_view.php', 10, [...])
 2 APPPATH\Views\usuarios_view.php(10): mail('drivedoprojetosoc@gmail.com', 'Mensagem de ', 'mensagem')
 3 SYSTEMPATH\View\View.php(213): include('APPPATH\\Views\\usuarios_view.php')
 4 SYSTEMPATH\View\View.php(216): CodeIgniter\View\View->CodeIgniter\View\{closure}()
 5 SYSTEMPATH\Common.php(1142): CodeIgniter\View\View->render('usuarios_view', [], true)
 6 APPPATH\Controllers\Product.php(560): view('usuarios_view', [...])
 7 SYSTEMPATH\CodeIgniter.php(907): App\Controllers\Product->usuarios()
 8 SYSTEMPATH\CodeIgniter.php(457): CodeIgniter\CodeIgniter->runController(Object(App\Controllers\Product))
 9 SYSTEMPATH\CodeIgniter.php(340): CodeIgniter\CodeIgniter->handleRequest(null, Object(Config\Cache), false)
10 FCPATH\index.php(67): CodeIgniter\CodeIgniter->run()
