CRITICAL - 2022-10-26 08:43:35 --> Call to undefined function form_open()
in APPPATH\Views\login.php on line 32.
 1 SYSTEMPATH\View\View.php(213): include()
 2 SYSTEMPATH\View\View.php(216): CodeIgniter\View\View->CodeIgniter\View\{closure}()
 3 SYSTEMPATH\Common.php(1142): CodeIgniter\View\View->render('login', [], true)
 4 APPPATH\Controllers\Product.php(94): view('login')
 5 SYSTEMPATH\CodeIgniter.php(907): App\Controllers\Product->login()
 6 SYSTEMPATH\CodeIgniter.php(457): CodeIgniter\CodeIgniter->runController(Object(App\Controllers\Product))
 7 SYSTEMPATH\CodeIgniter.php(340): CodeIgniter\CodeIgniter->handleRequest(null, Object(Config\Cache), false)
 8 FCPATH\index.php(67): CodeIgniter\CodeIgniter->run()
CRITICAL - 2022-10-26 08:45:20 --> Call to undefined function form_open()
in APPPATH\Views\login.php on line 32.
 1 SYSTEMPATH\View\View.php(213): include()
 2 SYSTEMPATH\View\View.php(216): CodeIgniter\View\View->CodeIgniter\View\{closure}()
 3 SYSTEMPATH\Common.php(1142): CodeIgniter\View\View->render('login', [], true)
 4 APPPATH\Controllers\Product.php(94): view('login')
 5 SYSTEMPATH\CodeIgniter.php(907): App\Controllers\Product->login()
 6 SYSTEMPATH\CodeIgniter.php(457): CodeIgniter\CodeIgniter->runController(Object(App\Controllers\Product))
 7 SYSTEMPATH\CodeIgniter.php(340): CodeIgniter\CodeIgniter->handleRequest(null, Object(Config\Cache), false)
 8 FCPATH\index.php(67): CodeIgniter\CodeIgniter->run()
CRITICAL - 2022-10-26 08:45:24 --> Call to undefined function form_open()
in APPPATH\Views\login.php on line 32.
 1 SYSTEMPATH\View\View.php(213): include()
 2 SYSTEMPATH\View\View.php(216): CodeIgniter\View\View->CodeIgniter\View\{closure}()
 3 SYSTEMPATH\Common.php(1142): CodeIgniter\View\View->render('login', [], true)
 4 APPPATH\Controllers\Product.php(94): view('login')
 5 SYSTEMPATH\CodeIgniter.php(907): App\Controllers\Product->login()
 6 SYSTEMPATH\CodeIgniter.php(457): CodeIgniter\CodeIgniter->runController(Object(App\Controllers\Product))
 7 SYSTEMPATH\CodeIgniter.php(340): CodeIgniter\CodeIgniter->handleRequest(null, Object(Config\Cache), false)
 8 FCPATH\index.php(67): CodeIgniter\CodeIgniter->run()
CRITICAL - 2022-10-26 13:23:23 --> strpos(): Offset not contained in string
in SYSTEMPATH\Validation\Validation.php on line 807.
 1 [internal function]: CodeIgniter\Debug\Exceptions->errorHandler(2, 'strpos(): Offset not contained in string', 'SYSTEMPATH\\Validation\\Validation.php', 807, [...])
 2 SYSTEMPATH\Validation\Validation.php(807): strpos('required|is_unique[administradores.nome,id,{id}', '|', 48)
 3 SYSTEMPATH\Validation\Validation.php(145): CodeIgniter\Validation\Validation->splitRules([...])
 4 SYSTEMPATH\Controller.php(140): CodeIgniter\Validation\Validation->run()
 5 APPPATH\Controllers\Product.php(118): CodeIgniter\Controller->validate([...])
 6 SYSTEMPATH\CodeIgniter.php(907): App\Controllers\Product->submissao()
 7 SYSTEMPATH\CodeIgniter.php(457): CodeIgniter\CodeIgniter->runController(Object(App\Controllers\Product))
 8 SYSTEMPATH\CodeIgniter.php(340): CodeIgniter\CodeIgniter->handleRequest(null, Object(Config\Cache), false)
 9 FCPATH\index.php(67): CodeIgniter\CodeIgniter->run()
CRITICAL - 2022-10-26 13:23:47 --> strpos(): Offset not contained in string
in SYSTEMPATH\Validation\Validation.php on line 807.
 1 [internal function]: CodeIgniter\Debug\Exceptions->errorHandler(2, 'strpos(): Offset not contained in string', 'SYSTEMPATH\\Validation\\Validation.php', 807, [...])
 2 SYSTEMPATH\Validation\Validation.php(807): strpos('required|is_unique[administradores.nome,id,{id}', '|', 48)
 3 SYSTEMPATH\Validation\Validation.php(145): CodeIgniter\Validation\Validation->splitRules([...])
 4 SYSTEMPATH\Controller.php(140): CodeIgniter\Validation\Validation->run()
 5 APPPATH\Controllers\Product.php(118): CodeIgniter\Controller->validate([...])
 6 SYSTEMPATH\CodeIgniter.php(907): App\Controllers\Product->submissao()
 7 SYSTEMPATH\CodeIgniter.php(457): CodeIgniter\CodeIgniter->runController(Object(App\Controllers\Product))
 8 SYSTEMPATH\CodeIgniter.php(340): CodeIgniter\CodeIgniter->handleRequest(null, Object(Config\Cache), false)
 9 FCPATH\index.php(67): CodeIgniter\CodeIgniter->run()
CRITICAL - 2022-10-26 13:24:39 --> strpos(): Offset not contained in string
in SYSTEMPATH\Validation\Validation.php on line 807.
 1 [internal function]: CodeIgniter\Debug\Exceptions->errorHandler(2, 'strpos(): Offset not contained in string', 'SYSTEMPATH\\Validation\\Validation.php', 807, [...])
 2 SYSTEMPATH\Validation\Validation.php(807): strpos('required|is_unique[administradores.nome,id,{id}', '|', 48)
 3 SYSTEMPATH\Validation\Validation.php(145): CodeIgniter\Validation\Validation->splitRules([...])
 4 SYSTEMPATH\Controller.php(140): CodeIgniter\Validation\Validation->run()
 5 APPPATH\Controllers\Product.php(122): CodeIgniter\Controller->validate([...])
 6 SYSTEMPATH\CodeIgniter.php(907): App\Controllers\Product->submissao()
 7 SYSTEMPATH\CodeIgniter.php(457): CodeIgniter\CodeIgniter->runController(Object(App\Controllers\Product))
 8 SYSTEMPATH\CodeIgniter.php(340): CodeIgniter\CodeIgniter->handleRequest(null, Object(Config\Cache), false)
 9 FCPATH\index.php(67): CodeIgniter\CodeIgniter->run()
CRITICAL - 2022-10-26 14:40:54 --> Class 'App\Models\AdmModel' not found
in APPPATH\Controllers\Product.php on line 111.
 1 SYSTEMPATH\CodeIgniter.php(907): App\Controllers\Product->auth()
 2 SYSTEMPATH\CodeIgniter.php(457): CodeIgniter\CodeIgniter->runController(Object(App\Controllers\Product))
 3 SYSTEMPATH\CodeIgniter.php(340): CodeIgniter\CodeIgniter->handleRequest(null, Object(Config\Cache), false)
 4 FCPATH\index.php(67): CodeIgniter\CodeIgniter->run()
CRITICAL - 2022-10-26 16:23:34 --> Undefined variable: session
in APPPATH\Views\home.php on line 18.
 1 APPPATH\Views\home.php(18): CodeIgniter\Debug\Exceptions->errorHandler(8, 'Undefined variable: session', 'APPPATH\\Views\\home.php', 18, [])
 2 SYSTEMPATH\View\View.php(213): include('APPPATH\\Views\\home.php')
 3 SYSTEMPATH\View\View.php(216): CodeIgniter\View\View->CodeIgniter\View\{closure}()
 4 SYSTEMPATH\Common.php(1142): CodeIgniter\View\View->render('home', [], true)
 5 APPPATH\Controllers\Product.php(189): view('home')
 6 SYSTEMPATH\CodeIgniter.php(907): App\Controllers\Product->home()
 7 SYSTEMPATH\CodeIgniter.php(457): CodeIgniter\CodeIgniter->runController(Object(App\Controllers\Product))
 8 SYSTEMPATH\CodeIgniter.php(340): CodeIgniter\CodeIgniter->handleRequest(null, Object(Config\Cache), false)
 9 FCPATH\index.php(67): CodeIgniter\CodeIgniter->run()
CRITICAL - 2022-10-26 16:23:40 --> Undefined variable: session
in APPPATH\Views\home.php on line 18.
 1 APPPATH\Views\home.php(18): CodeIgniter\Debug\Exceptions->errorHandler(8, 'Undefined variable: session', 'APPPATH\\Views\\home.php', 18, [])
 2 SYSTEMPATH\View\View.php(213): include('APPPATH\\Views\\home.php')
 3 SYSTEMPATH\View\View.php(216): CodeIgniter\View\View->CodeIgniter\View\{closure}()
 4 SYSTEMPATH\Common.php(1142): CodeIgniter\View\View->render('home', [], true)
 5 APPPATH\Controllers\Product.php(189): view('home')
 6 SYSTEMPATH\CodeIgniter.php(907): App\Controllers\Product->home()
 7 SYSTEMPATH\CodeIgniter.php(457): CodeIgniter\CodeIgniter->runController(Object(App\Controllers\Product))
 8 SYSTEMPATH\CodeIgniter.php(340): CodeIgniter\CodeIgniter->handleRequest(null, Object(Config\Cache), false)
 9 FCPATH\index.php(67): CodeIgniter\CodeIgniter->run()
CRITICAL - 2022-10-26 16:24:38 --> Undefined variable: session
in APPPATH\Views\home.php on line 18.
 1 APPPATH\Views\home.php(18): CodeIgniter\Debug\Exceptions->errorHandler(8, 'Undefined variable: session', 'APPPATH\\Views\\home.php', 18, [])
 2 SYSTEMPATH\View\View.php(213): include('APPPATH\\Views\\home.php')
 3 SYSTEMPATH\View\View.php(216): CodeIgniter\View\View->CodeIgniter\View\{closure}()
 4 SYSTEMPATH\Common.php(1142): CodeIgniter\View\View->render('home', [], true)
 5 APPPATH\Controllers\Product.php(189): view('home')
 6 SYSTEMPATH\CodeIgniter.php(907): App\Controllers\Product->home()
 7 SYSTEMPATH\CodeIgniter.php(457): CodeIgniter\CodeIgniter->runController(Object(App\Controllers\Product))
 8 SYSTEMPATH\CodeIgniter.php(340): CodeIgniter\CodeIgniter->handleRequest(null, Object(Config\Cache), false)
 9 FCPATH\index.php(67): CodeIgniter\CodeIgniter->run()
CRITICAL - 2022-10-26 16:26:35 --> Undefined variable: session
in APPPATH\Views\home.php on line 18.
 1 APPPATH\Views\home.php(18): CodeIgniter\Debug\Exceptions->errorHandler(8, 'Undefined variable: session', 'APPPATH\\Views\\home.php', 18, [])
 2 SYSTEMPATH\View\View.php(213): include('APPPATH\\Views\\home.php')
 3 SYSTEMPATH\View\View.php(216): CodeIgniter\View\View->CodeIgniter\View\{closure}()
 4 SYSTEMPATH\Common.php(1142): CodeIgniter\View\View->render('home', [], true)
 5 APPPATH\Controllers\Product.php(189): view('home')
 6 SYSTEMPATH\CodeIgniter.php(907): App\Controllers\Product->home()
 7 SYSTEMPATH\CodeIgniter.php(457): CodeIgniter\CodeIgniter->runController(Object(App\Controllers\Product))
 8 SYSTEMPATH\CodeIgniter.php(340): CodeIgniter\CodeIgniter->handleRequest(null, Object(Config\Cache), false)
 9 FCPATH\index.php(67): CodeIgniter\CodeIgniter->run()
CRITICAL - 2022-10-26 16:26:54 --> Undefined variable: session
in APPPATH\Views\home.php on line 18.
 1 APPPATH\Views\home.php(18): CodeIgniter\Debug\Exceptions->errorHandler(8, 'Undefined variable: session', 'APPPATH\\Views\\home.php', 18, [])
 2 SYSTEMPATH\View\View.php(213): include('APPPATH\\Views\\home.php')
 3 SYSTEMPATH\View\View.php(216): CodeIgniter\View\View->CodeIgniter\View\{closure}()
 4 SYSTEMPATH\Common.php(1142): CodeIgniter\View\View->render('home', [], true)
 5 APPPATH\Controllers\Product.php(189): view('home')
 6 SYSTEMPATH\CodeIgniter.php(907): App\Controllers\Product->home()
 7 SYSTEMPATH\CodeIgniter.php(457): CodeIgniter\CodeIgniter->runController(Object(App\Controllers\Product))
 8 SYSTEMPATH\CodeIgniter.php(340): CodeIgniter\CodeIgniter->handleRequest(null, Object(Config\Cache), false)
 9 FCPATH\index.php(67): CodeIgniter\CodeIgniter->run()
CRITICAL - 2022-10-26 16:29:53 --> Undefined variable: session
in APPPATH\Views\home.php on line 18.
 1 APPPATH\Views\home.php(18): CodeIgniter\Debug\Exceptions->errorHandler(8, 'Undefined variable: session', 'APPPATH\\Views\\home.php', 18, [])
 2 SYSTEMPATH\View\View.php(213): include('APPPATH\\Views\\home.php')
 3 SYSTEMPATH\View\View.php(216): CodeIgniter\View\View->CodeIgniter\View\{closure}()
 4 SYSTEMPATH\Common.php(1142): CodeIgniter\View\View->render('home', [], true)
 5 APPPATH\Controllers\Product.php(191): view('home')
 6 SYSTEMPATH\CodeIgniter.php(907): App\Controllers\Product->home()
 7 SYSTEMPATH\CodeIgniter.php(457): CodeIgniter\CodeIgniter->runController(Object(App\Controllers\Product))
 8 SYSTEMPATH\CodeIgniter.php(340): CodeIgniter\CodeIgniter->handleRequest(null, Object(Config\Cache), false)
 9 FCPATH\index.php(67): CodeIgniter\CodeIgniter->run()
CRITICAL - 2022-10-26 16:30:27 --> Undefined variable: admin
in APPPATH\Views\home.php on line 18.
 1 APPPATH\Views\home.php(18): CodeIgniter\Debug\Exceptions->errorHandler(8, 'Undefined variable: admin', 'APPPATH\\Views\\home.php', 18, [])
 2 SYSTEMPATH\View\View.php(213): include('APPPATH\\Views\\home.php')
 3 SYSTEMPATH\View\View.php(216): CodeIgniter\View\View->CodeIgniter\View\{closure}()
 4 SYSTEMPATH\Common.php(1142): CodeIgniter\View\View->render('home', [], true)
 5 APPPATH\Controllers\Product.php(191): view('home')
 6 SYSTEMPATH\CodeIgniter.php(907): App\Controllers\Product->home()
 7 SYSTEMPATH\CodeIgniter.php(457): CodeIgniter\CodeIgniter->runController(Object(App\Controllers\Product))
 8 SYSTEMPATH\CodeIgniter.php(340): CodeIgniter\CodeIgniter->handleRequest(null, Object(Config\Cache), false)
 9 FCPATH\index.php(67): CodeIgniter\CodeIgniter->run()
CRITICAL - 2022-10-26 16:31:08 --> Argument 2 passed to view() must be of the type array, string given, called in C:\xampp\htdocs\projeto_soc\app\Controllers\Product.php on line 191
in SYSTEMPATH\Common.php on line 1128.
 1 APPPATH\Controllers\Product.php(191): view('home', 'Gustavo')
 2 SYSTEMPATH\CodeIgniter.php(907): App\Controllers\Product->home()
 3 SYSTEMPATH\CodeIgniter.php(457): CodeIgniter\CodeIgniter->runController(Object(App\Controllers\Product))
 4 SYSTEMPATH\CodeIgniter.php(340): CodeIgniter\CodeIgniter->handleRequest(null, Object(Config\Cache), false)
 5 FCPATH\index.php(67): CodeIgniter\CodeIgniter->run()
CRITICAL - 2022-10-26 16:34:55 --> Undefined variable: admin
in APPPATH\Views\home.php on line 18.
 1 APPPATH\Views\home.php(18): CodeIgniter\Debug\Exceptions->errorHandler(8, 'Undefined variable: admin', 'APPPATH\\Views\\home.php', 18, [])
 2 SYSTEMPATH\View\View.php(213): include('APPPATH\\Views\\home.php')
 3 SYSTEMPATH\View\View.php(216): CodeIgniter\View\View->CodeIgniter\View\{closure}()
 4 SYSTEMPATH\Common.php(1142): CodeIgniter\View\View->render('home', [], true)
 5 APPPATH\Controllers\Main.php(119): view('home')
 6 SYSTEMPATH\CodeIgniter.php(907): App\Controllers\Main->home()
 7 SYSTEMPATH\CodeIgniter.php(457): CodeIgniter\CodeIgniter->runController(Object(App\Controllers\Main))
 8 SYSTEMPATH\CodeIgniter.php(340): CodeIgniter\CodeIgniter->handleRequest(null, Object(Config\Cache), false)
 9 FCPATH\index.php(67): CodeIgniter\CodeIgniter->run()
CRITICAL - 2022-10-26 16:35:03 --> Undefined variable: admin
in APPPATH\Views\home.php on line 18.
 1 APPPATH\Views\home.php(18): CodeIgniter\Debug\Exceptions->errorHandler(8, 'Undefined variable: admin', 'APPPATH\\Views\\home.php', 18, [])
 2 SYSTEMPATH\View\View.php(213): include('APPPATH\\Views\\home.php')
 3 SYSTEMPATH\View\View.php(216): CodeIgniter\View\View->CodeIgniter\View\{closure}()
 4 SYSTEMPATH\Common.php(1142): CodeIgniter\View\View->render('home', [], true)
 5 APPPATH\Controllers\Main.php(119): view('home')
 6 SYSTEMPATH\CodeIgniter.php(907): App\Controllers\Main->home()
 7 SYSTEMPATH\CodeIgniter.php(457): CodeIgniter\CodeIgniter->runController(Object(App\Controllers\Main))
 8 SYSTEMPATH\CodeIgniter.php(340): CodeIgniter\CodeIgniter->handleRequest(null, Object(Config\Cache), false)
 9 FCPATH\index.php(67): CodeIgniter\CodeIgniter->run()
CRITICAL - 2022-10-26 16:36:31 --> Undefined variable: admin
in APPPATH\Views\home.php on line 18.
 1 APPPATH\Views\home.php(18): CodeIgniter\Debug\Exceptions->errorHandler(8, 'Undefined variable: admin', 'APPPATH\\Views\\home.php', 18, [])
 2 SYSTEMPATH\View\View.php(213): include('APPPATH\\Views\\home.php')
 3 SYSTEMPATH\View\View.php(216): CodeIgniter\View\View->CodeIgniter\View\{closure}()
 4 SYSTEMPATH\Common.php(1142): CodeIgniter\View\View->render('home', [], true)
 5 APPPATH\Controllers\Main.php(119): view('home')
 6 SYSTEMPATH\CodeIgniter.php(907): App\Controllers\Main->home()
 7 SYSTEMPATH\CodeIgniter.php(457): CodeIgniter\CodeIgniter->runController(Object(App\Controllers\Main))
 8 SYSTEMPATH\CodeIgniter.php(340): CodeIgniter\CodeIgniter->handleRequest(null, Object(Config\Cache), false)
 9 FCPATH\index.php(67): CodeIgniter\CodeIgniter->run()
CRITICAL - 2022-10-26 16:39:46 --> Undefined variable: admin
in APPPATH\Views\home.php on line 18.
 1 APPPATH\Views\home.php(18): CodeIgniter\Debug\Exceptions->errorHandler(8, 'Undefined variable: admin', 'APPPATH\\Views\\home.php', 18, [])
 2 SYSTEMPATH\View\View.php(213): include('APPPATH\\Views\\home.php')
 3 SYSTEMPATH\View\View.php(216): CodeIgniter\View\View->CodeIgniter\View\{closure}()
 4 SYSTEMPATH\Common.php(1142): CodeIgniter\View\View->render('home', [], true)
 5 APPPATH\Controllers\Main.php(119): view('home')
 6 SYSTEMPATH\CodeIgniter.php(907): App\Controllers\Main->home()
 7 SYSTEMPATH\CodeIgniter.php(457): CodeIgniter\CodeIgniter->runController(Object(App\Controllers\Main))
 8 SYSTEMPATH\CodeIgniter.php(340): CodeIgniter\CodeIgniter->handleRequest(null, Object(Config\Cache), false)
 9 FCPATH\index.php(67): CodeIgniter\CodeIgniter->run()
CRITICAL - 2022-10-26 16:43:27 --> Undefined variable: admin
in APPPATH\Views\home.php on line 18.
 1 APPPATH\Views\home.php(18): CodeIgniter\Debug\Exceptions->errorHandler(8, 'Undefined variable: admin', 'APPPATH\\Views\\home.php', 18, [])
 2 SYSTEMPATH\View\View.php(213): include('APPPATH\\Views\\home.php')
 3 SYSTEMPATH\View\View.php(216): CodeIgniter\View\View->CodeIgniter\View\{closure}()
 4 SYSTEMPATH\Common.php(1142): CodeIgniter\View\View->render('home', [], true)
 5 APPPATH\Controllers\Main.php(119): view('home')
 6 SYSTEMPATH\CodeIgniter.php(907): App\Controllers\Main->home()
 7 SYSTEMPATH\CodeIgniter.php(457): CodeIgniter\CodeIgniter->runController(Object(App\Controllers\Main))
 8 SYSTEMPATH\CodeIgniter.php(340): CodeIgniter\CodeIgniter->handleRequest(null, Object(Config\Cache), false)
 9 FCPATH\index.php(67): CodeIgniter\CodeIgniter->run()
